SF:/Users/poile/repos/actualai/actual-cli/.worktrees/2u6.4/src/analysis/cache.rs
FN:31,_RNvNtNtCs14eHuuW48ek_10actual_cli8analysis5cache12get_git_head
FN:14,_RNvNtNtCs14eHuuW48ek_10actual_cli8analysis5cache21parse_git_head_output
FN:48,_RINvNtNtCs14eHuuW48ek_10actual_cli8analysis5cache19run_analysis_cachedNtNtNtB6_6claude10subprocess15CliClaudeRunnerEB6_
FN:53,_RNCINvNtNtCs14eHuuW48ek_10actual_cli8analysis5cache19run_analysis_cachedNtNtNtB8_6claude10subprocess15CliClaudeRunnerE0B8_
FN:152,_RINvXs_NtNtNtCs23MeGd5xNbL_10actual_cli8analysis5cache5testsNtB5_10MockRunnerNtNtNtBb_6claude10subprocess12ClaudeRunner3runNtNtB9_5types12RepoAnalysisEBb_
FN:155,_RNCINvXs_NtNtNtCs23MeGd5xNbL_10actual_cli8analysis5cache5testsNtB7_10MockRunnerNtNtNtBd_6claude10subprocess12ClaudeRunner3runNtNtBb_5types12RepoAnalysisE0Bd_
FN:132,_RNCNvMNtNtNtCs23MeGd5xNbL_10actual_cli8analysis5cache5testsNtB4_10MockRunner9from_json0Ba_
FN:239,_RNCNvNtNtNtCs23MeGd5xNbL_10actual_cli8analysis5cache5tests19fake_output_success0B9_
FN:224,_RNCNvNtNtNtCs23MeGd5xNbL_10actual_cli8analysis5cache5tests23write_config_with_cache0B9_
FN:388,_RNCNvNtNtNtCs23MeGd5xNbL_10actual_cli8analysis5cache5testss_33test_cache_miss_no_previous_cache0B9_
FN:415,_RNCNvNtNtNtCs23MeGd5xNbL_10actual_cli8analysis5cache5testss_33test_cache_miss_repo_path_differs0B9_
FN:449,_RNCNvNtNtNtCs23MeGd5xNbL_10actual_cli8analysis5cache5testss_36test_corrupted_cache_reruns_analysis0B9_
FN:367,_RNCNvNtNtNtCs23MeGd5xNbL_10actual_cli8analysis5cache5testss_36test_no_git_repo_always_calls_runner0B9_
FN:530,_RNCNvNtNtNtCs23MeGd5xNbL_10actual_cli8analysis5cache5testss_37test_cache_miss_save_error_propagates0B9_
FN:508,_RNCNvNtNtNtCs23MeGd5xNbL_10actual_cli8analysis5cache5testss_39test_cache_miss_runner_error_propagates0B9_
FN:487,_RNCNvNtNtNtCs23MeGd5xNbL_10actual_cli8analysis5cache5testss_44test_cache_miss_config_load_error_propagates0B9_
FN:302,_RNCNvNtNtNtCs23MeGd5xNbL_10actual_cli8analysis5cache5testss_52test_cache_hit_returns_cached_without_calling_runner0B9_
FN:333,_RNCNvNtNtNtCs23MeGd5xNbL_10actual_cli8analysis5cache5testss_52test_cache_miss_head_differs_calls_runner_and_caches0B9_
FN:31,_RNvNtNtCs23MeGd5xNbL_10actual_cli8analysis5cache12get_git_head
FN:14,_RNvNtNtCs23MeGd5xNbL_10actual_cli8analysis5cache21parse_git_head_output
FN:48,_RINvNtNtCs23MeGd5xNbL_10actual_cli8analysis5cache19run_analysis_cachedNtNtB2_5tests10MockRunnerEB6_
FN:48,_RINvNtNtCs23MeGd5xNbL_10actual_cli8analysis5cache19run_analysis_cachedNtNtNtB6_6claude10subprocess15CliClaudeRunnerEB6_
FN:48,_RINvNtNtCs23MeGd5xNbL_10actual_cli8analysis5cache19run_analysis_cachedNtNtNtNtNtB6_3cli8commands4sync5tests10MockRunnerEB6_
FN:53,_RNCINvNtNtCs23MeGd5xNbL_10actual_cli8analysis5cache19run_analysis_cachedNtNtB4_5tests10MockRunnerE0B8_
FN:53,_RNCINvNtNtCs23MeGd5xNbL_10actual_cli8analysis5cache19run_analysis_cachedNtNtNtB8_6claude10subprocess15CliClaudeRunnerE0B8_
FN:53,_RNCINvNtNtCs23MeGd5xNbL_10actual_cli8analysis5cache19run_analysis_cachedNtNtNtNtNtB8_3cli8commands4sync5tests10MockRunnerE0B8_
FN:139,_RNvMNtNtNtCs23MeGd5xNbL_10actual_cli8analysis5cache5testsNtB2_10MockRunner10from_error
FN:146,_RNvMNtNtNtCs23MeGd5xNbL_10actual_cli8analysis5cache5testsNtB2_10MockRunner5calls
FN:127,_RNvMNtNtNtCs23MeGd5xNbL_10actual_cli8analysis5cache5testsNtB2_10MockRunner9from_json
FN:210,_RNvNtNtNtCs23MeGd5xNbL_10actual_cli8analysis5cache5tests14valid_analysis
FN:174,_RNvNtNtNtCs23MeGd5xNbL_10actual_cli8analysis5cache5tests15create_git_repo
FN:247,_RNvNtNtNtCs23MeGd5xNbL_10actual_cli8analysis5cache5tests19fake_output_failure
FN:236,_RNvNtNtNtCs23MeGd5xNbL_10actual_cli8analysis5cache5tests19fake_output_success
FN:215,_RNvNtNtNtCs23MeGd5xNbL_10actual_cli8analysis5cache5tests23write_config_with_cache
FN:388,_RNvNtNtNtCs23MeGd5xNbL_10actual_cli8analysis5cache5testss_33test_cache_miss_no_previous_cache
FN:415,_RNvNtNtNtCs23MeGd5xNbL_10actual_cli8analysis5cache5testss_33test_cache_miss_repo_path_differs
FN:252,_RNvNtNtNtCs23MeGd5xNbL_10actual_cli8analysis5cache5testss_34test_parse_git_head_output_success
FN:449,_RNvNtNtNtCs23MeGd5xNbL_10actual_cli8analysis5cache5testss_36test_corrupted_cache_reruns_analysis
FN:367,_RNvNtNtNtCs23MeGd5xNbL_10actual_cli8analysis5cache5testss_36test_no_git_repo_always_calls_runner
FN:530,_RNvNtNtNtCs23MeGd5xNbL_10actual_cli8analysis5cache5testss_37test_cache_miss_save_error_propagates
FN:508,_RNvNtNtNtCs23MeGd5xNbL_10actual_cli8analysis5cache5testss_39test_cache_miss_runner_error_propagates
FN:267,_RNvNtNtNtCs23MeGd5xNbL_10actual_cli8analysis5cache5testss_39test_parse_git_head_output_empty_stdout
FN:279,_RNvNtNtNtCs23MeGd5xNbL_10actual_cli8analysis5cache5testss_39test_parse_git_head_output_invalid_utf8
FN:261,_RNvNtNtNtCs23MeGd5xNbL_10actual_cli8analysis5cache5testss_41test_parse_git_head_output_failure_status
FN:273,_RNvNtNtNtCs23MeGd5xNbL_10actual_cli8analysis5cache5testss_42test_parse_git_head_output_whitespace_only
FN:285,_RNvNtNtNtCs23MeGd5xNbL_10actual_cli8analysis5cache5testss_43test_get_git_head_returns_hash_for_git_repo
FN:487,_RNvNtNtNtCs23MeGd5xNbL_10actual_cli8analysis5cache5testss_44test_cache_miss_config_load_error_propagates
FN:294,_RNvNtNtNtCs23MeGd5xNbL_10actual_cli8analysis5cache5testss_46test_get_git_head_returns_none_for_non_git_dir
FN:481,_RNvNtNtNtCs23MeGd5xNbL_10actual_cli8analysis5cache5testss_51test_get_git_head_returns_none_for_nonexistent_path
FN:302,_RNvNtNtNtCs23MeGd5xNbL_10actual_cli8analysis5cache5testss_52test_cache_hit_returns_cached_without_calling_runner
FN:333,_RNvNtNtNtCs23MeGd5xNbL_10actual_cli8analysis5cache5testss_52test_cache_miss_head_differs_calls_runner_and_caches
FNDA:66,_RNvNtNtCs14eHuuW48ek_10actual_cli8analysis5cache12get_git_head
FNDA:66,_RNvNtNtCs14eHuuW48ek_10actual_cli8analysis5cache21parse_git_head_output
FNDA:33,_RINvNtNtCs14eHuuW48ek_10actual_cli8analysis5cache19run_analysis_cachedNtNtNtB6_6claude10subprocess15CliClaudeRunnerEB6_
FNDA:33,_RNCINvNtNtCs14eHuuW48ek_10actual_cli8analysis5cache19run_analysis_cachedNtNtNtB8_6claude10subprocess15CliClaudeRunnerE0B8_
FNDA:7,_RINvXs_NtNtNtCs23MeGd5xNbL_10actual_cli8analysis5cache5testsNtB5_10MockRunnerNtNtNtBb_6claude10subprocess12ClaudeRunner3runNtNtB9_5types12RepoAnalysisEBb_
FNDA:7,_RNCINvXs_NtNtNtCs23MeGd5xNbL_10actual_cli8analysis5cache5testsNtB7_10MockRunnerNtNtNtBd_6claude10subprocess12ClaudeRunner3runNtNtBb_5types12RepoAnalysisE0Bd_
FNDA:8,_RNCNvMNtNtNtCs23MeGd5xNbL_10actual_cli8analysis5cache5testsNtB4_10MockRunner9from_json0Ba_
FNDA:4,_RNCNvNtNtNtCs23MeGd5xNbL_10actual_cli8analysis5cache5tests19fake_output_success0B9_
FNDA:4,_RNCNvNtNtNtCs23MeGd5xNbL_10actual_cli8analysis5cache5tests23write_config_with_cache0B9_
FNDA:1,_RNCNvNtNtNtCs23MeGd5xNbL_10actual_cli8analysis5cache5testss_33test_cache_miss_no_previous_cache0B9_
FNDA:1,_RNCNvNtNtNtCs23MeGd5xNbL_10actual_cli8analysis5cache5testss_33test_cache_miss_repo_path_differs0B9_
FNDA:1,_RNCNvNtNtNtCs23MeGd5xNbL_10actual_cli8analysis5cache5testss_36test_corrupted_cache_reruns_analysis0B9_
FNDA:1,_RNCNvNtNtNtCs23MeGd5xNbL_10actual_cli8analysis5cache5testss_36test_no_git_repo_always_calls_runner0B9_
FNDA:1,_RNCNvNtNtNtCs23MeGd5xNbL_10actual_cli8analysis5cache5testss_37test_cache_miss_save_error_propagates0B9_
FNDA:1,_RNCNvNtNtNtCs23MeGd5xNbL_10actual_cli8analysis5cache5testss_39test_cache_miss_runner_error_propagates0B9_
FNDA:1,_RNCNvNtNtNtCs23MeGd5xNbL_10actual_cli8analysis5cache5testss_44test_cache_miss_config_load_error_propagates0B9_
FNDA:1,_RNCNvNtNtNtCs23MeGd5xNbL_10actual_cli8analysis5cache5testss_52test_cache_hit_returns_cached_without_calling_runner0B9_
FNDA:1,_RNCNvNtNtNtCs23MeGd5xNbL_10actual_cli8analysis5cache5testss_52test_cache_miss_head_differs_calls_runner_and_caches0B9_
FNDA:47,_RNvNtNtCs23MeGd5xNbL_10actual_cli8analysis5cache12get_git_head
FNDA:51,_RNvNtNtCs23MeGd5xNbL_10actual_cli8analysis5cache21parse_git_head_output
FNDA:9,_RINvNtNtCs23MeGd5xNbL_10actual_cli8analysis5cache19run_analysis_cachedNtNtB2_5tests10MockRunnerEB6_
FNDA:0,_RINvNtNtCs23MeGd5xNbL_10actual_cli8analysis5cache19run_analysis_cachedNtNtNtB6_6claude10subprocess15CliClaudeRunnerEB6_
FNDA:17,_RINvNtNtCs23MeGd5xNbL_10actual_cli8analysis5cache19run_analysis_cachedNtNtNtNtNtB6_3cli8commands4sync5tests10MockRunnerEB6_
FNDA:9,_RNCINvNtNtCs23MeGd5xNbL_10actual_cli8analysis5cache19run_analysis_cachedNtNtB4_5tests10MockRunnerE0B8_
FNDA:0,_RNCINvNtNtCs23MeGd5xNbL_10actual_cli8analysis5cache19run_analysis_cachedNtNtNtB8_6claude10subprocess15CliClaudeRunnerE0B8_
FNDA:17,_RNCINvNtNtCs23MeGd5xNbL_10actual_cli8analysis5cache19run_analysis_cachedNtNtNtNtNtB8_3cli8commands4sync5tests10MockRunnerE0B8_
FNDA:1,_RNvMNtNtNtCs23MeGd5xNbL_10actual_cli8analysis5cache5testsNtB2_10MockRunner10from_error
FNDA:9,_RNvMNtNtNtCs23MeGd5xNbL_10actual_cli8analysis5cache5testsNtB2_10MockRunner5calls
FNDA:8,_RNvMNtNtNtCs23MeGd5xNbL_10actual_cli8analysis5cache5testsNtB2_10MockRunner9from_json
FNDA:3,_RNvNtNtNtCs23MeGd5xNbL_10actual_cli8analysis5cache5tests14valid_analysis
FNDA:9,_RNvNtNtNtCs23MeGd5xNbL_10actual_cli8analysis5cache5tests15create_git_repo
FNDA:1,_RNvNtNtNtCs23MeGd5xNbL_10actual_cli8analysis5cache5tests19fake_output_failure
FNDA:4,_RNvNtNtNtCs23MeGd5xNbL_10actual_cli8analysis5cache5tests19fake_output_success
FNDA:4,_RNvNtNtNtCs23MeGd5xNbL_10actual_cli8analysis5cache5tests23write_config_with_cache
FNDA:1,_RNvNtNtNtCs23MeGd5xNbL_10actual_cli8analysis5cache5testss_33test_cache_miss_no_previous_cache
FNDA:1,_RNvNtNtNtCs23MeGd5xNbL_10actual_cli8analysis5cache5testss_33test_cache_miss_repo_path_differs
FNDA:1,_RNvNtNtNtCs23MeGd5xNbL_10actual_cli8analysis5cache5testss_34test_parse_git_head_output_success
FNDA:1,_RNvNtNtNtCs23MeGd5xNbL_10actual_cli8analysis5cache5testss_36test_corrupted_cache_reruns_analysis
FNDA:1,_RNvNtNtNtCs23MeGd5xNbL_10actual_cli8analysis5cache5testss_36test_no_git_repo_always_calls_runner
FNDA:1,_RNvNtNtNtCs23MeGd5xNbL_10actual_cli8analysis5cache5testss_37test_cache_miss_save_error_propagates
FNDA:1,_RNvNtNtNtCs23MeGd5xNbL_10actual_cli8analysis5cache5testss_39test_cache_miss_runner_error_propagates
FNDA:1,_RNvNtNtNtCs23MeGd5xNbL_10actual_cli8analysis5cache5testss_39test_parse_git_head_output_empty_stdout
FNDA:1,_RNvNtNtNtCs23MeGd5xNbL_10actual_cli8analysis5cache5testss_39test_parse_git_head_output_invalid_utf8
FNDA:1,_RNvNtNtNtCs23MeGd5xNbL_10actual_cli8analysis5cache5testss_41test_parse_git_head_output_failure_status
FNDA:1,_RNvNtNtNtCs23MeGd5xNbL_10actual_cli8analysis5cache5testss_42test_parse_git_head_output_whitespace_only
FNDA:1,_RNvNtNtNtCs23MeGd5xNbL_10actual_cli8analysis5cache5testss_43test_get_git_head_returns_hash_for_git_repo
FNDA:1,_RNvNtNtNtCs23MeGd5xNbL_10actual_cli8analysis5cache5testss_44test_cache_miss_config_load_error_propagates
FNDA:1,_RNvNtNtNtCs23MeGd5xNbL_10actual_cli8analysis5cache5testss_46test_get_git_head_returns_none_for_non_git_dir
FNDA:1,_RNvNtNtNtCs23MeGd5xNbL_10actual_cli8analysis5cache5testss_51test_get_git_head_returns_none_for_nonexistent_path
FNDA:1,_RNvNtNtNtCs23MeGd5xNbL_10actual_cli8analysis5cache5testss_52test_cache_hit_returns_cached_without_calling_runner
FNDA:1,_RNvNtNtNtCs23MeGd5xNbL_10actual_cli8analysis5cache5testss_52test_cache_miss_head_differs_calls_runner_and_caches
FNF:43
FNH:43
DA:14,117
DA:15,117
DA:16,101
DA:17,16
DA:19,16
DA:20,15
DA:21,15
DA:22,2
DA:23,13
DA:24,13
DA:25,117
DA:31,113
DA:32,113
DA:33,113
DA:34,113
DA:35,113
DA:36,113
DA:38,112
DA:39,113
DA:48,59
DA:49,59
DA:50,59
DA:51,59
DA:52,59
DA:53,59
DA:54,59
DA:57,59
DA:58,9
DA:59,50
DA:62,9
DA:65,8
DA:66,4
DA:67,3
DA:70,2
DA:71,1
DA:72,1
DA:74,2
DA:75,4
DA:78,7
DA:81,6
DA:82,6
DA:83,6
DA:84,6
DA:85,6
DA:86,6
DA:87,6
DA:88,6
DA:90,5
DA:91,59
DA:127,8
DA:129,8
DA:130,8
DA:131,8
DA:132,8
DA:133,8
DA:135,8
DA:137,8
DA:139,1
DA:140,1
DA:141,1
DA:142,1
DA:143,1
DA:144,1
DA:146,9
DA:147,9
DA:148,9
DA:152,7
DA:153,7
DA:154,7
DA:155,7
DA:156,7
DA:157,7
DA:158,7
DA:159,7
DA:161,7
DA:162,6
DA:163,6
DA:164,6
DA:166,1
DA:168,7
DA:174,9
DA:175,9
DA:176,9
DA:177,9
DA:178,9
DA:179,9
DA:180,9
DA:181,9
DA:182,9
DA:183,9
DA:184,9
DA:185,9
DA:186,9
DA:187,9
DA:188,9
DA:189,9
DA:190,9
DA:191,9
DA:192,9
DA:193,9
DA:194,9
DA:195,9
DA:196,9
DA:197,9
DA:198,9
DA:199,9
DA:200,9
DA:201,9
DA:202,9
DA:203,9
DA:204,9
DA:205,9
DA:206,9
DA:207,9
DA:210,3
DA:211,3
DA:212,3
DA:215,4
DA:216,4
DA:217,4
DA:218,4
DA:219,4
DA:220,4
DA:221,4
DA:223,4
DA:224,4
DA:225,4
DA:226,4
DA:228,4
DA:230,4
DA:231,4
DA:236,4
DA:237,4
DA:238,4
DA:239,4
DA:240,4
DA:241,4
DA:242,4
DA:243,4
DA:244,4
DA:247,1
DA:248,1
DA:249,1
DA:252,1
DA:253,1
DA:254,1
DA:255,1
DA:256,1
DA:258,1
DA:261,1
DA:262,1
DA:263,1
DA:264,1
DA:267,1
DA:268,1
DA:269,1
DA:270,1
DA:273,1
DA:274,1
DA:275,1
DA:276,1
DA:279,1
DA:280,1
DA:281,1
DA:282,1
DA:285,1
DA:286,1
DA:287,1
DA:289,1
DA:290,1
DA:291,1
DA:294,1
DA:295,1
DA:297,1
DA:298,1
DA:299,1
DA:302,1
DA:303,1
DA:304,1
DA:306,1
DA:307,1
DA:310,1
DA:311,1
DA:312,1
DA:313,1
DA:314,1
DA:315,1
DA:316,1
DA:320,1
DA:322,1
DA:323,1
DA:324,1
DA:326,1
DA:327,1
DA:328,1
DA:329,1
DA:330,1
DA:333,1
DA:334,1
DA:335,1
DA:337,1
DA:338,1
DA:341,1
DA:342,1
DA:343,1
DA:344,1
DA:345,1
DA:346,1
DA:347,1
DA:350,1
DA:352,1
DA:353,1
DA:354,1
DA:356,1
DA:357,1
DA:360,1
DA:361,1
DA:362,1
DA:363,1
DA:364,1
DA:367,1
DA:368,1
DA:371,1
DA:372,1
DA:374,1
DA:376,1
DA:377,1
DA:378,1
DA:380,1
DA:381,1
DA:384,1
DA:385,1
DA:388,1
DA:389,1
DA:390,1
DA:392,1
DA:393,1
DA:396,1
DA:397,1
DA:399,1
DA:401,1
DA:402,1
DA:403,1
DA:405,1
DA:406,1
DA:409,1
DA:410,1
DA:411,1
DA:412,1
DA:415,1
DA:416,1
DA:417,1
DA:419,1
DA:420,1
DA:423,1
DA:424,1
DA:425,1
DA:426,1
DA:427,1
DA:428,1
DA:429,1
DA:430,1
DA:433,1
DA:435,1
DA:436,1
DA:437,1
DA:439,1
DA:440,1
DA:443,1
DA:444,1
DA:445,1
DA:446,1
DA:449,1
DA:450,1
DA:451,1
DA:453,1
DA:454,1
DA:457,1
DA:458,1
DA:459,1
DA:460,1
DA:461,1
DA:462,1
DA:465,1
DA:467,1
DA:468,1
DA:469,1
DA:471,1
DA:472,1
DA:475,1
DA:476,1
DA:477,1
DA:478,1
DA:481,1
DA:482,1
DA:483,1
DA:484,1
DA:487,1
DA:488,1
DA:489,1
DA:491,1
DA:492,1
DA:495,1
DA:497,1
DA:499,1
DA:500,1
DA:501,1
DA:503,1
DA:504,1
DA:505,1
DA:508,1
DA:509,1
DA:510,1
DA:512,1
DA:513,1
DA:515,1
DA:516,1
DA:517,1
DA:518,1
DA:520,1
DA:521,1
DA:522,1
DA:524,1
DA:525,1
DA:526,1
DA:530,1
DA:533,1
DA:534,1
DA:536,1
DA:537,1
DA:540,1
DA:541,1
DA:542,1
DA:543,1
DA:545,1
DA:547,1
DA:548,1
DA:549,1
DA:551,1
DA:552,1
DA:555,1
DA:556,1
DA:557,1
DA:558,1
BRF:0
BRH:0
LF:367
LH:367
end_of_record
SF:/Users/poile/repos/actualai/actual-cli/.worktrees/2u6.4/src/analysis/confirm.rs
FN:30,_RNvNtNtNtCs23MeGd5xNbL_10actual_cli8analysis7confirm5testss_17confirm_action_eq
FN:22,_RNvNtNtNtCs23MeGd5xNbL_10actual_cli8analysis7confirm5testss_19confirm_action_copy
FN:15,_RNvNtNtNtCs23MeGd5xNbL_10actual_cli8analysis7confirm5testss_20confirm_action_clone
FN:37,_RNvNtNtNtCs23MeGd5xNbL_10actual_cli8analysis7confirm5testss_20confirm_action_debug
FNDA:1,_RNvNtNtNtCs23MeGd5xNbL_10actual_cli8analysis7confirm5testss_17confirm_action_eq
FNDA:1,_RNvNtNtNtCs23MeGd5xNbL_10actual_cli8analysis7confirm5testss_19confirm_action_copy
FNDA:1,_RNvNtNtNtCs23MeGd5xNbL_10actual_cli8analysis7confirm5testss_20confirm_action_clone
FNDA:1,_RNvNtNtNtCs23MeGd5xNbL_10actual_cli8analysis7confirm5testss_20confirm_action_debug
FNF:4
FNH:4
DA:15,1
DA:16,1
DA:17,1
DA:18,1
DA:19,1
DA:22,1
DA:23,1
DA:24,1
DA:26,1
DA:27,1
DA:30,1
DA:31,1
DA:32,1
DA:33,1
DA:34,1
DA:37,1
DA:38,1
DA:39,1
DA:40,1
BRF:0
BRH:0
LF:19
LH:19
end_of_record
SF:/Users/poile/repos/actualai/actual-cli/.worktrees/2u6.4/src/analysis/orchestrate.rs
FN:56,_RNvNtNtCs14eHuuW48ek_10actual_cli8analysis11orchestrate15relative_or_dot
FN:70,_RNvNtNtCs14eHuuW48ek_10actual_cli8analysis11orchestrate18normalize_analysis
FN:19,_RNvNtNtCs14eHuuW48ek_10actual_cli8analysis11orchestrate22normalize_project_path
FN:83,_RINvNtNtCs14eHuuW48ek_10actual_cli8analysis11orchestrate12run_analysisNtNtNtB6_6claude10subprocess15CliClaudeRunnerEB6_
FN:87,_RNCINvNtNtCs14eHuuW48ek_10actual_cli8analysis11orchestrate12run_analysisNtNtNtB8_6claude10subprocess15CliClaudeRunnerE0B8_
FN:83,_RINvNtNtCs23MeGd5xNbL_10actual_cli8analysis11orchestrate12run_analysisNtNtB2_5tests10MockRunnerEB6_
FN:83,_RINvNtNtCs23MeGd5xNbL_10actual_cli8analysis11orchestrate12run_analysisNtNtNtB4_5cache5tests10MockRunnerEB6_
FN:83,_RINvNtNtCs23MeGd5xNbL_10actual_cli8analysis11orchestrate12run_analysisNtNtNtB6_6claude10subprocess15CliClaudeRunnerEB6_
FN:83,_RINvNtNtCs23MeGd5xNbL_10actual_cli8analysis11orchestrate12run_analysisNtNtNtNtNtB6_3cli8commands4sync5tests10MockRunnerEB6_
FN:87,_RNCINvNtNtCs23MeGd5xNbL_10actual_cli8analysis11orchestrate12run_analysisNtNtB4_5tests10MockRunnerE0B8_
FN:87,_RNCINvNtNtCs23MeGd5xNbL_10actual_cli8analysis11orchestrate12run_analysisNtNtNtB6_5cache5tests10MockRunnerE0B8_
FN:87,_RNCINvNtNtCs23MeGd5xNbL_10actual_cli8analysis11orchestrate12run_analysisNtNtNtB8_6claude10subprocess15CliClaudeRunnerE0B8_
FN:87,_RNCINvNtNtCs23MeGd5xNbL_10actual_cli8analysis11orchestrate12run_analysisNtNtNtNtNtB8_3cli8commands4sync5tests10MockRunnerE0B8_
FN:56,_RNvNtNtCs23MeGd5xNbL_10actual_cli8analysis11orchestrate15relative_or_dot
FN:70,_RNvNtNtCs23MeGd5xNbL_10actual_cli8analysis11orchestrate18normalize_analysis
FN:19,_RNvNtNtCs23MeGd5xNbL_10actual_cli8analysis11orchestrate22normalize_project_path
FN:171,_RNvMNtNtNtCs23MeGd5xNbL_10actual_cli8analysis11orchestrate5testsNtB2_10MockRunner10from_error
FN:178,_RNvMNtNtNtCs23MeGd5xNbL_10actual_cli8analysis11orchestrate5testsNtB2_10MockRunner5calls
FN:159,_RNvMNtNtNtCs23MeGd5xNbL_10actual_cli8analysis11orchestrate5testsNtB2_10MockRunner9from_json
FN:365,_RNvNtNtNtCs23MeGd5xNbL_10actual_cli8analysis11orchestrate5testss_27test_normalize_empty_to_dot
FN:371,_RNvNtNtNtCs23MeGd5xNbL_10actual_cli8analysis11orchestrate5testss_28test_normalize_dot_unchanged
FN:395,_RNvNtNtNtCs23MeGd5xNbL_10actual_cli8analysis11orchestrate5testss_29test_normalize_dot_slash_only
FN:220,_RNvNtNtNtCs23MeGd5xNbL_10actual_cli8analysis11orchestrate5testss_33test_empty_projects_returns_error
FN:265,_RNvNtNtNtCs23MeGd5xNbL_10actual_cli8analysis11orchestrate5testss_34test_model_override_passed_to_args
FN:356,_RNvNtNtNtCs23MeGd5xNbL_10actual_cli8analysis11orchestrate5testss_35test_normalize_strip_trailing_slash
FN:377,_RNvNtNtNtCs23MeGd5xNbL_10actual_cli8analysis11orchestrate5testss_38test_normalize_relative_path_unchanged
FN:347,_RNvNtNtNtCs23MeGd5xNbL_10actual_cli8analysis11orchestrate5testss_38test_normalize_strip_leading_dot_slash
FN:310,_RNvNtNtNtCs23MeGd5xNbL_10actual_cli8analysis11orchestrate5testss_40test_normalize_canonical_fallback_subdir
FN:204,_RNvNtNtNtCs23MeGd5xNbL_10actual_cli8analysis11orchestrate5testss_42test_valid_analysis_returns_correct_result
FN:324,_RNvNtNtNtCs23MeGd5xNbL_10actual_cli8analysis11orchestrate5testss_43test_normalize_canonical_none_falls_through
FN:401,_RNvNtNtNtCs23MeGd5xNbL_10actual_cli8analysis11orchestrate5testss_43test_run_analysis_normalizes_absolute_paths
FN:297,_RNvNtNtNtCs23MeGd5xNbL_10actual_cli8analysis11orchestrate5testss_44test_normalize_canonical_fallback_root_match
FN:457,_RNvNtNtNtCs23MeGd5xNbL_10actual_cli8analysis11orchestrate5testss_44test_run_analysis_normalizes_dot_slash_paths
FN:252,_RNvNtNtNtCs23MeGd5xNbL_10actual_cli8analysis11orchestrate5testss_45test_non_parse_error_propagates_without_retry
FN:241,_RNvNtNtNtCs23MeGd5xNbL_10actual_cli8analysis11orchestrate5testss_48test_invalid_json_both_times_returns_parse_error
FN:230,_RNvNtNtNtCs23MeGd5xNbL_10actual_cli8analysis11orchestrate5testss_49test_invalid_json_then_valid_retries_successfully
FN:279,_RNvNtNtNtCs23MeGd5xNbL_10actual_cli8analysis11orchestrate5testss_49test_normalize_absolute_path_matching_working_dir
FN:429,_RNvNtNtNtCs23MeGd5xNbL_10actual_cli8analysis11orchestrate5testss_49test_run_analysis_normalizes_absolute_subdir_path
FN:288,_RNvNtNtNtCs23MeGd5xNbL_10actual_cli8analysis11orchestrate5testss_50test_normalize_absolute_path_subdir_of_working_dir
FN:386,_RNvNtNtNtCs23MeGd5xNbL_10actual_cli8analysis11orchestrate5testss_53test_normalize_absolute_path_unrelated_to_working_dir
FN:335,_RNvNtNtNtCs23MeGd5xNbL_10actual_cli8analysis11orchestrate5testss_56test_normalize_canonical_some_but_no_match_falls_through
FN:184,_RINvXs_NtNtNtCs23MeGd5xNbL_10actual_cli8analysis11orchestrate5testsNtB5_10MockRunnerNtNtNtBb_6claude10subprocess12ClaudeRunner3runNtNtB9_5types12RepoAnalysisEBb_
FN:187,_RNCINvXs_NtNtNtCs23MeGd5xNbL_10actual_cli8analysis11orchestrate5testsNtB7_10MockRunnerNtNtNtBd_6claude10subprocess12ClaudeRunner3runNtNtBb_5types12RepoAnalysisE0Bd_
FN:164,_RNCNvMNtNtNtCs23MeGd5xNbL_10actual_cli8analysis11orchestrate5testsNtB4_10MockRunner9from_json0Ba_
FN:220,_RNCNvNtNtNtCs23MeGd5xNbL_10actual_cli8analysis11orchestrate5testss_33test_empty_projects_returns_error0B9_
FN:265,_RNCNvNtNtNtCs23MeGd5xNbL_10actual_cli8analysis11orchestrate5testss_34test_model_override_passed_to_args0B9_
FN:204,_RNCNvNtNtNtCs23MeGd5xNbL_10actual_cli8analysis11orchestrate5testss_42test_valid_analysis_returns_correct_result0B9_
FN:401,_RNCNvNtNtNtCs23MeGd5xNbL_10actual_cli8analysis11orchestrate5testss_43test_run_analysis_normalizes_absolute_paths0B9_
FN:457,_RNCNvNtNtNtCs23MeGd5xNbL_10actual_cli8analysis11orchestrate5testss_44test_run_analysis_normalizes_dot_slash_paths0B9_
FN:252,_RNCNvNtNtNtCs23MeGd5xNbL_10actual_cli8analysis11orchestrate5testss_45test_non_parse_error_propagates_without_retry0B9_
FN:241,_RNCNvNtNtNtCs23MeGd5xNbL_10actual_cli8analysis11orchestrate5testss_48test_invalid_json_both_times_returns_parse_error0B9_
FN:230,_RNCNvNtNtNtCs23MeGd5xNbL_10actual_cli8analysis11orchestrate5testss_49test_invalid_json_then_valid_retries_successfully0B9_
FN:429,_RNCNvNtNtNtCs23MeGd5xNbL_10actual_cli8analysis11orchestrate5testss_49test_run_analysis_normalizes_absolute_subdir_path0B9_
FNDA:0,_RNvNtNtCs14eHuuW48ek_10actual_cli8analysis11orchestrate15relative_or_dot
FNDA:31,_RNvNtNtCs14eHuuW48ek_10actual_cli8analysis11orchestrate18normalize_analysis
FNDA:41,_RNvNtNtCs14eHuuW48ek_10actual_cli8analysis11orchestrate22normalize_project_path
FNDA:33,_RINvNtNtCs14eHuuW48ek_10actual_cli8analysis11orchestrate12run_analysisNtNtNtB6_6claude10subprocess15CliClaudeRunnerEB6_
FNDA:33,_RNCINvNtNtCs14eHuuW48ek_10actual_cli8analysis11orchestrate12run_analysisNtNtNtB8_6claude10subprocess15CliClaudeRunnerE0B8_
FNDA:9,_RINvNtNtCs23MeGd5xNbL_10actual_cli8analysis11orchestrate12run_analysisNtNtB2_5tests10MockRunnerEB6_
FNDA:7,_RINvNtNtCs23MeGd5xNbL_10actual_cli8analysis11orchestrate12run_analysisNtNtNtB4_5cache5tests10MockRunnerEB6_
FNDA:0,_RINvNtNtCs23MeGd5xNbL_10actual_cli8analysis11orchestrate12run_analysisNtNtNtB6_6claude10subprocess15CliClaudeRunnerEB6_
FNDA:17,_RINvNtNtCs23MeGd5xNbL_10actual_cli8analysis11orchestrate12run_analysisNtNtNtNtNtB6_3cli8commands4sync5tests10MockRunnerEB6_
FNDA:9,_RNCINvNtNtCs23MeGd5xNbL_10actual_cli8analysis11orchestrate12run_analysisNtNtB4_5tests10MockRunnerE0B8_
FNDA:7,_RNCINvNtNtCs23MeGd5xNbL_10actual_cli8analysis11orchestrate12run_analysisNtNtNtB6_5cache5tests10MockRunnerE0B8_
FNDA:0,_RNCINvNtNtCs23MeGd5xNbL_10actual_cli8analysis11orchestrate12run_analysisNtNtNtB8_6claude10subprocess15CliClaudeRunnerE0B8_
FNDA:17,_RNCINvNtNtCs23MeGd5xNbL_10actual_cli8analysis11orchestrate12run_analysisNtNtNtNtNtB8_3cli8commands4sync5tests10MockRunnerE0B8_
FNDA:6,_RNvNtNtCs23MeGd5xNbL_10actual_cli8analysis11orchestrate15relative_or_dot
FNDA:28,_RNvNtNtCs23MeGd5xNbL_10actual_cli8analysis11orchestrate18normalize_analysis
FNDA:44,_RNvNtNtCs23MeGd5xNbL_10actual_cli8analysis11orchestrate22normalize_project_path
FNDA:1,_RNvMNtNtNtCs23MeGd5xNbL_10actual_cli8analysis11orchestrate5testsNtB2_10MockRunner10from_error
FNDA:5,_RNvMNtNtNtCs23MeGd5xNbL_10actual_cli8analysis11orchestrate5testsNtB2_10MockRunner5calls
FNDA:8,_RNvMNtNtNtCs23MeGd5xNbL_10actual_cli8analysis11orchestrate5testsNtB2_10MockRunner9from_json
FNDA:1,_RNvNtNtNtCs23MeGd5xNbL_10actual_cli8analysis11orchestrate5testss_27test_normalize_empty_to_dot
FNDA:1,_RNvNtNtNtCs23MeGd5xNbL_10actual_cli8analysis11orchestrate5testss_28test_normalize_dot_unchanged
FNDA:1,_RNvNtNtNtCs23MeGd5xNbL_10actual_cli8analysis11orchestrate5testss_29test_normalize_dot_slash_only
FNDA:1,_RNvNtNtNtCs23MeGd5xNbL_10actual_cli8analysis11orchestrate5testss_33test_empty_projects_returns_error
FNDA:1,_RNvNtNtNtCs23MeGd5xNbL_10actual_cli8analysis11orchestrate5testss_34test_model_override_passed_to_args
FNDA:1,_RNvNtNtNtCs23MeGd5xNbL_10actual_cli8analysis11orchestrate5testss_35test_normalize_strip_trailing_slash
FNDA:1,_RNvNtNtNtCs23MeGd5xNbL_10actual_cli8analysis11orchestrate5testss_38test_normalize_relative_path_unchanged
FNDA:1,_RNvNtNtNtCs23MeGd5xNbL_10actual_cli8analysis11orchestrate5testss_38test_normalize_strip_leading_dot_slash
FNDA:1,_RNvNtNtNtCs23MeGd5xNbL_10actual_cli8analysis11orchestrate5testss_40test_normalize_canonical_fallback_subdir
FNDA:1,_RNvNtNtNtCs23MeGd5xNbL_10actual_cli8analysis11orchestrate5testss_42test_valid_analysis_returns_correct_result
FNDA:1,_RNvNtNtNtCs23MeGd5xNbL_10actual_cli8analysis11orchestrate5testss_43test_normalize_canonical_none_falls_through
FNDA:1,_RNvNtNtNtCs23MeGd5xNbL_10actual_cli8analysis11orchestrate5testss_43test_run_analysis_normalizes_absolute_paths
FNDA:1,_RNvNtNtNtCs23MeGd5xNbL_10actual_cli8analysis11orchestrate5testss_44test_normalize_canonical_fallback_root_match
FNDA:1,_RNvNtNtNtCs23MeGd5xNbL_10actual_cli8analysis11orchestrate5testss_44test_run_analysis_normalizes_dot_slash_paths
FNDA:1,_RNvNtNtNtCs23MeGd5xNbL_10actual_cli8analysis11orchestrate5testss_45test_non_parse_error_propagates_without_retry
FNDA:1,_RNvNtNtNtCs23MeGd5xNbL_10actual_cli8analysis11orchestrate5testss_48test_invalid_json_both_times_returns_parse_error
FNDA:1,_RNvNtNtNtCs23MeGd5xNbL_10actual_cli8analysis11orchestrate5testss_49test_invalid_json_then_valid_retries_successfully
FNDA:1,_RNvNtNtNtCs23MeGd5xNbL_10actual_cli8analysis11orchestrate5testss_49test_normalize_absolute_path_matching_working_dir
FNDA:1,_RNvNtNtNtCs23MeGd5xNbL_10actual_cli8analysis11orchestrate5testss_49test_run_analysis_normalizes_absolute_subdir_path
FNDA:1,_RNvNtNtNtCs23MeGd5xNbL_10actual_cli8analysis11orchestrate5testss_50test_normalize_absolute_path_subdir_of_working_dir
FNDA:1,_RNvNtNtNtCs23MeGd5xNbL_10actual_cli8analysis11orchestrate5testss_53test_normalize_absolute_path_unrelated_to_working_dir
FNDA:1,_RNvNtNtNtCs23MeGd5xNbL_10actual_cli8analysis11orchestrate5testss_56test_normalize_canonical_some_but_no_match_falls_through
FNDA:11,_RINvXs_NtNtNtCs23MeGd5xNbL_10actual_cli8analysis11orchestrate5testsNtB5_10MockRunnerNtNtNtBb_6claude10subprocess12ClaudeRunner3runNtNtB9_5types12RepoAnalysisEBb_
FNDA:11,_RNCINvXs_NtNtNtCs23MeGd5xNbL_10actual_cli8analysis11orchestrate5testsNtB7_10MockRunnerNtNtNtBd_6claude10subprocess12ClaudeRunner3runNtNtBb_5types12RepoAnalysisE0Bd_
FNDA:10,_RNCNvMNtNtNtCs23MeGd5xNbL_10actual_cli8analysis11orchestrate5testsNtB4_10MockRunner9from_json0Ba_
FNDA:1,_RNCNvNtNtNtCs23MeGd5xNbL_10actual_cli8analysis11orchestrate5testss_33test_empty_projects_returns_error0B9_
FNDA:1,_RNCNvNtNtNtCs23MeGd5xNbL_10actual_cli8analysis11orchestrate5testss_34test_model_override_passed_to_args0B9_
FNDA:1,_RNCNvNtNtNtCs23MeGd5xNbL_10actual_cli8analysis11orchestrate5testss_42test_valid_analysis_returns_correct_result0B9_
FNDA:1,_RNCNvNtNtNtCs23MeGd5xNbL_10actual_cli8analysis11orchestrate5testss_43test_run_analysis_normalizes_absolute_paths0B9_
FNDA:1,_RNCNvNtNtNtCs23MeGd5xNbL_10actual_cli8analysis11orchestrate5testss_44test_run_analysis_normalizes_dot_slash_paths0B9_
FNDA:1,_RNCNvNtNtNtCs23MeGd5xNbL_10actual_cli8analysis11orchestrate5testss_45test_non_parse_error_propagates_without_retry0B9_
FNDA:1,_RNCNvNtNtNtCs23MeGd5xNbL_10actual_cli8analysis11orchestrate5testss_48test_invalid_json_both_times_returns_parse_error0B9_
FNDA:1,_RNCNvNtNtNtCs23MeGd5xNbL_10actual_cli8analysis11orchestrate5testss_49test_invalid_json_then_valid_retries_successfully0B9_
FNDA:1,_RNCNvNtNtNtCs23MeGd5xNbL_10actual_cli8analysis11orchestrate5testss_49test_run_analysis_normalizes_absolute_subdir_path0B9_
FNF:42
FNH:42
DA:19,85
DA:20,85
DA:21,85
DA:22,85
DA:23,85
DA:24,85
DA:27,85
DA:28,9
DA:29,4
DA:30,5
DA:32,5
DA:33,3
DA:34,2
DA:35,1
DA:36,2
DA:38,3
DA:39,76
DA:42,76
DA:45,76
DA:48,76
DA:49,2
DA:50,74
DA:52,74
DA:53,85
DA:56,6
DA:57,6
DA:58,3
DA:60,3
DA:62,6
DA:70,59
DA:71,59
DA:72,131
DA:73,72
DA:74,72
DA:75,59
DA:83,66
DA:84,66
DA:85,66
DA:86,66
DA:87,66
DA:88,66
DA:89,66
DA:91,66
DA:92,66
DA:93,66
DA:96,66
DA:98,61
DA:99,60
DA:102,4
DA:104,2
DA:107,61
DA:108,2
DA:109,59
DA:112,59
DA:114,59
DA:115,66
DA:159,8
DA:161,8
DA:162,8
DA:163,8
DA:164,10
DA:165,8
DA:167,8
DA:169,8
DA:171,1
DA:172,1
DA:173,1
DA:174,1
DA:175,1
DA:176,1
DA:178,5
DA:179,5
DA:180,5
DA:184,11
DA:185,11
DA:186,11
DA:187,11
DA:188,11
DA:189,11
DA:190,11
DA:191,11
DA:193,11
DA:194,10
DA:195,10
DA:196,7
DA:198,1
DA:200,11
DA:204,1
DA:205,1
DA:206,1
DA:207,1
DA:209,1
DA:210,1
DA:211,1
DA:212,1
DA:213,1
DA:214,1
DA:215,1
DA:216,1
DA:217,1
DA:220,1
DA:221,1
DA:222,1
DA:223,1
DA:225,1
DA:226,1
DA:227,1
DA:230,1
DA:231,1
DA:232,1
DA:233,1
DA:235,1
DA:236,1
DA:237,1
DA:238,1
DA:241,1
DA:242,1
DA:243,1
DA:244,1
DA:246,1
DA:247,1
DA:248,1
DA:249,1
DA:252,1
DA:253,1
DA:254,1
DA:255,1
DA:256,1
DA:257,1
DA:258,1
DA:260,1
DA:261,1
DA:262,1
DA:265,1
DA:266,1
DA:267,1
DA:268,1
DA:269,1
DA:270,1
DA:272,1
DA:273,1
DA:274,1
DA:279,1
DA:280,1
DA:281,1
DA:282,1
DA:285,1
DA:288,1
DA:289,1
DA:290,1
DA:291,1
DA:294,1
DA:297,1
DA:301,1
DA:302,1
DA:303,1
DA:304,1
DA:307,1
DA:310,1
DA:311,1
DA:312,1
DA:313,1
DA:314,1
DA:315,1
DA:316,1
DA:317,1
DA:321,1
DA:324,1
DA:327,1
DA:328,1
DA:329,1
DA:332,1
DA:335,1
DA:338,1
DA:339,1
DA:340,1
DA:341,1
DA:344,1
DA:347,1
DA:348,1
DA:349,1
DA:350,1
DA:353,1
DA:356,1
DA:357,1
DA:358,1
DA:359,1
DA:362,1
DA:365,1
DA:366,1
DA:367,1
DA:368,1
DA:371,1
DA:372,1
DA:373,1
DA:374,1
DA:377,1
DA:378,1
DA:379,1
DA:380,1
DA:383,1
DA:386,1
DA:387,1
DA:388,1
DA:389,1
DA:392,1
DA:395,1
DA:396,1
DA:397,1
DA:398,1
DA:401,1
DA:404,1
DA:405,1
DA:406,1
DA:407,1
DA:408,1
DA:409,1
DA:410,1
DA:411,1
DA:412,1
DA:413,1
DA:414,1
DA:415,1
DA:416,1
DA:417,1
DA:418,1
DA:422,1
DA:423,1
DA:425,1
DA:426,1
DA:429,1
DA:432,1
DA:433,1
DA:434,1
DA:435,1
DA:436,1
DA:437,1
DA:438,1
DA:439,1
DA:440,1
DA:441,1
DA:442,1
DA:443,1
DA:444,1
DA:445,1
DA:446,1
DA:450,1
DA:451,1
DA:453,1
DA:454,1
DA:457,1
DA:458,1
DA:459,1
DA:460,1
DA:461,1
DA:462,1
DA:463,1
DA:464,1
DA:465,1
DA:466,1
DA:467,1
DA:468,1
DA:469,1
DA:470,1
DA:471,1
DA:472,1
DA:473,1
DA:474,1
DA:475,1
DA:476,1
DA:478,1
DA:479,1
DA:481,1
DA:482,1
DA:483,1
BRF:0
BRH:0
LF:296
LH:296
end_of_record
SF:/Users/poile/repos/actualai/actual-cli/.worktrees/2u6.4/src/analysis/static_analyzer/frameworks.rs
FN:103,_RNCNCNvNtNtNtCs14eHuuW48ek_10actual_cli8analysis15static_analyzer10frameworks24detect_config_frameworkss0_00Bb_
FN:38,_RNCNvNtNtNtCs14eHuuW48ek_10actual_cli8analysis15static_analyzer10frameworks17detect_frameworks0B9_
FN:91,_RNCNvNtNtNtCs14eHuuW48ek_10actual_cli8analysis15static_analyzer10frameworks24detect_config_frameworks0B9_
FN:103,_RNCNvNtNtNtCs14eHuuW48ek_10actual_cli8analysis15static_analyzer10frameworks24detect_config_frameworkss0_0B9_
FN:102,_RNCNvNtNtNtCs14eHuuW48ek_10actual_cli8analysis15static_analyzer10frameworks24detect_config_frameworkss_0B9_
FN:243,_RNvNtNtNtNtCs23MeGd5xNbL_10actual_cli8analysis15static_analyzer10frameworks5testss_18test_deduplication
FN:321,_RNvNtNtNtNtCs23MeGd5xNbL_10actual_cli8analysis15static_analyzer10frameworks5testss_22test_detect_config_vue
FN:259,_RNvNtNtNtNtCs23MeGd5xNbL_10actual_cli8analysis15static_analyzer10frameworks5testss_22test_frameworks_sorted
FN:341,_RNvNtNtNtNtCs23MeGd5xNbL_10actual_cli8analysis15static_analyzer10frameworks5testss_23test_detect_config_vite
FN:311,_RNvNtNtNtNtCs23MeGd5xNbL_10actual_cli8analysis15static_analyzer10frameworks5testss_26test_detect_config_angular
FN:331,_RNvNtNtNtNtCs23MeGd5xNbL_10actual_cli8analysis15static_analyzer10frameworks5testss_27test_detect_config_tailwind
FN:220,_RNvNtNtNtNtCs23MeGd5xNbL_10actual_cli8analysis15static_analyzer10frameworks5testss_27test_detect_package_manager
FN:186,_RNvNtNtNtNtCs23MeGd5xNbL_10actual_cli8analysis15static_analyzer10frameworks5testss_29test_detect_config_frameworks
FN:278,_RNvNtNtNtNtCs23MeGd5xNbL_10actual_cli8analysis15static_analyzer10frameworks5testss_30test_empty_deps_with_no_config
FN:237,_RNvNtNtNtNtCs23MeGd5xNbL_10actual_cli8analysis15static_analyzer10frameworks5testss_32test_detect_package_manager_none
FN:301,_RNvNtNtNtNtCs23MeGd5xNbL_10actual_cli8analysis15static_analyzer10frameworks5testss_33test_detect_config_docker_compose
FN:171,_RNvNtNtNtNtCs23MeGd5xNbL_10actual_cli8analysis15static_analyzer10frameworks5testss_33test_detect_frameworks_categories
FN:227,_RNvNtNtNtNtCs23MeGd5xNbL_10actual_cli8analysis15static_analyzer10frameworks5testss_33test_detect_package_manager_cargo
FN:368,_RNvNtNtNtNtCs23MeGd5xNbL_10actual_cli8analysis15static_analyzer10frameworks5testss_34test_detect_config_nonexistent_dir
FN:289,_RNvNtNtNtNtCs23MeGd5xNbL_10actual_cli8analysis15static_analyzer10frameworks5testss_37test_detect_config_no_terraform_files
FN:198,_RNvNtNtNtNtCs23MeGd5xNbL_10actual_cli8analysis15static_analyzer10frameworks5testss_39test_detect_config_frameworks_terraform
FN:156,_RNvNtNtNtNtCs23MeGd5xNbL_10actual_cli8analysis15static_analyzer10frameworks5testss_40test_detect_frameworks_from_dependencies
FN:351,_RNvNtNtNtNtCs23MeGd5xNbL_10actual_cli8analysis15static_analyzer10frameworks5testss_42test_detect_frameworks_config_only_no_deps
FN:208,_RNvNtNtNtNtCs23MeGd5xNbL_10actual_cli8analysis15static_analyzer10frameworks5testss_44test_detect_config_frameworks_github_actions
FN:376,_RNvNtNtNtNtCs23MeGd5xNbL_10actual_cli8analysis15static_analyzer10frameworks5testss_46test_detect_unknown_dependency_not_in_registry
FN:14,_RNvNtNtNtCs23MeGd5xNbL_10actual_cli8analysis15static_analyzer10frameworks17detect_frameworks
FN:127,_RNvNtNtNtCs23MeGd5xNbL_10actual_cli8analysis15static_analyzer10frameworks22detect_package_manager
FN:46,_RNvNtNtNtCs23MeGd5xNbL_10actual_cli8analysis15static_analyzer10frameworks24detect_config_frameworks
FN:254,_RNCNvNtNtNtNtCs23MeGd5xNbL_10actual_cli8analysis15static_analyzer10frameworks5testss_18test_deduplication0Bb_
FN:326,_RNCNvNtNtNtNtCs23MeGd5xNbL_10actual_cli8analysis15static_analyzer10frameworks5testss_22test_detect_config_vue0Bb_
FN:271,_RNCNvNtNtNtNtCs23MeGd5xNbL_10actual_cli8analysis15static_analyzer10frameworks5testss_22test_frameworks_sorted0Bb_
FN:346,_RNCNvNtNtNtNtCs23MeGd5xNbL_10actual_cli8analysis15static_analyzer10frameworks5testss_23test_detect_config_vite0Bb_
FN:316,_RNCNvNtNtNtNtCs23MeGd5xNbL_10actual_cli8analysis15static_analyzer10frameworks5testss_26test_detect_config_angular0Bb_
FN:336,_RNCNvNtNtNtNtCs23MeGd5xNbL_10actual_cli8analysis15static_analyzer10frameworks5testss_27test_detect_config_tailwind0Bb_
FN:192,_RNCNvNtNtNtNtCs23MeGd5xNbL_10actual_cli8analysis15static_analyzer10frameworks5testss_29test_detect_config_frameworks0Bb_
FN:306,_RNCNvNtNtNtNtCs23MeGd5xNbL_10actual_cli8analysis15static_analyzer10frameworks5testss_33test_detect_config_docker_compose0Bb_
FN:179,_RNCNvNtNtNtNtCs23MeGd5xNbL_10actual_cli8analysis15static_analyzer10frameworks5testss_33test_detect_frameworks_categories0Bb_
FN:181,_RNCNvNtNtNtNtCs23MeGd5xNbL_10actual_cli8analysis15static_analyzer10frameworks5testss_33test_detect_frameworks_categoriess_0Bb_
FN:372,_RNCNvNtNtNtNtCs23MeGd5xNbL_10actual_cli8analysis15static_analyzer10frameworks5testss_34test_detect_config_nonexistent_dir0Bb_
FN:296,_RNCNvNtNtNtNtCs23MeGd5xNbL_10actual_cli8analysis15static_analyzer10frameworks5testss_37test_detect_config_no_terraform_files0Bb_
FN:203,_RNCNvNtNtNtNtCs23MeGd5xNbL_10actual_cli8analysis15static_analyzer10frameworks5testss_39test_detect_config_frameworks_terraform0Bb_
FN:164,_RNCNvNtNtNtNtCs23MeGd5xNbL_10actual_cli8analysis15static_analyzer10frameworks5testss_40test_detect_frameworks_from_dependencies0Bb_
FN:363,_RNCNvNtNtNtNtCs23MeGd5xNbL_10actual_cli8analysis15static_analyzer10frameworks5testss_42test_detect_frameworks_config_only_no_deps0Bb_
FN:215,_RNCNvNtNtNtNtCs23MeGd5xNbL_10actual_cli8analysis15static_analyzer10frameworks5testss_44test_detect_config_frameworks_github_actions0Bb_
FN:103,_RNCNCNvNtNtNtCs23MeGd5xNbL_10actual_cli8analysis15static_analyzer10frameworks24detect_config_frameworkss0_00Bb_
FN:38,_RNCNvNtNtNtCs23MeGd5xNbL_10actual_cli8analysis15static_analyzer10frameworks17detect_frameworks0B9_
FN:91,_RNCNvNtNtNtCs23MeGd5xNbL_10actual_cli8analysis15static_analyzer10frameworks24detect_config_frameworks0B9_
FN:103,_RNCNvNtNtNtCs23MeGd5xNbL_10actual_cli8analysis15static_analyzer10frameworks24detect_config_frameworkss0_0B9_
FN:102,_RNCNvNtNtNtCs23MeGd5xNbL_10actual_cli8analysis15static_analyzer10frameworks24detect_config_frameworkss_0B9_
FNDA:0,_RNCNCNvNtNtNtCs14eHuuW48ek_10actual_cli8analysis15static_analyzer10frameworks24detect_config_frameworkss0_00Bb_
FNDA:0,_RNCNvNtNtNtCs14eHuuW48ek_10actual_cli8analysis15static_analyzer10frameworks17detect_frameworks0B9_
FNDA:0,_RNCNvNtNtNtCs14eHuuW48ek_10actual_cli8analysis15static_analyzer10frameworks24detect_config_frameworks0B9_
FNDA:0,_RNCNvNtNtNtCs14eHuuW48ek_10actual_cli8analysis15static_analyzer10frameworks24detect_config_frameworkss0_0B9_
FNDA:0,_RNCNvNtNtNtCs14eHuuW48ek_10actual_cli8analysis15static_analyzer10frameworks24detect_config_frameworkss_0B9_
FNDA:1,_RNvNtNtNtNtCs23MeGd5xNbL_10actual_cli8analysis15static_analyzer10frameworks5testss_18test_deduplication
FNDA:1,_RNvNtNtNtNtCs23MeGd5xNbL_10actual_cli8analysis15static_analyzer10frameworks5testss_22test_detect_config_vue
FNDA:1,_RNvNtNtNtNtCs23MeGd5xNbL_10actual_cli8analysis15static_analyzer10frameworks5testss_22test_frameworks_sorted
FNDA:1,_RNvNtNtNtNtCs23MeGd5xNbL_10actual_cli8analysis15static_analyzer10frameworks5testss_23test_detect_config_vite
FNDA:1,_RNvNtNtNtNtCs23MeGd5xNbL_10actual_cli8analysis15static_analyzer10frameworks5testss_26test_detect_config_angular
FNDA:1,_RNvNtNtNtNtCs23MeGd5xNbL_10actual_cli8analysis15static_analyzer10frameworks5testss_27test_detect_config_tailwind
FNDA:1,_RNvNtNtNtNtCs23MeGd5xNbL_10actual_cli8analysis15static_analyzer10frameworks5testss_27test_detect_package_manager
FNDA:1,_RNvNtNtNtNtCs23MeGd5xNbL_10actual_cli8analysis15static_analyzer10frameworks5testss_29test_detect_config_frameworks
FNDA:1,_RNvNtNtNtNtCs23MeGd5xNbL_10actual_cli8analysis15static_analyzer10frameworks5testss_30test_empty_deps_with_no_config
FNDA:1,_RNvNtNtNtNtCs23MeGd5xNbL_10actual_cli8analysis15static_analyzer10frameworks5testss_32test_detect_package_manager_none
FNDA:1,_RNvNtNtNtNtCs23MeGd5xNbL_10actual_cli8analysis15static_analyzer10frameworks5testss_33test_detect_config_docker_compose
FNDA:1,_RNvNtNtNtNtCs23MeGd5xNbL_10actual_cli8analysis15static_analyzer10frameworks5testss_33test_detect_frameworks_categories
FNDA:1,_RNvNtNtNtNtCs23MeGd5xNbL_10actual_cli8analysis15static_analyzer10frameworks5testss_33test_detect_package_manager_cargo
FNDA:1,_RNvNtNtNtNtCs23MeGd5xNbL_10actual_cli8analysis15static_analyzer10frameworks5testss_34test_detect_config_nonexistent_dir
FNDA:1,_RNvNtNtNtNtCs23MeGd5xNbL_10actual_cli8analysis15static_analyzer10frameworks5testss_37test_detect_config_no_terraform_files
FNDA:1,_RNvNtNtNtNtCs23MeGd5xNbL_10actual_cli8analysis15static_analyzer10frameworks5testss_39test_detect_config_frameworks_terraform
FNDA:1,_RNvNtNtNtNtCs23MeGd5xNbL_10actual_cli8analysis15static_analyzer10frameworks5testss_40test_detect_frameworks_from_dependencies
FNDA:1,_RNvNtNtNtNtCs23MeGd5xNbL_10actual_cli8analysis15static_analyzer10frameworks5testss_42test_detect_frameworks_config_only_no_deps
FNDA:1,_RNvNtNtNtNtCs23MeGd5xNbL_10actual_cli8analysis15static_analyzer10frameworks5testss_44test_detect_config_frameworks_github_actions
FNDA:1,_RNvNtNtNtNtCs23MeGd5xNbL_10actual_cli8analysis15static_analyzer10frameworks5testss_46test_detect_unknown_dependency_not_in_registry
FNDA:7,_RNvNtNtNtCs23MeGd5xNbL_10actual_cli8analysis15static_analyzer10frameworks17detect_frameworks
FNDA:3,_RNvNtNtNtCs23MeGd5xNbL_10actual_cli8analysis15static_analyzer10frameworks22detect_package_manager
FNDA:17,_RNvNtNtNtCs23MeGd5xNbL_10actual_cli8analysis15static_analyzer10frameworks24detect_config_frameworks
FNDA:1,_RNCNvNtNtNtNtCs23MeGd5xNbL_10actual_cli8analysis15static_analyzer10frameworks5testss_18test_deduplication0Bb_
FNDA:1,_RNCNvNtNtNtNtCs23MeGd5xNbL_10actual_cli8analysis15static_analyzer10frameworks5testss_22test_detect_config_vue0Bb_
FNDA:3,_RNCNvNtNtNtNtCs23MeGd5xNbL_10actual_cli8analysis15static_analyzer10frameworks5testss_22test_frameworks_sorted0Bb_
FNDA:1,_RNCNvNtNtNtNtCs23MeGd5xNbL_10actual_cli8analysis15static_analyzer10frameworks5testss_23test_detect_config_vite0Bb_
FNDA:1,_RNCNvNtNtNtNtCs23MeGd5xNbL_10actual_cli8analysis15static_analyzer10frameworks5testss_26test_detect_config_angular0Bb_
FNDA:1,_RNCNvNtNtNtNtCs23MeGd5xNbL_10actual_cli8analysis15static_analyzer10frameworks5testss_27test_detect_config_tailwind0Bb_
FNDA:2,_RNCNvNtNtNtNtCs23MeGd5xNbL_10actual_cli8analysis15static_analyzer10frameworks5testss_29test_detect_config_frameworks0Bb_
FNDA:1,_RNCNvNtNtNtNtCs23MeGd5xNbL_10actual_cli8analysis15static_analyzer10frameworks5testss_33test_detect_config_docker_compose0Bb_
FNDA:2,_RNCNvNtNtNtNtCs23MeGd5xNbL_10actual_cli8analysis15static_analyzer10frameworks5testss_33test_detect_frameworks_categories0Bb_
FNDA:1,_RNCNvNtNtNtNtCs23MeGd5xNbL_10actual_cli8analysis15static_analyzer10frameworks5testss_33test_detect_frameworks_categoriess_0Bb_
FNDA:0,_RNCNvNtNtNtNtCs23MeGd5xNbL_10actual_cli8analysis15static_analyzer10frameworks5testss_34test_detect_config_nonexistent_dir0Bb_
FNDA:0,_RNCNvNtNtNtNtCs23MeGd5xNbL_10actual_cli8analysis15static_analyzer10frameworks5testss_37test_detect_config_no_terraform_files0Bb_
FNDA:1,_RNCNvNtNtNtNtCs23MeGd5xNbL_10actual_cli8analysis15static_analyzer10frameworks5testss_39test_detect_config_frameworks_terraform0Bb_
FNDA:3,_RNCNvNtNtNtNtCs23MeGd5xNbL_10actual_cli8analysis15static_analyzer10frameworks5testss_40test_detect_frameworks_from_dependencies0Bb_
FNDA:1,_RNCNvNtNtNtNtCs23MeGd5xNbL_10actual_cli8analysis15static_analyzer10frameworks5testss_42test_detect_frameworks_config_only_no_deps0Bb_
FNDA:1,_RNCNvNtNtNtNtCs23MeGd5xNbL_10actual_cli8analysis15static_analyzer10frameworks5testss_44test_detect_config_frameworks_github_actions0Bb_
FNDA:10,_RNCNCNvNtNtNtCs23MeGd5xNbL_10actual_cli8analysis15static_analyzer10frameworks24detect_config_frameworkss0_00Bb_
FNDA:7,_RNCNvNtNtNtCs23MeGd5xNbL_10actual_cli8analysis15static_analyzer10frameworks17detect_frameworks0B9_
FNDA:293,_RNCNvNtNtNtCs23MeGd5xNbL_10actual_cli8analysis15static_analyzer10frameworks24detect_config_frameworks0B9_
FNDA:13,_RNCNvNtNtNtCs23MeGd5xNbL_10actual_cli8analysis15static_analyzer10frameworks24detect_config_frameworkss0_0B9_
FNDA:13,_RNCNvNtNtNtCs23MeGd5xNbL_10actual_cli8analysis15static_analyzer10frameworks24detect_config_frameworkss_0B9_
FNF:44
FNH:42
DA:14,7
DA:15,7
DA:16,7
DA:19,7
DA:20,17
DA:21,10
DA:22,9
DA:23,9
DA:24,9
DA:25,9
DA:26,9
DA:27,9
DA:28,1
DA:32,7
DA:33,2
DA:34,1
DA:35,1
DA:38,7
DA:39,7
DA:40,7
DA:46,17
DA:47,17
DA:49,17
DA:50,17
DA:51,17
DA:52,17
DA:53,17
DA:54,17
DA:55,17
DA:56,17
DA:57,17
DA:58,17
DA:59,17
DA:60,17
DA:61,17
DA:62,17
DA:63,17
DA:64,17
DA:65,17
DA:66,17
DA:67,17
DA:68,17
DA:69,17
DA:70,17
DA:71,17
DA:72,17
DA:73,17
DA:74,17
DA:75,17
DA:76,17
DA:77,17
DA:78,17
DA:79,17
DA:80,17
DA:81,17
DA:82,17
DA:83,17
DA:84,17
DA:85,17
DA:86,17
DA:87,17
DA:88,17
DA:90,136
DA:91,293
DA:92,9
DA:93,9
DA:94,9
DA:95,9
DA:96,110
DA:100,17
DA:101,16
DA:102,16
DA:103,16
DA:104,16
DA:105,1
DA:106,1
DA:107,1
DA:108,1
DA:109,15
DA:110,1
DA:113,17
DA:114,1
DA:115,1
DA:116,1
DA:117,1
DA:118,16
DA:120,17
DA:121,17
DA:127,3
DA:128,3
DA:129,3
DA:130,3
DA:131,3
DA:132,3
DA:133,3
DA:134,3
DA:135,3
DA:136,3
DA:137,3
DA:138,3
DA:140,16
DA:141,15
DA:142,2
DA:143,13
DA:146,1
DA:147,3
DA:156,1
DA:157,1
DA:158,1
DA:159,1
DA:160,1
DA:161,1
DA:163,1
DA:164,3
DA:165,1
DA:166,1
DA:167,1
DA:168,1
DA:171,1
DA:172,1
DA:173,1
DA:174,1
DA:175,1
DA:176,1
DA:178,1
DA:179,2
DA:180,1
DA:181,1
DA:182,1
DA:183,1
DA:186,1
DA:187,1
DA:188,1
DA:189,1
DA:191,1
DA:192,2
DA:193,1
DA:194,1
DA:195,1
DA:198,1
DA:199,1
DA:200,1
DA:202,1
DA:203,1
DA:204,1
DA:205,1
DA:208,1
DA:209,1
DA:210,1
DA:211,1
DA:212,1
DA:214,1
DA:215,1
DA:216,1
DA:217,1
DA:220,1
DA:221,1
DA:222,1
DA:223,1
DA:224,1
DA:227,1
DA:228,1
DA:229,1
DA:230,1
DA:231,1
DA:232,1
DA:234,1
DA:237,1
DA:238,1
DA:239,1
DA:240,1
DA:243,1
DA:244,1
DA:246,1
DA:248,1
DA:249,1
DA:250,1
DA:251,1
DA:253,1
DA:254,1
DA:255,1
DA:256,1
DA:259,1
DA:260,1
DA:261,1
DA:262,1
DA:263,1
DA:264,1
DA:265,1
DA:266,1
DA:267,1
DA:268,1
DA:270,1
DA:271,3
DA:272,1
DA:273,1
DA:274,1
DA:275,1
DA:278,1
DA:279,1
DA:280,1
DA:281,1
DA:282,1
DA:283,1
DA:284,1
DA:285,1
DA:286,1
DA:289,1
DA:291,1
DA:292,1
DA:293,1
DA:295,1
DA:296,1
DA:297,1
DA:298,1
DA:301,1
DA:302,1
DA:303,1
DA:305,1
DA:306,1
DA:307,1
DA:308,1
DA:311,1
DA:312,1
DA:313,1
DA:315,1
DA:316,1
DA:317,1
DA:318,1
DA:321,1
DA:322,1
DA:323,1
DA:325,1
DA:326,1
DA:327,1
DA:328,1
DA:331,1
DA:332,1
DA:333,1
DA:335,1
DA:336,1
DA:337,1
DA:338,1
DA:341,1
DA:342,1
DA:343,1
DA:345,1
DA:346,1
DA:347,1
DA:348,1
DA:351,1
DA:354,1
DA:355,1
DA:357,1
DA:358,1
DA:359,1
DA:360,1
DA:362,1
DA:363,1
DA:364,1
DA:365,1
DA:368,1
DA:370,1
DA:372,1
DA:373,1
DA:376,1
DA:377,1
DA:378,1
DA:379,1
DA:380,1
DA:381,1
DA:383,1
DA:384,1
DA:385,1
BRF:0
BRH:0
LF:295
LH:293
end_of_record
SF:/Users/poile/repos/actualai/actual-cli/.worktrees/2u6.4/src/analysis/static_analyzer/manifests.rs
FN:310,_RNCNvNtNtNtCs14eHuuW48ek_10actual_cli8analysis15static_analyzer9manifests13parse_gemfile0B9_
FN:311,_RNCNvNtNtNtCs14eHuuW48ek_10actual_cli8analysis15static_analyzer9manifests13parse_gemfiles_0B9_
FN:240,_RNCNvNtNtNtCs14eHuuW48ek_10actual_cli8analysis15static_analyzer9manifests13parse_pipfile0B9_
FN:245,_RNCNvNtNtNtCs14eHuuW48ek_10actual_cli8analysis15static_analyzer9manifests13parse_pipfiles_0B9_
FN:341,_RNCNvNtNtNtCs14eHuuW48ek_10actual_cli8analysis15static_analyzer9manifests13parse_pom_xml0B9_
FN:345,_RNCNvNtNtNtCs14eHuuW48ek_10actual_cli8analysis15static_analyzer9manifests13parse_pom_xmls0_0B9_
FN:346,_RNCNvNtNtNtCs14eHuuW48ek_10actual_cli8analysis15static_analyzer9manifests13parse_pom_xmls1_0B9_
FN:342,_RNCNvNtNtNtCs14eHuuW48ek_10actual_cli8analysis15static_analyzer9manifests13parse_pom_xmls_0B9_
FN:90,_RNCNvNtNtNtCs14eHuuW48ek_10actual_cli8analysis15static_analyzer9manifests16parse_cargo_toml0B9_
FN:95,_RNCNvNtNtNtCs14eHuuW48ek_10actual_cli8analysis15static_analyzer9manifests16parse_cargo_tomls_0B9_
FN:384,_RNCNvNtNtNtCs14eHuuW48ek_10actual_cli8analysis15static_analyzer9manifests18parse_build_gradle0B9_
FN:385,_RNCNvNtNtNtCs14eHuuW48ek_10actual_cli8analysis15static_analyzer9manifests18parse_build_gradles_0B9_
FN:61,_RNCNvNtNtNtCs14eHuuW48ek_10actual_cli8analysis15static_analyzer9manifests18parse_package_json0B9_
FN:66,_RNCNvNtNtNtCs14eHuuW48ek_10actual_cli8analysis15static_analyzer9manifests18parse_package_jsons_0B9_
FN:435,_RNCNvNtNtNtCs14eHuuW48ek_10actual_cli8analysis15static_analyzer9manifests19parse_package_swift0B9_
FN:122,_RNCNvNtNtNtCs14eHuuW48ek_10actual_cli8analysis15static_analyzer9manifests20parse_pyproject_toml0B9_
FN:137,_RNCNvNtNtNtCs14eHuuW48ek_10actual_cli8analysis15static_analyzer9manifests20parse_pyproject_tomls0_0B9_
FN:138,_RNCNvNtNtNtCs14eHuuW48ek_10actual_cli8analysis15static_analyzer9manifests20parse_pyproject_tomls1_0B9_
FN:156,_RNCNvNtNtNtCs14eHuuW48ek_10actual_cli8analysis15static_analyzer9manifests20parse_pyproject_tomls2_0B9_
FN:157,_RNCNvNtNtNtCs14eHuuW48ek_10actual_cli8analysis15static_analyzer9manifests20parse_pyproject_tomls3_0B9_
FN:158,_RNCNvNtNtNtCs14eHuuW48ek_10actual_cli8analysis15static_analyzer9manifests20parse_pyproject_tomls4_0B9_
FN:170,_RNCNvNtNtNtCs14eHuuW48ek_10actual_cli8analysis15static_analyzer9manifests20parse_pyproject_tomls5_0B9_
FN:171,_RNCNvNtNtNtCs14eHuuW48ek_10actual_cli8analysis15static_analyzer9manifests20parse_pyproject_tomls6_0B9_
FN:172,_RNCNvNtNtNtCs14eHuuW48ek_10actual_cli8analysis15static_analyzer9manifests20parse_pyproject_tomls7_0B9_
FN:123,_RNCNvNtNtNtCs14eHuuW48ek_10actual_cli8analysis15static_analyzer9manifests20parse_pyproject_tomls_0B9_
FN:310,_RNCNvNtNtNtCs23MeGd5xNbL_10actual_cli8analysis15static_analyzer9manifests13parse_gemfile0B9_
FN:311,_RNCNvNtNtNtCs23MeGd5xNbL_10actual_cli8analysis15static_analyzer9manifests13parse_gemfiles_0B9_
FN:240,_RNCNvNtNtNtCs23MeGd5xNbL_10actual_cli8analysis15static_analyzer9manifests13parse_pipfile0B9_
FN:245,_RNCNvNtNtNtCs23MeGd5xNbL_10actual_cli8analysis15static_analyzer9manifests13parse_pipfiles_0B9_
FN:341,_RNCNvNtNtNtCs23MeGd5xNbL_10actual_cli8analysis15static_analyzer9manifests13parse_pom_xml0B9_
FN:345,_RNCNvNtNtNtCs23MeGd5xNbL_10actual_cli8analysis15static_analyzer9manifests13parse_pom_xmls0_0B9_
FN:346,_RNCNvNtNtNtCs23MeGd5xNbL_10actual_cli8analysis15static_analyzer9manifests13parse_pom_xmls1_0B9_
FN:342,_RNCNvNtNtNtCs23MeGd5xNbL_10actual_cli8analysis15static_analyzer9manifests13parse_pom_xmls_0B9_
FN:90,_RNCNvNtNtNtCs23MeGd5xNbL_10actual_cli8analysis15static_analyzer9manifests16parse_cargo_toml0B9_
FN:95,_RNCNvNtNtNtCs23MeGd5xNbL_10actual_cli8analysis15static_analyzer9manifests16parse_cargo_tomls_0B9_
FN:384,_RNCNvNtNtNtCs23MeGd5xNbL_10actual_cli8analysis15static_analyzer9manifests18parse_build_gradle0B9_
FN:385,_RNCNvNtNtNtCs23MeGd5xNbL_10actual_cli8analysis15static_analyzer9manifests18parse_build_gradles_0B9_
FN:61,_RNCNvNtNtNtCs23MeGd5xNbL_10actual_cli8analysis15static_analyzer9manifests18parse_package_json0B9_
FN:66,_RNCNvNtNtNtCs23MeGd5xNbL_10actual_cli8analysis15static_analyzer9manifests18parse_package_jsons_0B9_
FN:435,_RNCNvNtNtNtCs23MeGd5xNbL_10actual_cli8analysis15static_analyzer9manifests19parse_package_swift0B9_
FN:122,_RNCNvNtNtNtCs23MeGd5xNbL_10actual_cli8analysis15static_analyzer9manifests20parse_pyproject_toml0B9_
FN:137,_RNCNvNtNtNtCs23MeGd5xNbL_10actual_cli8analysis15static_analyzer9manifests20parse_pyproject_tomls0_0B9_
FN:138,_RNCNvNtNtNtCs23MeGd5xNbL_10actual_cli8analysis15static_analyzer9manifests20parse_pyproject_tomls1_0B9_
FN:156,_RNCNvNtNtNtCs23MeGd5xNbL_10actual_cli8analysis15static_analyzer9manifests20parse_pyproject_tomls2_0B9_
FN:157,_RNCNvNtNtNtCs23MeGd5xNbL_10actual_cli8analysis15static_analyzer9manifests20parse_pyproject_tomls3_0B9_
FN:158,_RNCNvNtNtNtCs23MeGd5xNbL_10actual_cli8analysis15static_analyzer9manifests20parse_pyproject_tomls4_0B9_
FN:170,_RNCNvNtNtNtCs23MeGd5xNbL_10actual_cli8analysis15static_analyzer9manifests20parse_pyproject_tomls5_0B9_
FN:171,_RNCNvNtNtNtCs23MeGd5xNbL_10actual_cli8analysis15static_analyzer9manifests20parse_pyproject_tomls6_0B9_
FN:172,_RNCNvNtNtNtCs23MeGd5xNbL_10actual_cli8analysis15static_analyzer9manifests20parse_pyproject_tomls7_0B9_
FN:123,_RNCNvNtNtNtCs23MeGd5xNbL_10actual_cli8analysis15static_analyzer9manifests20parse_pyproject_tomls_0B9_
FN:254,_RNvNtNtNtCs23MeGd5xNbL_10actual_cli8analysis15static_analyzer9manifests12parse_go_mod
FN:297,_RNvNtNtNtCs23MeGd5xNbL_10actual_cli8analysis15static_analyzer9manifests13parse_gemfile
FN:229,_RNvNtNtNtCs23MeGd5xNbL_10actual_cli8analysis15static_analyzer9manifests13parse_pipfile
FN:325,_RNvNtNtNtCs23MeGd5xNbL_10actual_cli8analysis15static_analyzer9manifests13parse_pom_xml
FN:319,_RNvNtNtNtCs23MeGd5xNbL_10actual_cli8analysis15static_analyzer9manifests14regex_gem_name
FN:75,_RNvNtNtNtCs23MeGd5xNbL_10actual_cli8analysis15static_analyzer9manifests16parse_cargo_toml
FN:371,_RNvNtNtNtCs23MeGd5xNbL_10actual_cli8analysis15static_analyzer9manifests18parse_build_gradle
FN:18,_RNvNtNtNtCs23MeGd5xNbL_10actual_cli8analysis15static_analyzer9manifests18parse_dependencies
FN:46,_RNvNtNtNtCs23MeGd5xNbL_10actual_cli8analysis15static_analyzer9manifests18parse_package_json
FN:361,_RNvNtNtNtCs23MeGd5xNbL_10actual_cli8analysis15static_analyzer9manifests18regex_pom_group_id
FN:410,_RNvNtNtNtCs23MeGd5xNbL_10actual_cli8analysis15static_analyzer9manifests19parse_package_swift
FN:104,_RNvNtNtNtCs23MeGd5xNbL_10actual_cli8analysis15static_analyzer9manifests20parse_pyproject_toml
FN:357,_RNvNtNtNtCs23MeGd5xNbL_10actual_cli8analysis15static_analyzer9manifests20regex_pom_dependency
FN:365,_RNvNtNtNtCs23MeGd5xNbL_10actual_cli8analysis15static_analyzer9manifests21regex_pom_artifact_id
FN:208,_RNvNtNtNtCs23MeGd5xNbL_10actual_cli8analysis15static_analyzer9manifests22parse_requirements_txt
FN:399,_RNvNtNtNtCs23MeGd5xNbL_10actual_cli8analysis15static_analyzer9manifests23regex_gradle_dependency
FN:446,_RNvNtNtNtCs23MeGd5xNbL_10actual_cli8analysis15static_analyzer9manifests23regex_swift_package_url
FN:442,_RNvNtNtNtCs23MeGd5xNbL_10actual_cli8analysis15static_analyzer9manifests24regex_swift_package_name
FN:183,_RNvNtNtNtCs23MeGd5xNbL_10actual_cli8analysis15static_analyzer9manifests30strip_python_version_specifier
FN:596,_RNvNtNtNtNtCs23MeGd5xNbL_10actual_cli8analysis15static_analyzer9manifests5testss_11test_go_mod
FN:628,_RNvNtNtNtNtCs23MeGd5xNbL_10actual_cli8analysis15static_analyzer9manifests5testss_12test_gemfile
FN:775,_RNvNtNtNtNtCs23MeGd5xNbL_10actual_cli8analysis15static_analyzer9manifests5testss_12test_pipfile
FN:722,_RNvNtNtNtNtCs23MeGd5xNbL_10actual_cli8analysis15static_analyzer9manifests5testss_12test_pom_xml
FN:482,_RNvNtNtNtNtCs23MeGd5xNbL_10actual_cli8analysis15static_analyzer9manifests5testss_15test_cargo_toml
FN:649,_RNvNtNtNtNtCs23MeGd5xNbL_10actual_cli8analysis15static_analyzer9manifests5testss_17test_build_gradle
FN:457,_RNvNtNtNtNtCs23MeGd5xNbL_10actual_cli8analysis15static_analyzer9manifests5testss_17test_package_json
FN:750,_RNvNtNtNtNtCs23MeGd5xNbL_10actual_cli8analysis15static_analyzer9manifests5testss_18test_package_swift
FN:676,_RNvNtNtNtNtCs23MeGd5xNbL_10actual_cli8analysis15static_analyzer9manifests5testss_21test_build_gradle_kts
FN:569,_RNvNtNtNtNtCs23MeGd5xNbL_10actual_cli8analysis15static_analyzer9manifests5testss_21test_requirements_txt
FN:835,_RNvNtNtNtNtCs23MeGd5xNbL_10actual_cli8analysis15static_analyzer9manifests5testss_25test_pipfile_invalid_toml
FN:510,_RNvNtNtNtNtCs23MeGd5xNbL_10actual_cli8analysis15static_analyzer9manifests5testss_26test_pyproject_toml_pep631
FN:541,_RNvNtNtNtNtCs23MeGd5xNbL_10actual_cli8analysis15static_analyzer9manifests5testss_26test_pyproject_toml_poetry
FN:819,_RNvNtNtNtNtCs23MeGd5xNbL_10actual_cli8analysis15static_analyzer9manifests5testss_28test_cargo_toml_invalid_toml
FN:703,_RNvNtNtNtNtCs23MeGd5xNbL_10actual_cli8analysis15static_analyzer9manifests5testss_28test_dependencies_are_sorted
FN:797,_RNvNtNtNtNtCs23MeGd5xNbL_10actual_cli8analysis15static_analyzer9manifests5testss_30test_package_json_invalid_json
FN:1017,_RNvNtNtNtNtCs23MeGd5xNbL_10actual_cli8analysis15static_analyzer9manifests5testss_32test_pipfile_no_packages_section
FN:827,_RNvNtNtNtNtCs23MeGd5xNbL_10actual_cli8analysis15static_analyzer9manifests5testss_32test_pyproject_toml_invalid_toml
FN:888,_RNvNtNtNtNtCs23MeGd5xNbL_10actual_cli8analysis15static_analyzer9manifests5testss_32test_requirements_txt_with_flags
FN:924,_RNvNtNtNtNtCs23MeGd5xNbL_10actual_cli8analysis15static_analyzer9manifests5testss_35test_build_gradle_api_configuration
FN:1118,_RNvNtNtNtNtCs23MeGd5xNbL_10actual_cli8analysis15static_analyzer9manifests5testss_35test_strip_python_version_specifier
FN:1091,_RNvNtNtNtNtCs23MeGd5xNbL_10actual_cli8analysis15static_analyzer9manifests5testss_37test_build_gradle_no_matching_pattern
FN:806,_RNvNtNtNtNtCs23MeGd5xNbL_10actual_cli8analysis15static_analyzer9manifests5testss_37test_package_json_no_dependencies_key
FN:945,_RNvNtNtNtNtCs23MeGd5xNbL_10actual_cli8analysis15static_analyzer9manifests5testss_38test_build_gradle_single_quoted_parens
FN:1004,_RNvNtNtNtNtCs23MeGd5xNbL_10actual_cli8analysis15static_analyzer9manifests5testss_39test_cargo_toml_no_dependencies_section
FN:1076,_RNvNtNtNtNtCs23MeGd5xNbL_10actual_cli8analysis15static_analyzer9manifests5testss_40test_go_mod_empty_lines_in_require_block
FN:695,_RNvNtNtNtNtCs23MeGd5xNbL_10actual_cli8analysis15static_analyzer9manifests5testss_40test_missing_manifests_return_empty_deps
FN:1105,_RNvNtNtNtNtCs23MeGd5xNbL_10actual_cli8analysis15static_analyzer9manifests5testss_40test_package_swift_url_only_name_portion
FN:960,_RNvNtNtNtNtCs23MeGd5xNbL_10actual_cli8analysis15static_analyzer9manifests5testss_40test_pom_xml_dependency_without_group_id
FN:873,_RNvNtNtNtNtCs23MeGd5xNbL_10actual_cli8analysis15static_analyzer9manifests5testss_41test_go_mod_require_no_space_before_paren
FN:903,_RNvNtNtNtNtCs23MeGd5xNbL_10actual_cli8analysis15static_analyzer9manifests5testss_41test_package_swift_url_without_git_suffix
FN:1030,_RNvNtNtNtNtCs23MeGd5xNbL_10actual_cli8analysis15static_analyzer9manifests5testss_41test_pyproject_toml_non_string_dependency
FN:843,_RNvNtNtNtNtCs23MeGd5xNbL_10actual_cli8analysis15static_analyzer9manifests5testss_42test_go_mod_with_comments_in_require_block
FN:1070,_RNvNtNtNtNtCs23MeGd5xNbL_10actual_cli8analysis15static_analyzer9manifests5testss_42test_strip_python_specifier_only_specifier
FN:982,_RNvNtNtNtNtCs23MeGd5xNbL_10actual_cli8analysis15static_analyzer9manifests5testss_43test_pom_xml_dependency_without_artifact_id
FN:1044,_RNvNtNtNtNtCs23MeGd5xNbL_10actual_cli8analysis15static_analyzer9manifests5testss_49test_pyproject_toml_optional_deps_non_array_group
FN:1057,_RNvNtNtNtNtCs23MeGd5xNbL_10actual_cli8analysis15static_analyzer9manifests5testss_50test_pyproject_toml_optional_deps_non_string_items
FN:863,_RNCNvNtNtNtNtCs23MeGd5xNbL_10actual_cli8analysis15static_analyzer9manifests5testss_42test_go_mod_with_comments_in_require_block0Bb_
FNDA:0,_RNCNvNtNtNtCs14eHuuW48ek_10actual_cli8analysis15static_analyzer9manifests13parse_gemfile0B9_
FNDA:0,_RNCNvNtNtNtCs14eHuuW48ek_10actual_cli8analysis15static_analyzer9manifests13parse_gemfiles_0B9_
FNDA:0,_RNCNvNtNtNtCs14eHuuW48ek_10actual_cli8analysis15static_analyzer9manifests13parse_pipfile0B9_
FNDA:0,_RNCNvNtNtNtCs14eHuuW48ek_10actual_cli8analysis15static_analyzer9manifests13parse_pipfiles_0B9_
FNDA:0,_RNCNvNtNtNtCs14eHuuW48ek_10actual_cli8analysis15static_analyzer9manifests13parse_pom_xml0B9_
FNDA:0,_RNCNvNtNtNtCs14eHuuW48ek_10actual_cli8analysis15static_analyzer9manifests13parse_pom_xmls0_0B9_
FNDA:0,_RNCNvNtNtNtCs14eHuuW48ek_10actual_cli8analysis15static_analyzer9manifests13parse_pom_xmls1_0B9_
FNDA:0,_RNCNvNtNtNtCs14eHuuW48ek_10actual_cli8analysis15static_analyzer9manifests13parse_pom_xmls_0B9_
FNDA:0,_RNCNvNtNtNtCs14eHuuW48ek_10actual_cli8analysis15static_analyzer9manifests16parse_cargo_toml0B9_
FNDA:0,_RNCNvNtNtNtCs14eHuuW48ek_10actual_cli8analysis15static_analyzer9manifests16parse_cargo_tomls_0B9_
FNDA:0,_RNCNvNtNtNtCs14eHuuW48ek_10actual_cli8analysis15static_analyzer9manifests18parse_build_gradle0B9_
FNDA:0,_RNCNvNtNtNtCs14eHuuW48ek_10actual_cli8analysis15static_analyzer9manifests18parse_build_gradles_0B9_
FNDA:0,_RNCNvNtNtNtCs14eHuuW48ek_10actual_cli8analysis15static_analyzer9manifests18parse_package_json0B9_
FNDA:0,_RNCNvNtNtNtCs14eHuuW48ek_10actual_cli8analysis15static_analyzer9manifests18parse_package_jsons_0B9_
FNDA:0,_RNCNvNtNtNtCs14eHuuW48ek_10actual_cli8analysis15static_analyzer9manifests19parse_package_swift0B9_
FNDA:0,_RNCNvNtNtNtCs14eHuuW48ek_10actual_cli8analysis15static_analyzer9manifests20parse_pyproject_toml0B9_
FNDA:0,_RNCNvNtNtNtCs14eHuuW48ek_10actual_cli8analysis15static_analyzer9manifests20parse_pyproject_tomls0_0B9_
FNDA:0,_RNCNvNtNtNtCs14eHuuW48ek_10actual_cli8analysis15static_analyzer9manifests20parse_pyproject_tomls1_0B9_
FNDA:0,_RNCNvNtNtNtCs14eHuuW48ek_10actual_cli8analysis15static_analyzer9manifests20parse_pyproject_tomls2_0B9_
FNDA:0,_RNCNvNtNtNtCs14eHuuW48ek_10actual_cli8analysis15static_analyzer9manifests20parse_pyproject_tomls3_0B9_
FNDA:0,_RNCNvNtNtNtCs14eHuuW48ek_10actual_cli8analysis15static_analyzer9manifests20parse_pyproject_tomls4_0B9_
FNDA:0,_RNCNvNtNtNtCs14eHuuW48ek_10actual_cli8analysis15static_analyzer9manifests20parse_pyproject_tomls5_0B9_
FNDA:0,_RNCNvNtNtNtCs14eHuuW48ek_10actual_cli8analysis15static_analyzer9manifests20parse_pyproject_tomls6_0B9_
FNDA:0,_RNCNvNtNtNtCs14eHuuW48ek_10actual_cli8analysis15static_analyzer9manifests20parse_pyproject_tomls7_0B9_
FNDA:0,_RNCNvNtNtNtCs14eHuuW48ek_10actual_cli8analysis15static_analyzer9manifests20parse_pyproject_tomls_0B9_
FNDA:1,_RNCNvNtNtNtCs23MeGd5xNbL_10actual_cli8analysis15static_analyzer9manifests13parse_gemfile0B9_
FNDA:3,_RNCNvNtNtNtCs23MeGd5xNbL_10actual_cli8analysis15static_analyzer9manifests13parse_gemfiles_0B9_
FNDA:1,_RNCNvNtNtNtCs23MeGd5xNbL_10actual_cli8analysis15static_analyzer9manifests13parse_pipfile0B9_
FNDA:1,_RNCNvNtNtNtCs23MeGd5xNbL_10actual_cli8analysis15static_analyzer9manifests13parse_pipfiles_0B9_
FNDA:2,_RNCNvNtNtNtCs23MeGd5xNbL_10actual_cli8analysis15static_analyzer9manifests13parse_pom_xml0B9_
FNDA:2,_RNCNvNtNtNtCs23MeGd5xNbL_10actual_cli8analysis15static_analyzer9manifests13parse_pom_xmls0_0B9_
FNDA:2,_RNCNvNtNtNtCs23MeGd5xNbL_10actual_cli8analysis15static_analyzer9manifests13parse_pom_xmls1_0B9_
FNDA:2,_RNCNvNtNtNtCs23MeGd5xNbL_10actual_cli8analysis15static_analyzer9manifests13parse_pom_xmls_0B9_
FNDA:1,_RNCNvNtNtNtCs23MeGd5xNbL_10actual_cli8analysis15static_analyzer9manifests16parse_cargo_toml0B9_
FNDA:1,_RNCNvNtNtNtCs23MeGd5xNbL_10actual_cli8analysis15static_analyzer9manifests16parse_cargo_tomls_0B9_
FNDA:6,_RNCNvNtNtNtCs23MeGd5xNbL_10actual_cli8analysis15static_analyzer9manifests18parse_build_gradle0B9_
FNDA:1,_RNCNvNtNtNtCs23MeGd5xNbL_10actual_cli8analysis15static_analyzer9manifests18parse_build_gradles_0B9_
FNDA:2,_RNCNvNtNtNtCs23MeGd5xNbL_10actual_cli8analysis15static_analyzer9manifests18parse_package_json0B9_
FNDA:1,_RNCNvNtNtNtCs23MeGd5xNbL_10actual_cli8analysis15static_analyzer9manifests18parse_package_jsons_0B9_
FNDA:3,_RNCNvNtNtNtCs23MeGd5xNbL_10actual_cli8analysis15static_analyzer9manifests19parse_package_swift0B9_
FNDA:4,_RNCNvNtNtNtCs23MeGd5xNbL_10actual_cli8analysis15static_analyzer9manifests20parse_pyproject_toml0B9_
FNDA:4,_RNCNvNtNtNtCs23MeGd5xNbL_10actual_cli8analysis15static_analyzer9manifests20parse_pyproject_tomls0_0B9_
FNDA:3,_RNCNvNtNtNtCs23MeGd5xNbL_10actual_cli8analysis15static_analyzer9manifests20parse_pyproject_tomls1_0B9_
FNDA:1,_RNCNvNtNtNtCs23MeGd5xNbL_10actual_cli8analysis15static_analyzer9manifests20parse_pyproject_tomls2_0B9_
FNDA:1,_RNCNvNtNtNtCs23MeGd5xNbL_10actual_cli8analysis15static_analyzer9manifests20parse_pyproject_tomls3_0B9_
FNDA:1,_RNCNvNtNtNtCs23MeGd5xNbL_10actual_cli8analysis15static_analyzer9manifests20parse_pyproject_tomls4_0B9_
FNDA:1,_RNCNvNtNtNtCs23MeGd5xNbL_10actual_cli8analysis15static_analyzer9manifests20parse_pyproject_tomls5_0B9_
FNDA:1,_RNCNvNtNtNtCs23MeGd5xNbL_10actual_cli8analysis15static_analyzer9manifests20parse_pyproject_tomls6_0B9_
FNDA:1,_RNCNvNtNtNtCs23MeGd5xNbL_10actual_cli8analysis15static_analyzer9manifests20parse_pyproject_tomls7_0B9_
FNDA:2,_RNCNvNtNtNtCs23MeGd5xNbL_10actual_cli8analysis15static_analyzer9manifests20parse_pyproject_tomls_0B9_
FNDA:35,_RNvNtNtNtCs23MeGd5xNbL_10actual_cli8analysis15static_analyzer9manifests12parse_go_mod
FNDA:35,_RNvNtNtNtCs23MeGd5xNbL_10actual_cli8analysis15static_analyzer9manifests13parse_gemfile
FNDA:35,_RNvNtNtNtCs23MeGd5xNbL_10actual_cli8analysis15static_analyzer9manifests13parse_pipfile
FNDA:35,_RNvNtNtNtCs23MeGd5xNbL_10actual_cli8analysis15static_analyzer9manifests13parse_pom_xml
FNDA:1,_RNvNtNtNtCs23MeGd5xNbL_10actual_cli8analysis15static_analyzer9manifests14regex_gem_name
FNDA:35,_RNvNtNtNtCs23MeGd5xNbL_10actual_cli8analysis15static_analyzer9manifests16parse_cargo_toml
FNDA:35,_RNvNtNtNtCs23MeGd5xNbL_10actual_cli8analysis15static_analyzer9manifests18parse_build_gradle
FNDA:35,_RNvNtNtNtCs23MeGd5xNbL_10actual_cli8analysis15static_analyzer9manifests18parse_dependencies
FNDA:35,_RNvNtNtNtCs23MeGd5xNbL_10actual_cli8analysis15static_analyzer9manifests18parse_package_json
FNDA:3,_RNvNtNtNtCs23MeGd5xNbL_10actual_cli8analysis15static_analyzer9manifests18regex_pom_group_id
FNDA:35,_RNvNtNtNtCs23MeGd5xNbL_10actual_cli8analysis15static_analyzer9manifests19parse_package_swift
FNDA:35,_RNvNtNtNtCs23MeGd5xNbL_10actual_cli8analysis15static_analyzer9manifests20parse_pyproject_toml
FNDA:3,_RNvNtNtNtCs23MeGd5xNbL_10actual_cli8analysis15static_analyzer9manifests20regex_pom_dependency
FNDA:3,_RNvNtNtNtCs23MeGd5xNbL_10actual_cli8analysis15static_analyzer9manifests21regex_pom_artifact_id
FNDA:35,_RNvNtNtNtCs23MeGd5xNbL_10actual_cli8analysis15static_analyzer9manifests22parse_requirements_txt
FNDA:5,_RNvNtNtNtCs23MeGd5xNbL_10actual_cli8analysis15static_analyzer9manifests23regex_gradle_dependency
FNDA:3,_RNvNtNtNtCs23MeGd5xNbL_10actual_cli8analysis15static_analyzer9manifests23regex_swift_package_url
FNDA:3,_RNvNtNtNtCs23MeGd5xNbL_10actual_cli8analysis15static_analyzer9manifests24regex_swift_package_name
FNDA:22,_RNvNtNtNtCs23MeGd5xNbL_10actual_cli8analysis15static_analyzer9manifests30strip_python_version_specifier
FNDA:1,_RNvNtNtNtNtCs23MeGd5xNbL_10actual_cli8analysis15static_analyzer9manifests5testss_11test_go_mod
FNDA:1,_RNvNtNtNtNtCs23MeGd5xNbL_10actual_cli8analysis15static_analyzer9manifests5testss_12test_gemfile
FNDA:1,_RNvNtNtNtNtCs23MeGd5xNbL_10actual_cli8analysis15static_analyzer9manifests5testss_12test_pipfile
FNDA:1,_RNvNtNtNtNtCs23MeGd5xNbL_10actual_cli8analysis15static_analyzer9manifests5testss_12test_pom_xml
FNDA:1,_RNvNtNtNtNtCs23MeGd5xNbL_10actual_cli8analysis15static_analyzer9manifests5testss_15test_cargo_toml
FNDA:1,_RNvNtNtNtNtCs23MeGd5xNbL_10actual_cli8analysis15static_analyzer9manifests5testss_17test_build_gradle
FNDA:1,_RNvNtNtNtNtCs23MeGd5xNbL_10actual_cli8analysis15static_analyzer9manifests5testss_17test_package_json
FNDA:1,_RNvNtNtNtNtCs23MeGd5xNbL_10actual_cli8analysis15static_analyzer9manifests5testss_18test_package_swift
FNDA:1,_RNvNtNtNtNtCs23MeGd5xNbL_10actual_cli8analysis15static_analyzer9manifests5testss_21test_build_gradle_kts
FNDA:1,_RNvNtNtNtNtCs23MeGd5xNbL_10actual_cli8analysis15static_analyzer9manifests5testss_21test_requirements_txt
FNDA:1,_RNvNtNtNtNtCs23MeGd5xNbL_10actual_cli8analysis15static_analyzer9manifests5testss_25test_pipfile_invalid_toml
FNDA:1,_RNvNtNtNtNtCs23MeGd5xNbL_10actual_cli8analysis15static_analyzer9manifests5testss_26test_pyproject_toml_pep631
FNDA:1,_RNvNtNtNtNtCs23MeGd5xNbL_10actual_cli8analysis15static_analyzer9manifests5testss_26test_pyproject_toml_poetry
FNDA:1,_RNvNtNtNtNtCs23MeGd5xNbL_10actual_cli8analysis15static_analyzer9manifests5testss_28test_cargo_toml_invalid_toml
FNDA:1,_RNvNtNtNtNtCs23MeGd5xNbL_10actual_cli8analysis15static_analyzer9manifests5testss_28test_dependencies_are_sorted
FNDA:1,_RNvNtNtNtNtCs23MeGd5xNbL_10actual_cli8analysis15static_analyzer9manifests5testss_30test_package_json_invalid_json
FNDA:1,_RNvNtNtNtNtCs23MeGd5xNbL_10actual_cli8analysis15static_analyzer9manifests5testss_32test_pipfile_no_packages_section
FNDA:1,_RNvNtNtNtNtCs23MeGd5xNbL_10actual_cli8analysis15static_analyzer9manifests5testss_32test_pyproject_toml_invalid_toml
FNDA:1,_RNvNtNtNtNtCs23MeGd5xNbL_10actual_cli8analysis15static_analyzer9manifests5testss_32test_requirements_txt_with_flags
FNDA:1,_RNvNtNtNtNtCs23MeGd5xNbL_10actual_cli8analysis15static_analyzer9manifests5testss_35test_build_gradle_api_configuration
FNDA:1,_RNvNtNtNtNtCs23MeGd5xNbL_10actual_cli8analysis15static_analyzer9manifests5testss_35test_strip_python_version_specifier
FNDA:1,_RNvNtNtNtNtCs23MeGd5xNbL_10actual_cli8analysis15static_analyzer9manifests5testss_37test_build_gradle_no_matching_pattern
FNDA:1,_RNvNtNtNtNtCs23MeGd5xNbL_10actual_cli8analysis15static_analyzer9manifests5testss_37test_package_json_no_dependencies_key
FNDA:1,_RNvNtNtNtNtCs23MeGd5xNbL_10actual_cli8analysis15static_analyzer9manifests5testss_38test_build_gradle_single_quoted_parens
FNDA:1,_RNvNtNtNtNtCs23MeGd5xNbL_10actual_cli8analysis15static_analyzer9manifests5testss_39test_cargo_toml_no_dependencies_section
FNDA:1,_RNvNtNtNtNtCs23MeGd5xNbL_10actual_cli8analysis15static_analyzer9manifests5testss_40test_go_mod_empty_lines_in_require_block
FNDA:1,_RNvNtNtNtNtCs23MeGd5xNbL_10actual_cli8analysis15static_analyzer9manifests5testss_40test_missing_manifests_return_empty_deps
FNDA:1,_RNvNtNtNtNtCs23MeGd5xNbL_10actual_cli8analysis15static_analyzer9manifests5testss_40test_package_swift_url_only_name_portion
FNDA:1,_RNvNtNtNtNtCs23MeGd5xNbL_10actual_cli8analysis15static_analyzer9manifests5testss_40test_pom_xml_dependency_without_group_id
FNDA:1,_RNvNtNtNtNtCs23MeGd5xNbL_10actual_cli8analysis15static_analyzer9manifests5testss_41test_go_mod_require_no_space_before_paren
FNDA:1,_RNvNtNtNtNtCs23MeGd5xNbL_10actual_cli8analysis15static_analyzer9manifests5testss_41test_package_swift_url_without_git_suffix
FNDA:1,_RNvNtNtNtNtCs23MeGd5xNbL_10actual_cli8analysis15static_analyzer9manifests5testss_41test_pyproject_toml_non_string_dependency
FNDA:1,_RNvNtNtNtNtCs23MeGd5xNbL_10actual_cli8analysis15static_analyzer9manifests5testss_42test_go_mod_with_comments_in_require_block
FNDA:1,_RNvNtNtNtNtCs23MeGd5xNbL_10actual_cli8analysis15static_analyzer9manifests5testss_42test_strip_python_specifier_only_specifier
FNDA:1,_RNvNtNtNtNtCs23MeGd5xNbL_10actual_cli8analysis15static_analyzer9manifests5testss_43test_pom_xml_dependency_without_artifact_id
FNDA:1,_RNvNtNtNtNtCs23MeGd5xNbL_10actual_cli8analysis15static_analyzer9manifests5testss_49test_pyproject_toml_optional_deps_non_array_group
FNDA:1,_RNvNtNtNtNtCs23MeGd5xNbL_10actual_cli8analysis15static_analyzer9manifests5testss_50test_pyproject_toml_optional_deps_non_string_items
FNDA:2,_RNCNvNtNtNtNtCs23MeGd5xNbL_10actual_cli8analysis15static_analyzer9manifests5testss_42test_go_mod_with_comments_in_require_block0Bb_
FNF:82
FNH:82
DA:18,35
DA:19,35
DA:20,35
DA:22,35
DA:23,35
DA:24,35
DA:25,35
DA:26,35
DA:27,35
DA:28,35
DA:29,35
DA:30,35
DA:31,35
DA:33,35
DA:34,35
DA:35,35
DA:36,35
DA:38,35
DA:39,35
DA:40,35
DA:41,35
DA:42,35
DA:46,35
DA:47,35
DA:48,35
DA:49,35
DA:50,35
DA:51,35
DA:52,35
DA:53,4
DA:54,31
DA:56,4
DA:57,3
DA:58,1
DA:61,3
DA:62,5
DA:63,5
DA:64,5
DA:65,1
DA:66,3
DA:67,2
DA:68,2
DA:69,2
DA:70,2
DA:71,35
DA:75,35
DA:76,35
DA:77,35
DA:78,35
DA:79,35
DA:80,35
DA:81,35
DA:82,3
DA:83,32
DA:85,3
DA:86,2
DA:87,1
DA:90,2
DA:91,3
DA:92,3
DA:93,3
DA:94,1
DA:95,2
DA:96,1
DA:97,1
DA:98,1
DA:99,1
DA:100,35
DA:104,35
DA:105,35
DA:106,35
DA:107,35
DA:108,35
DA:109,35
DA:110,35
DA:111,6
DA:112,29
DA:114,6
DA:115,5
DA:116,1
DA:120,5
DA:121,5
DA:122,5
DA:123,5
DA:125,7
DA:126,5
DA:127,4
DA:128,4
DA:129,4
DA:130,1
DA:132,3
DA:135,5
DA:136,5
DA:137,5
DA:138,5
DA:140,6
DA:141,3
DA:142,6
DA:143,4
DA:144,3
DA:145,3
DA:146,3
DA:147,1
DA:149,1
DA:151,2
DA:154,5
DA:155,5
DA:156,5
DA:157,5
DA:158,5
DA:160,3
DA:161,3
DA:162,2
DA:163,2
DA:165,4
DA:168,5
DA:169,5
DA:170,5
DA:171,5
DA:172,5
DA:174,1
DA:175,1
DA:176,1
DA:177,4
DA:178,35
DA:183,22
DA:184,22
DA:185,22
DA:186,1
DA:187,21
DA:190,21
DA:191,21
DA:192,21
DA:194,21
DA:195,21
DA:196,1
DA:197,20
DA:203,20
DA:204,22
DA:208,35
DA:209,35
DA:210,35
DA:211,2
DA:212,33
DA:215,13
DA:216,13
DA:218,13
DA:219,7
DA:220,6
DA:221,6
DA:222,6
DA:223,6
DA:225,35
DA:229,35
DA:230,35
DA:231,35
DA:232,3
DA:233,32
DA:235,3
DA:236,2
DA:237,1
DA:240,2
DA:241,2
DA:242,2
DA:243,2
DA:244,1
DA:245,2
DA:246,1
DA:247,1
DA:248,1
DA:249,1
DA:250,35
DA:254,35
DA:255,35
DA:256,35
DA:257,4
DA:258,31
DA:261,4
DA:263,37
DA:264,37
DA:266,37
DA:267,4
DA:268,4
DA:269,33
DA:271,33
DA:272,13
DA:273,4
DA:274,4
DA:275,9
DA:277,9
DA:278,7
DA:279,6
DA:280,6
DA:281,2
DA:282,9
DA:283,20
DA:286,20
DA:287,1
DA:288,1
DA:289,1
DA:290,1
DA:291,19
DA:293,35
DA:297,35
DA:298,35
DA:299,35
DA:300,1
DA:301,34
DA:305,1
DA:306,3
DA:308,3
DA:309,3
DA:310,3
DA:311,3
DA:312,3
DA:313,3
DA:314,3
DA:316,35
DA:319,1
DA:320,1
DA:321,1
DA:325,35
DA:326,35
DA:327,35
DA:328,3
DA:329,32
DA:333,3
DA:334,3
DA:335,3
DA:337,3
DA:338,3
DA:339,3
DA:340,3
DA:341,3
DA:342,3
DA:343,3
DA:344,3
DA:345,3
DA:346,3
DA:348,3
DA:349,2
DA:350,2
DA:351,3
DA:352,2
DA:353,2
DA:355,35
DA:357,3
DA:358,3
DA:359,3
DA:361,3
DA:362,3
DA:363,3
DA:365,3
DA:366,3
DA:367,3
DA:371,35
DA:372,105
DA:373,70
DA:374,70
DA:375,5
DA:376,65
DA:379,5
DA:380,8
DA:382,8
DA:383,8
DA:384,8
DA:385,8
DA:386,8
DA:387,8
DA:389,8
DA:390,8
DA:391,8
DA:392,8
DA:393,8
DA:394,8
DA:397,35
DA:399,5
DA:402,5
DA:403,5
DA:405,5
DA:406,5
DA:410,35
DA:411,35
DA:412,35
DA:413,3
DA:414,32
DA:418,3
DA:419,3
DA:420,1
DA:421,1
DA:422,1
DA:425,3
DA:426,3
DA:428,3
DA:429,3
DA:430,3
DA:431,3
DA:432,3
DA:433,3
DA:434,3
DA:435,3
DA:436,3
DA:437,3
DA:438,3
DA:440,35
DA:442,3
DA:443,3
DA:444,3
DA:446,3
DA:447,3
DA:448,3
DA:457,1
DA:458,1
DA:459,1
DA:460,1
DA:472,1
DA:474,1
DA:475,1
DA:476,1
DA:477,1
DA:478,1
DA:479,1
DA:482,1
DA:483,1
DA:484,1
DA:485,1
DA:500,1
DA:502,1
DA:503,1
DA:504,1
DA:505,1
DA:506,1
DA:507,1
DA:510,1
DA:511,1
DA:512,1
DA:513,1
DA:530,1
DA:532,1
DA:533,1
DA:534,1
DA:535,1
DA:536,1
DA:537,1
DA:538,1
DA:541,1
DA:542,1
DA:543,1
DA:544,1
DA:558,1
DA:560,1
DA:561,1
DA:562,1
DA:564,1
DA:565,1
DA:566,1
DA:569,1
DA:570,1
DA:571,1
DA:572,1
DA:585,1
DA:587,1
DA:588,1
DA:589,1
DA:590,1
DA:591,1
DA:592,1
DA:593,1
DA:596,1
DA:597,1
DA:598,1
DA:599,1
DA:613,1
DA:615,1
DA:616,1
DA:617,1
DA:618,1
DA:619,1
DA:620,1
DA:621,1
DA:622,1
DA:623,1
DA:624,1
DA:625,1
DA:628,1
DA:629,1
DA:630,1
DA:631,1
DA:640,1
DA:642,1
DA:643,1
DA:644,1
DA:645,1
DA:646,1
DA:649,1
DA:650,1
DA:651,1
DA:652,1
DA:664,1
DA:666,1
DA:667,1
DA:668,1
DA:669,1
DA:670,1
DA:671,1
DA:672,1
DA:673,1
DA:676,1
DA:677,1
DA:678,1
DA:679,1
DA:687,1
DA:689,1
DA:690,1
DA:691,1
DA:692,1
DA:695,1
DA:696,1
DA:697,1
DA:698,1
DA:699,1
DA:700,1
DA:703,1
DA:704,1
DA:705,1
DA:706,1
DA:715,1
DA:717,1
DA:718,1
DA:719,1
DA:722,1
DA:723,1
DA:724,1
DA:725,1
DA:738,1
DA:740,1
DA:741,1
DA:742,1
DA:743,1
DA:744,1
DA:745,1
DA:746,1
DA:747,1
DA:750,1
DA:751,1
DA:752,1
DA:753,1
DA:767,1
DA:769,1
DA:770,1
DA:771,1
DA:772,1
DA:775,1
DA:776,1
DA:777,1
DA:778,1
DA:788,1
DA:790,1
DA:791,1
DA:792,1
DA:793,1
DA:794,1
DA:797,1
DA:798,1
DA:799,1
DA:800,1
DA:802,1
DA:803,1
DA:806,1
DA:807,1
DA:808,1
DA:809,1
DA:812,1
DA:813,1
DA:814,1
DA:815,1
DA:816,1
DA:819,1
DA:820,1
DA:821,1
DA:822,1
DA:823,1
DA:824,1
DA:827,1
DA:828,1
DA:829,1
DA:830,1
DA:831,1
DA:832,1
DA:835,1
DA:836,1
DA:837,1
DA:838,1
DA:839,1
DA:840,1
DA:843,1
DA:844,1
DA:845,1
DA:846,1
DA:859,1
DA:861,1
DA:863,2
DA:864,1
DA:865,1
DA:866,1
DA:867,1
DA:868,1
DA:869,1
DA:870,1
DA:873,1
DA:874,1
DA:875,1
DA:876,1
DA:879,1
DA:881,1
DA:882,1
DA:883,1
DA:884,1
DA:885,1
DA:888,1
DA:889,1
DA:890,1
DA:891,1
DA:894,1
DA:896,1
DA:898,1
DA:899,1
DA:900,1
DA:903,1
DA:904,1
DA:905,1
DA:906,1
DA:915,1
DA:917,1
DA:918,1
DA:919,1
DA:920,1
DA:921,1
DA:924,1
DA:925,1
DA:926,1
DA:927,1
DA:936,1
DA:938,1
DA:939,1
DA:940,1
DA:941,1
DA:942,1
DA:945,1
DA:947,1
DA:948,1
DA:949,1
DA:952,1
DA:954,1
DA:955,1
DA:956,1
DA:957,1
DA:960,1
DA:961,1
DA:962,1
DA:963,1
DA:975,1
DA:977,1
DA:978,1
DA:979,1
DA:982,1
DA:983,1
DA:984,1
DA:985,1
DA:997,1
DA:999,1
DA:1000,1
DA:1001,1
DA:1004,1
DA:1005,1
DA:1006,1
DA:1007,1
DA:1010,1
DA:1011,1
DA:1012,1
DA:1013,1
DA:1014,1
DA:1017,1
DA:1018,1
DA:1019,1
DA:1020,1
DA:1023,1
DA:1024,1
DA:1025,1
DA:1026,1
DA:1027,1
DA:1030,1
DA:1032,1
DA:1033,1
DA:1034,1
DA:1037,1
DA:1038,1
DA:1039,1
DA:1041,1
DA:1044,1
DA:1046,1
DA:1047,1
DA:1048,1
DA:1051,1
DA:1052,1
DA:1053,1
DA:1054,1
DA:1057,1
DA:1059,1
DA:1060,1
DA:1061,1
DA:1064,1
DA:1065,1
DA:1066,1
DA:1067,1
DA:1070,1
DA:1072,1
DA:1073,1
DA:1076,1
DA:1077,1
DA:1078,1
DA:1079,1
DA:1082,1
DA:1084,1
DA:1085,1
DA:1086,1
DA:1087,1
DA:1088,1
DA:1091,1
DA:1093,1
DA:1094,1
DA:1095,1
DA:1098,1
DA:1099,1
DA:1101,1
DA:1102,1
DA:1105,1
DA:1107,1
DA:1108,1
DA:1109,1
DA:1112,1
DA:1113,1
DA:1114,1
DA:1115,1
DA:1118,1
DA:1119,1
DA:1120,1
DA:1121,1
DA:1123,1
DA:1124,1
DA:1125,1
DA:1127,1
DA:1128,1
DA:1129,1
DA:1131,1
DA:1132,1
DA:1133,1
DA:1135,1
DA:1136,1
DA:1137,1
DA:1139,1
DA:1140,1
DA:1141,1
DA:1143,1
DA:1144,1
DA:1145,1
DA:1146,1
DA:1148,1
BRF:0
BRH:0
LF:694
LH:694
end_of_record
SF:/Users/poile/repos/actualai/actual-cli/.worktrees/2u6.4/src/analysis/static_analyzer/registry.rs
FN:316,_RNvNtNtNtCs14eHuuW48ek_10actual_cli8analysis15static_analyzer8registry6lookup
FN:320,_RNCNvNtNtNtCs14eHuuW48ek_10actual_cli8analysis15static_analyzer8registry6lookup0B9_
FN:329,_RNCNvNtNtNtCs14eHuuW48ek_10actual_cli8analysis15static_analyzer8registry6lookups_0B9_
FN:344,_RNCNvNtNtNtNtCs23MeGd5xNbL_10actual_cli8analysis15static_analyzer8registry5testss_42all_registry_entries_have_valid_categories0Bb_
FN:316,_RNvNtNtNtCs23MeGd5xNbL_10actual_cli8analysis15static_analyzer8registry6lookup
FN:320,_RNCNvNtNtNtCs23MeGd5xNbL_10actual_cli8analysis15static_analyzer8registry6lookup0B9_
FN:329,_RNCNvNtNtNtCs23MeGd5xNbL_10actual_cli8analysis15static_analyzer8registry6lookups_0B9_
FN:356,_RNvNtNtNtNtCs23MeGd5xNbL_10actual_cli8analysis15static_analyzer8registry5testss_18lookup_exact_match
FN:363,_RNvNtNtNtNtCs23MeGd5xNbL_10actual_cli8analysis15static_analyzer8registry5testss_22lookup_go_module_exact
FN:369,_RNvNtNtNtNtCs23MeGd5xNbL_10actual_cli8analysis15static_analyzer8registry5testss_26lookup_go_module_versioned
FN:375,_RNvNtNtNtNtCs23MeGd5xNbL_10actual_cli8analysis15static_analyzer8registry5testss_27lookup_missing_returns_none
FN:380,_RNvNtNtNtNtCs23MeGd5xNbL_10actual_cli8analysis15static_analyzer8registry5testss_39registry_has_entries_for_all_ecosystems
FN:341,_RNvNtNtNtNtCs23MeGd5xNbL_10actual_cli8analysis15static_analyzer8registry5testss_42all_registry_entries_have_valid_categories
FNDA:0,_RNvNtNtNtCs14eHuuW48ek_10actual_cli8analysis15static_analyzer8registry6lookup
FNDA:0,_RNCNvNtNtNtCs14eHuuW48ek_10actual_cli8analysis15static_analyzer8registry6lookup0B9_
FNDA:0,_RNCNvNtNtNtCs14eHuuW48ek_10actual_cli8analysis15static_analyzer8registry6lookups_0B9_
FNDA:58,_RNCNvNtNtNtNtCs23MeGd5xNbL_10actual_cli8analysis15static_analyzer8registry5testss_42all_registry_entries_have_valid_categories0Bb_
FNDA:20,_RNvNtNtNtCs23MeGd5xNbL_10actual_cli8analysis15static_analyzer8registry6lookup
FNDA:508,_RNCNvNtNtNtCs23MeGd5xNbL_10actual_cli8analysis15static_analyzer8registry6lookup0B9_
FNDA:44,_RNCNvNtNtNtCs23MeGd5xNbL_10actual_cli8analysis15static_analyzer8registry6lookups_0B9_
FNDA:1,_RNvNtNtNtNtCs23MeGd5xNbL_10actual_cli8analysis15static_analyzer8registry5testss_18lookup_exact_match
FNDA:1,_RNvNtNtNtNtCs23MeGd5xNbL_10actual_cli8analysis15static_analyzer8registry5testss_22lookup_go_module_exact
FNDA:1,_RNvNtNtNtNtCs23MeGd5xNbL_10actual_cli8analysis15static_analyzer8registry5testss_26lookup_go_module_versioned
FNDA:1,_RNvNtNtNtNtCs23MeGd5xNbL_10actual_cli8analysis15static_analyzer8registry5testss_27lookup_missing_returns_none
FNDA:1,_RNvNtNtNtNtCs23MeGd5xNbL_10actual_cli8analysis15static_analyzer8registry5testss_39registry_has_entries_for_all_ecosystems
FNDA:1,_RNvNtNtNtNtCs23MeGd5xNbL_10actual_cli8analysis15static_analyzer8registry5testss_42all_registry_entries_have_valid_categories
FNF:10
FNH:10
DA:316,20
DA:318,20
DA:319,20
DA:320,508
DA:322,17
DA:323,3
DA:326,3
DA:327,1
DA:328,1
DA:329,44
DA:330,2
DA:332,2
DA:333,20
DA:341,1
DA:342,1
DA:343,1
DA:344,58
DA:345,58
DA:346,58
DA:349,58
DA:350,1
DA:351,1
DA:352,1
DA:353,1
DA:356,1
DA:357,1
DA:358,1
DA:359,1
DA:360,1
DA:363,1
DA:364,1
DA:365,1
DA:366,1
DA:369,1
DA:370,1
DA:371,1
DA:372,1
DA:375,1
DA:376,1
DA:377,1
DA:380,1
DA:382,1
DA:383,1
DA:384,1
DA:385,1
DA:386,1
DA:387,1
DA:388,1
DA:389,1
DA:390,7
DA:391,6
DA:393,1
BRF:0
BRH:0
LF:55
LH:55
end_of_record
SF:/Users/poile/repos/actualai/actual-cli/.worktrees/2u6.4/src/analysis/types.rs
FN:72,_RNvMNtNtCs14eHuuW48ek_10actual_cli8analysis5typesNtB2_8Language20from_str_insensitive
FN:50,_RNvMNtNtCs14eHuuW48ek_10actual_cli8analysis5typesNtB2_8Language6as_str
FN:164,_RNvMs2_NtNtCs14eHuuW48ek_10actual_cli8analysis5typesNtB5_17FrameworkCategory20from_str_insensitive
FN:145,_RNvMs2_NtNtCs14eHuuW48ek_10actual_cli8analysis5typesNtB5_17FrameworkCategory6as_str
FN:108,_RNvXs1_NtNtCs14eHuuW48ek_10actual_cli8analysis5typesNtB5_8LanguageNtNtCsd2KPTObkMr_4core3fmt7Display3fmt
FN:101,_RINvXs0_NtNtCs14eHuuW48ek_10actual_cli8analysis5typesNtB6_8LanguageNtNtCsjjJ2I7eriog_10serde_core2de11Deserialize11deserializeNtNtCsg9lTFOLt0QY_10serde_yaml5value5ValueEBa_
FN:101,_RINvXs0_NtNtCs14eHuuW48ek_10actual_cli8analysis5typesNtB6_8LanguageNtNtCsjjJ2I7eriog_10serde_core2de11Deserialize11deserializeQINtNtCshA07nRiVXfX_10serde_json2de12DeserializerNtNtB26_4read9SliceReadEEBa_
FN:189,_RINvXs3_NtNtCs14eHuuW48ek_10actual_cli8analysis5typesNtB6_17FrameworkCategoryNtNtCsjjJ2I7eriog_10serde_core3ser9Serialize9serializeNtNtNtCsg9lTFOLt0QY_10serde_yaml5value3ser10SerializerEBa_
[...]
FN:251,_RNvNtNtNtCs23MeGd5xNbL_10actual_cli9tailoring6invoke5testss_32test_wrong_path_validation_error
FN:219,_RNvNtNtNtCs23MeGd5xNbL_10actual_cli9tailoring6invoke5testss_35test_empty_content_validation_error
FN:280,_RNvNtNtNtCs23MeGd5xNbL_10actual_cli9tailoring6invoke5testss_38test_unknown_adr_id_filtered_not_error
FN:308,_RNvNtNtNtCs23MeGd5xNbL_10actual_cli9tailoring6invoke5testss_50test_all_adr_ids_hallucinated_results_in_empty_ids
FNDA:10,_RNvNtNtCs14eHuuW48ek_10actual_cli9tailoring6invoke10build_args
FNDA:8,_RNvNtNtCs14eHuuW48ek_10actual_cli9tailoring6invoke26validate_and_filter_output
FNDA:10,_RINvNtNtCs14eHuuW48ek_10actual_cli9tailoring6invoke16invoke_tailoringNtNtNtB6_6claude10subprocess15CliClaudeRunnerEB6_
FNDA:10,_RNCINvNtNtCs14eHuuW48ek_10actual_cli9tailoring6invoke16invoke_tailoringNtNtNtB8_6claude10subprocess15CliClaudeRunnerE0B8_
FNDA:14,_RNCNCINvNtNtCs14eHuuW48ek_10actual_cli9tailoring6invoke16invoke_tailoringNtNtNtBa_6claude10subprocess15CliClaudeRunnerE00Ba_
FNDA:11,_RNCNvNtNtCs14eHuuW48ek_10actual_cli9tailoring6invoke26validate_and_filter_output0B7_
FNDA:0,_RNCNvNtNtCs14eHuuW48ek_10actual_cli9tailoring6invoke26validate_and_filter_outputs_0B7_
FNDA:7,_RINvNtNtCs23MeGd5xNbL_10actual_cli9tailoring6invoke16invoke_tailoringNtNtB2_5tests16MockClaudeRunnerEB6_
FNDA:14,_RINvNtNtCs23MeGd5xNbL_10actual_cli9tailoring6invoke16invoke_tailoringNtNtNtB4_10concurrent5tests20ConcurrentMockRunnerEB6_
FNDA:0,_RINvNtNtCs23MeGd5xNbL_10actual_cli9tailoring6invoke16invoke_tailoringNtNtNtB6_6claude10subprocess15CliClaudeRunnerEB6_
FNDA:1,_RINvNtNtCs23MeGd5xNbL_10actual_cli9tailoring6invoke16invoke_tailoringNtNtNtNtNtB6_3cli8commands4sync5tests10MockRunnerEB6_
FNDA:7,_RNCINvNtNtCs23MeGd5xNbL_10actual_cli9tailoring6invoke16invoke_tailoringNtNtB4_5tests16MockClaudeRunnerE0B8_
FNDA:14,_RNCINvNtNtCs23MeGd5xNbL_10actual_cli9tailoring6invoke16invoke_tailoringNtNtNtB6_10concurrent5tests20ConcurrentMockRunnerE0B8_
FNDA:0,_RNCINvNtNtCs23MeGd5xNbL_10actual_cli9tailoring6invoke16invoke_tailoringNtNtNtB8_6claude10subprocess15CliClaudeRunnerE0B8_
FNDA:1,_RNCINvNtNtCs23MeGd5xNbL_10actual_cli9tailoring6invoke16invoke_tailoringNtNtNtNtNtB8_3cli8commands4sync5tests10MockRunnerE0B8_
FNDA:8,_RNCNCINvNtNtCs23MeGd5xNbL_10actual_cli9tailoring6invoke16invoke_tailoringNtNtB6_5tests16MockClaudeRunnerE00Ba_
FNDA:17,_RNCNCINvNtNtCs23MeGd5xNbL_10actual_cli9tailoring6invoke16invoke_tailoringNtNtNtB8_10concurrent5tests20ConcurrentMockRunnerE00Ba_
FNDA:0,_RNCNCINvNtNtCs23MeGd5xNbL_10actual_cli9tailoring6invoke16invoke_tailoringNtNtNtBa_6claude10subprocess15CliClaudeRunnerE00Ba_
FNDA:1,_RNCNCINvNtNtCs23MeGd5xNbL_10actual_cli9tailoring6invoke16invoke_tailoringNtNtNtNtNtBa_3cli8commands4sync5tests10MockRunnerE00Ba_
FNDA:22,_RNCNvNtNtCs23MeGd5xNbL_10actual_cli9tailoring6invoke26validate_and_filter_output0B7_
FNDA:4,_RNCNvNtNtCs23MeGd5xNbL_10actual_cli9tailoring6invoke26validate_and_filter_outputs_0B7_
FNDA:22,_RNvNtNtCs23MeGd5xNbL_10actual_cli9tailoring6invoke10build_args
FNDA:19,_RNvNtNtCs23MeGd5xNbL_10actual_cli9tailoring6invoke26validate_and_filter_output
FNDA:8,_RINvXs_NtNtNtCs23MeGd5xNbL_10actual_cli9tailoring6invoke5testsNtB5_16MockClaudeRunnerNtNtNtBb_6claude10subprocess12ClaudeRunner3runNtNtB9_5types15TailoringOutputEBb_
FNDA:8,_RNCINvXs_NtNtNtCs23MeGd5xNbL_10actual_cli9tailoring6invoke5testsNtB7_16MockClaudeRunnerNtNtNtBd_6claude10subprocess12ClaudeRunner3runNtNtBb_5types15TailoringOutputE0Bd_
FNDA:3,_RNCNvNtNtNtCs23MeGd5xNbL_10actual_cli9tailoring6invoke5tests17valid_output_json0B9_
FNDA:1,_RNCNvNtNtNtCs23MeGd5xNbL_10actual_cli9tailoring6invoke5testss_17test_valid_output0B9_
FNDA:1,_RNCNvNtNtNtCs23MeGd5xNbL_10actual_cli9tailoring6invoke5testss_26test_retry_on_invalid_json0B9_
FNDA:1,_RNCNvNtNtNtCs23MeGd5xNbL_10actual_cli9tailoring6invoke5testss_32test_non_parse_error_not_retried0B9_
FNDA:1,_RNCNvNtNtNtCs23MeGd5xNbL_10actual_cli9tailoring6invoke5testss_32test_wrong_path_validation_error0B9_
FNDA:1,_RNCNvNtNtNtCs23MeGd5xNbL_10actual_cli9tailoring6invoke5testss_35test_empty_content_validation_error0B9_
FNDA:1,_RNCNvNtNtNtCs23MeGd5xNbL_10actual_cli9tailoring6invoke5testss_38test_unknown_adr_id_filtered_not_error0B9_
FNDA:1,_RNCNvNtNtNtCs23MeGd5xNbL_10actual_cli9tailoring6invoke5testss_50test_all_adr_ids_hallucinated_results_in_empty_ids0B9_
FNDA:1,_RNvMNtNtNtCs23MeGd5xNbL_10actual_cli9tailoring6invoke5testsNtB2_16MockClaudeRunner17from_json_strings
FNDA:7,_RNvMNtNtNtCs23MeGd5xNbL_10actual_cli9tailoring6invoke5testsNtB2_16MockClaudeRunner3new
FNDA:5,_RNvMNtNtNtCs23MeGd5xNbL_10actual_cli9tailoring6invoke5testsNtB2_16MockClaudeRunner6single
FNDA:2,_RNvNtNtNtCs23MeGd5xNbL_10actual_cli9tailoring6invoke5tests17valid_output_json
FNDA:8,_RNvNtNtNtCs23MeGd5xNbL_10actual_cli9tailoring6invoke5tests8make_adr
FNDA:1,_RNvNtNtNtCs23MeGd5xNbL_10actual_cli9tailoring6invoke5testss_17test_valid_output
FNDA:1,_RNvNtNtNtCs23MeGd5xNbL_10actual_cli9tailoring6invoke5testss_26test_retry_on_invalid_json
FNDA:1,_RNvNtNtNtCs23MeGd5xNbL_10actual_cli9tailoring6invoke5testss_32test_non_parse_error_not_retried
FNDA:1,_RNvNtNtNtCs23MeGd5xNbL_10actual_cli9tailoring6invoke5testss_32test_wrong_path_validation_error
FNDA:1,_RNvNtNtNtCs23MeGd5xNbL_10actual_cli9tailoring6invoke5testss_35test_empty_content_validation_error
FNDA:1,_RNvNtNtNtCs23MeGd5xNbL_10actual_cli9tailoring6invoke5testss_38test_unknown_adr_id_filtered_not_error
FNDA:1,_RNvNtNtNtCs23MeGd5xNbL_10actual_cli9tailoring6invoke5testss_50test_all_adr_ids_hallucinated_results_in_empty_ids
FNF:29
FNH:29
DA:15,32
DA:16,32
DA:17,32
DA:18,32
DA:19,32
DA:20,32
DA:21,32
DA:22,32
DA:23,32
DA:24,32
DA:25,32
DA:26,32
DA:27,32
DA:28,32
DA:30,40
DA:33,32
DA:34,26
DA:37,3
DA:38,1
DA:40,3
DA:42,32
DA:45,32
DA:46,32
DA:47,32
DA:48,32
DA:49,32
DA:50,32
DA:51,32
DA:52,32
DA:53,32
DA:54,32
DA:56,32
DA:57,32
DA:59,32
DA:60,32
DA:61,32
DA:62,32
DA:63,32
DA:69,27
DA:70,27
DA:71,27
DA:72,27
DA:73,56
DA:74,31
DA:75,1
DA:76,1
DA:77,1
DA:78,1
DA:79,30
DA:80,30
DA:81,1
DA:82,1
DA:83,1
DA:84,1
DA:85,29
DA:86,29
DA:87,29
DA:88,29
DA:89,33
DA:90,29
DA:91,29
DA:92,29
DA:93,2
DA:94,2
DA:95,2
DA:97,2
DA:99,4
DA:100,27
DA:102,25
DA:103,27
DA:128,7
DA:129,7
DA:130,7
DA:131,7
DA:132,7
DA:133,7
DA:135,5
DA:136,5
DA:137,5
DA:139,1
DA:140,1
DA:141,1
DA:145,8
DA:146,8
DA:147,8
DA:148,8
DA:149,8
DA:150,8
DA:152,8
DA:153,8
DA:154,7
DA:155,7
DA:156,6
DA:158,1
DA:160,8
DA:163,8
DA:164,8
DA:165,8
DA:166,8
DA:167,8
DA:168,8
DA:169,8
DA:170,8
DA:171,8
DA:172,8
DA:173,8
DA:174,8
DA:175,8
DA:176,8
DA:177,8
DA:178,8
DA:179,8
DA:180,8
DA:181,8
DA:183,2
DA:184,2
DA:185,2
DA:186,2
DA:187,2
DA:188,2
DA:189,3
DA:191,2
DA:192,2
DA:193,2
DA:194,2
DA:195,2
DA:196,2
DA:197,2
DA:199,2
DA:200,2
DA:203,1
DA:204,1
DA:205,1
DA:206,1
DA:208,1
DA:210,1
DA:211,1
DA:212,1
DA:213,1
DA:214,1
DA:215,1
DA:216,1
DA:219,1
DA:220,1
DA:221,1
DA:222,1
DA:223,1
DA:224,1
DA:225,1
DA:226,1
DA:227,1
DA:228,1
DA:229,1
DA:230,1
DA:231,1
DA:232,1
DA:233,1
DA:234,1
DA:235,1
DA:236,1
DA:237,1
DA:239,1
DA:241,1
DA:242,1
DA:243,1
DA:244,1
DA:245,0
DA:247,1
DA:248,1
DA:251,1
DA:252,1
DA:253,1
DA:254,1
DA:255,1
DA:256,1
DA:257,1
DA:258,1
DA:259,1
DA:260,1
DA:261,1
DA:262,1
DA:263,1
DA:264,1
DA:265,1
DA:266,1
DA:267,1
DA:268,1
DA:269,1
DA:271,1
DA:273,1
DA:274,1
DA:275,1
DA:276,1
DA:277,1
DA:280,1
DA:281,1
DA:282,1
DA:283,1
DA:284,1
DA:285,1
DA:286,1
DA:287,1
DA:288,1
DA:289,1
DA:290,1
DA:291,1
DA:292,1
DA:293,1
DA:294,1
DA:295,1
DA:296,1
DA:297,1
DA:298,1
DA:300,1
DA:302,1
DA:304,1
DA:305,1
DA:308,1
DA:309,1
DA:310,1
DA:311,1
DA:312,1
DA:313,1
DA:314,1
DA:315,1
DA:316,1
DA:317,1
DA:318,1
DA:319,1
DA:320,1
DA:321,1
DA:322,1
DA:323,1
DA:324,1
DA:325,1
DA:326,1
DA:328,1
DA:330,1
DA:331,1
DA:332,1
DA:335,1
DA:336,1
DA:337,1
DA:338,1
DA:339,1
DA:341,1
DA:343,1
DA:344,1
DA:345,1
DA:346,1
DA:347,1
DA:350,1
DA:351,1
DA:352,1
DA:353,1
DA:354,1
DA:355,1
DA:356,1
DA:357,1
DA:359,1
DA:361,1
DA:362,1
DA:363,1
DA:364,1
BRF:0
BRH:0
LF:284
LH:283
end_of_record
SF:/Users/poile/repos/actualai/actual-cli/.worktrees/2u6.4/src/tailoring/types.rs
FN:126,_RNvNtNtNtCs23MeGd5xNbL_10actual_cli9tailoring5types5testss_14test_roundtrip
FN:57,_RNvNtNtNtCs23MeGd5xNbL_10actual_cli9tailoring5types5testss_23test_deserialize_sample
FN:153,_RNvNtNtNtCs23MeGd5xNbL_10actual_cli9tailoring5types5testss_23test_subdirectory_paths
FNDA:1,_RNvNtNtNtCs23MeGd5xNbL_10actual_cli9tailoring5types5testss_14test_roundtrip
FNDA:1,_RNvNtNtNtCs23MeGd5xNbL_10actual_cli9tailoring5types5testss_23test_deserialize_sample
FNDA:1,_RNvNtNtNtCs23MeGd5xNbL_10actual_cli9tailoring5types5testss_23test_subdirectory_paths
FNF:3
FNH:3
DA:57,1
DA:58,1
DA:59,1
DA:60,1
DA:61,1
DA:62,1
DA:63,1
DA:64,1
DA:65,1
DA:66,1
DA:67,1
DA:68,1
DA:69,1
DA:70,1
DA:71,1
DA:72,1
DA:73,1
DA:74,1
DA:75,1
DA:76,1
DA:77,1
DA:78,1
DA:79,1
DA:80,1
DA:81,1
DA:82,1
DA:83,1
DA:84,1
DA:85,1
DA:87,1
DA:89,1
DA:90,1
DA:91,1
DA:92,1
DA:95,1
DA:96,1
DA:99,1
DA:101,1
DA:102,1
DA:103,1
DA:106,1
DA:107,1
DA:110,1
DA:112,1
DA:113,1
DA:114,1
DA:115,1
DA:119,1
DA:120,1
DA:121,1
DA:122,1
DA:123,1
DA:126,1
DA:127,1
DA:128,1
DA:129,1
DA:130,1
DA:131,1
DA:132,1
DA:133,1
DA:134,1
DA:135,1
DA:136,1
DA:137,1
DA:138,1
DA:139,1
DA:140,1
DA:141,1
DA:142,1
DA:143,1
DA:144,1
DA:146,1
DA:147,1
DA:149,1
DA:150,1
DA:153,1
DA:154,1
DA:155,1
DA:156,1
DA:157,1
DA:158,1
DA:159,1
DA:161,1
DA:162,1
DA:164,1
DA:165,1
DA:166,1
BRF:0
BRH:0
LF:87
LH:87
end_of_record
SF:/Users/poile/repos/actualai/actual-cli/.worktrees/2u6.4/src/telemetry/identity.rs
FN:8,_RNvNtNtCs14eHuuW48ek_10actual_cli9telemetry8identity18hash_repo_identity
FN:87,_RNCNvNtNtNtCs23MeGd5xNbL_10actual_cli9telemetry8identity5testss_17test_empty_inputs0B9_
FN:71,_RNCNvNtNtNtCs23MeGd5xNbL_10actual_cli9telemetry8identity5testss_34test_hash_is_64_char_lowercase_hex0B9_
FN:78,_RNvNtNtNtCs23MeGd5xNbL_10actual_cli9telemetry8identity5testss_17test_empty_inputs
FN:33,_RNvNtNtNtCs23MeGd5xNbL_10actual_cli9telemetry8identity5testss_26test_same_inputs_same_hash
FN:66,_RNvNtNtNtCs23MeGd5xNbL_10actual_cli9telemetry8identity5testss_34test_hash_is_64_char_lowercase_hex
FN:41,_RNvNtNtNtCs23MeGd5xNbL_10actual_cli9telemetry8identity5testss_38test_different_inputs_different_hashes
FN:22,_RNvNtNtNtCs23MeGd5xNbL_10actual_cli9telemetry8identity5testss_44test_known_input_produces_deterministic_hash
FN:8,_RNvNtNtCs23MeGd5xNbL_10actual_cli9telemetry8identity18hash_repo_identity
FNDA:0,_RNvNtNtCs14eHuuW48ek_10actual_cli9telemetry8identity18hash_repo_identity
FNDA:64,_RNCNvNtNtNtCs23MeGd5xNbL_10actual_cli9telemetry8identity5testss_17test_empty_inputs0B9_
FNDA:64,_RNCNvNtNtNtCs23MeGd5xNbL_10actual_cli9telemetry8identity5testss_34test_hash_is_64_char_lowercase_hex0B9_
FNDA:1,_RNvNtNtNtCs23MeGd5xNbL_10actual_cli9telemetry8identity5testss_17test_empty_inputs
FNDA:1,_RNvNtNtNtCs23MeGd5xNbL_10actual_cli9telemetry8identity5testss_26test_same_inputs_same_hash
FNDA:1,_RNvNtNtNtCs23MeGd5xNbL_10actual_cli9telemetry8identity5testss_34test_hash_is_64_char_lowercase_hex
FNDA:1,_RNvNtNtNtCs23MeGd5xNbL_10actual_cli9telemetry8identity5testss_38test_different_inputs_different_hashes
FNDA:1,_RNvNtNtNtCs23MeGd5xNbL_10actual_cli9telemetry8identity5testss_44test_known_input_produces_deterministic_hash
FNDA:10,_RNvNtNtCs23MeGd5xNbL_10actual_cli9telemetry8identity18hash_repo_identity
FNF:8
FNH:8
DA:8,10
DA:9,10
DA:10,10
DA:11,10
DA:12,10
DA:13,10
DA:14,10
DA:22,1
DA:23,1
DA:25,1
DA:27,0
DA:29,1
DA:33,1
DA:34,1
DA:35,1
DA:36,1
DA:37,1
DA:41,1
DA:42,1
DA:43,1
DA:44,1
DA:46,1
DA:48,0
DA:50,1
DA:52,0
DA:56,1
DA:57,1
DA:58,1
DA:60,0
DA:62,1
DA:66,1
DA:67,1
DA:68,1
DA:69,1
DA:70,1
DA:71,64
DA:72,0
DA:74,1
DA:78,1
DA:79,1
DA:80,1
DA:81,1
DA:83,0
DA:85,1
DA:86,1
DA:87,64
DA:88,0
DA:90,1
BRF:0
BRH:0
LF:50
LH:43
end_of_record
SF:/Users/poile/repos/actualai/actual-cli/.worktrees/2u6.4/src/telemetry/metrics.rs
FN:20,_RNvMNtNtCs14eHuuW48ek_10actual_cli9telemetry7metricsNtB2_11SyncMetrics18to_counter_request
FN:21,_RNCNvMNtNtCs14eHuuW48ek_10actual_cli9telemetry7metricsNtB4_11SyncMetrics18to_counter_request0B8_
FN:185,_RNCNvNtNtNtCs23MeGd5xNbL_10actual_cli9telemetry7metrics5testss_30test_metric_values_match_input0B9_
FN:78,_RNCNvNtNtNtCs23MeGd5xNbL_10actual_cli9telemetry7metrics5testss_45test_to_counter_request_produces_four_metrics0B9_
FN:20,_RNvMNtNtCs23MeGd5xNbL_10actual_cli9telemetry7metricsNtB2_11SyncMetrics18to_counter_request
FN:60,_RNvNtNtNtCs23MeGd5xNbL_10actual_cli9telemetry7metrics5tests14sample_metrics
FN:171,_RNvNtNtNtCs23MeGd5xNbL_10actual_cli9telemetry7metrics5testss_30test_metric_values_match_input
FN:91,_RNvNtNtNtCs23MeGd5xNbL_10actual_cli9telemetry7metrics5testss_35test_all_tags_include_required_keys
FN:72,_RNvNtNtNtCs23MeGd5xNbL_10actual_cli9telemetry7metrics5testss_45test_to_counter_request_produces_four_metrics
FN:141,_RNvNtNtNtCs23MeGd5xNbL_10actual_cli9telemetry7metrics5testss_47test_json_serialization_matches_expected_format
FN:21,_RNCNvMNtNtCs23MeGd5xNbL_10actual_cli9telemetry7metricsNtB4_11SyncMetrics18to_counter_request0B8_
FNDA:0,_RNvMNtNtCs14eHuuW48ek_10actual_cli9telemetry7metricsNtB2_11SyncMetrics18to_counter_request
FNDA:0,_RNCNvMNtNtCs14eHuuW48ek_10actual_cli9telemetry7metricsNtB4_11SyncMetrics18to_counter_request0B8_
FNDA:4,_RNCNvNtNtNtCs23MeGd5xNbL_10actual_cli9telemetry7metrics5testss_30test_metric_values_match_input0B9_
FNDA:4,_RNCNvNtNtNtCs23MeGd5xNbL_10actual_cli9telemetry7metrics5testss_45test_to_counter_request_produces_four_metrics0B9_
FNDA:6,_RNvMNtNtCs23MeGd5xNbL_10actual_cli9telemetry7metricsNtB2_11SyncMetrics18to_counter_request
FNDA:2,_RNvNtNtNtCs23MeGd5xNbL_10actual_cli9telemetry7metrics5tests14sample_metrics
FNDA:1,_RNvNtNtNtCs23MeGd5xNbL_10actual_cli9telemetry7metrics5testss_30test_metric_values_match_input
FNDA:1,_RNvNtNtNtCs23MeGd5xNbL_10actual_cli9telemetry7metrics5testss_35test_all_tags_include_required_keys
FNDA:1,_RNvNtNtNtCs23MeGd5xNbL_10actual_cli9telemetry7metrics5testss_45test_to_counter_request_produces_four_metrics
FNDA:1,_RNvNtNtNtCs23MeGd5xNbL_10actual_cli9telemetry7metrics5testss_47test_json_serialization_matches_expected_format
FNDA:24,_RNCNvMNtNtCs23MeGd5xNbL_10actual_cli9telemetry7metricsNtB4_11SyncMetrics18to_counter_request0B8_
FNF:9
FNH:9
DA:20,6
DA:21,24
DA:22,24
DA:23,24
DA:24,24
DA:25,24
DA:26,24
DA:27,24
DA:29,6
DA:30,6
DA:31,6
DA:32,6
DA:33,6
DA:34,6
DA:35,6
DA:36,6
DA:37,6
DA:38,6
DA:39,6
DA:40,6
DA:41,6
DA:42,6
DA:43,6
DA:44,6
DA:45,6
DA:46,6
DA:47,6
DA:48,6
DA:49,6
DA:50,6
DA:51,6
DA:52,6
DA:53,6
DA:60,2
DA:61,2
DA:62,2
DA:63,2
DA:64,2
DA:65,2
DA:66,2
DA:67,2
DA:68,2
DA:69,2
DA:72,1
DA:73,1
DA:74,1
DA:76,1
DA:78,4
DA:79,1
DA:81,1
DA:83,1
DA:84,1
DA:85,1
DA:88,1
DA:91,1
DA:92,1
DA:93,1
DA:94,1
DA:95,1
DA:96,1
DA:97,1
DA:98,1
DA:99,1
DA:100,1
DA:102,5
DA:103,4
DA:104,4
DA:105,0
DA:108,4
DA:109,4
DA:110,0
DA:113,4
DA:114,4
DA:115,0
DA:119,4
DA:120,4
DA:122,0
DA:125,4
DA:126,4
DA:128,0
DA:131,4
DA:132,4
DA:134,0
DA:138,1
DA:141,1
DA:142,1
DA:143,1
DA:144,1
DA:146,1
DA:147,1
DA:149,1
DA:150,1
DA:151,1
DA:152,1
DA:153,1
DA:154,1
DA:156,4
DA:157,1
DA:159,4
DA:160,4
DA:162,4
DA:163,4
DA:164,4
DA:165,4
DA:166,4
DA:168,1
DA:171,1
DA:172,1
DA:173,1
DA:174,1
DA:175,1
DA:176,1
DA:177,1
DA:178,1
DA:179,1
DA:180,1
DA:182,1
DA:183,1
DA:184,1
DA:185,4
DA:186,1
DA:188,1
DA:189,1
DA:190,1
DA:191,1
DA:192,1
BRF:0
BRH:0
LF:129
LH:123
end_of_record
SF:/Users/poile/repos/actualai/actual-cli/.worktrees/2u6.4/src/telemetry/reporter.rs
FN:12,_RNvNtNtCs14eHuuW48ek_10actual_cli9telemetry8reporter14report_metrics
FN:12,_RNCNvNtNtCs14eHuuW48ek_10actual_cli9telemetry8reporter14report_metrics0B7_
FN:88,_RNCNvNtNtNtCs23MeGd5xNbL_10actual_cli9telemetry8reporter5testss_30test_report_opt_out_via_config0B9_
FN:116,_RNCNvNtNtNtCs23MeGd5xNbL_10actual_cli9telemetry8reporter5testss_31test_report_opt_out_via_env_var0B9_
FN:156,_RNCNvNtNtNtCs23MeGd5xNbL_10actual_cli9telemetry8reporter5testss_34test_service_key_not_in_log_output0B9_
FN:141,_RNCNvNtNtNtCs23MeGd5xNbL_10actual_cli9telemetry8reporter5testss_36test_report_network_failure_no_panic0B9_
FN:65,_RNCNvNtNtNtCs23MeGd5xNbL_10actual_cli9telemetry8reporter5testss_39test_report_sends_post_with_auth_header0B9_
FN:12,_RNvNtNtCs23MeGd5xNbL_10actual_cli9telemetry8reporter14report_metrics
FN:12,_RNCNvNtNtCs23MeGd5xNbL_10actual_cli9telemetry8reporter14report_metrics0B7_
FN:58,_RNvNtNtNtCs23MeGd5xNbL_10actual_cli9telemetry8reporter5tests11restore_env
FN:39,_RNvNtNtNtCs23MeGd5xNbL_10actual_cli9telemetry8reporter5tests14sample_metrics
FN:51,_RNvNtNtNtCs23MeGd5xNbL_10actual_cli9telemetry8reporter5tests18save_and_clear_env
FN:88,_RNvNtNtNtCs23MeGd5xNbL_10actual_cli9telemetry8reporter5testss_30test_report_opt_out_via_config
FN:116,_RNvNtNtNtCs23MeGd5xNbL_10actual_cli9telemetry8reporter5testss_31test_report_opt_out_via_env_var
FN:154,_RNvNtNtNtCs23MeGd5xNbL_10actual_cli9telemetry8reporter5testss_34test_service_key_not_in_log_output
FN:141,_RNvNtNtNtCs23MeGd5xNbL_10actual_cli9telemetry8reporter5testss_36test_report_network_failure_no_panic
FN:166,_RNvNtNtNtCs23MeGd5xNbL_10actual_cli9telemetry8reporter5testss_36test_save_and_restore_env_round_trip
FN:65,_RNvNtNtNtCs23MeGd5xNbL_10actual_cli9telemetry8reporter5testss_39test_report_sends_post_with_auth_header
FNDA:0,_RNvNtNtCs14eHuuW48ek_10actual_cli9telemetry8reporter14report_metrics
FNDA:0,_RNCNvNtNtCs14eHuuW48ek_10actual_cli9telemetry8reporter14report_metrics0B7_
FNDA:1,_RNCNvNtNtNtCs23MeGd5xNbL_10actual_cli9telemetry8reporter5testss_30test_report_opt_out_via_config0B9_
FNDA:1,_RNCNvNtNtNtCs23MeGd5xNbL_10actual_cli9telemetry8reporter5testss_31test_report_opt_out_via_env_var0B9_
FNDA:199,_RNCNvNtNtNtCs23MeGd5xNbL_10actual_cli9telemetry8reporter5testss_34test_service_key_not_in_log_output0B9_
FNDA:1,_RNCNvNtNtNtCs23MeGd5xNbL_10actual_cli9telemetry8reporter5testss_36test_report_network_failure_no_panic0B9_
FNDA:1,_RNCNvNtNtNtCs23MeGd5xNbL_10actual_cli9telemetry8reporter5testss_39test_report_sends_post_with_auth_header0B9_
FNDA:4,_RNvNtNtCs23MeGd5xNbL_10actual_cli9telemetry8reporter14report_metrics
FNDA:4,_RNCNvNtNtCs23MeGd5xNbL_10actual_cli9telemetry8reporter14report_metrics0B7_
FNDA:6,_RNvNtNtNtCs23MeGd5xNbL_10actual_cli9telemetry8reporter5tests11restore_env
FNDA:4,_RNvNtNtNtCs23MeGd5xNbL_10actual_cli9telemetry8reporter5tests14sample_metrics
FNDA:6,_RNvNtNtNtCs23MeGd5xNbL_10actual_cli9telemetry8reporter5tests18save_and_clear_env
FNDA:1,_RNvNtNtNtCs23MeGd5xNbL_10actual_cli9telemetry8reporter5testss_30test_report_opt_out_via_config
FNDA:1,_RNvNtNtNtCs23MeGd5xNbL_10actual_cli9telemetry8reporter5testss_31test_report_opt_out_via_env_var
FNDA:1,_RNvNtNtNtCs23MeGd5xNbL_10actual_cli9telemetry8reporter5testss_34test_service_key_not_in_log_output
FNDA:1,_RNvNtNtNtCs23MeGd5xNbL_10actual_cli9telemetry8reporter5testss_36test_report_network_failure_no_panic
FNDA:1,_RNvNtNtNtCs23MeGd5xNbL_10actual_cli9telemetry8reporter5testss_36test_save_and_restore_env_round_trip
FNDA:1,_RNvNtNtNtCs23MeGd5xNbL_10actual_cli9telemetry8reporter5testss_39test_report_sends_post_with_auth_header
FNF:16
FNH:16
DA:12,4
DA:14,4
DA:15,1
DA:16,3
DA:19,3
DA:20,3
DA:21,3
DA:22,3
DA:23,3
DA:25,1
DA:26,2
DA:28,2
DA:29,2
DA:30,2
DA:31,4
DA:39,4
DA:40,4
DA:41,4
DA:42,4
DA:43,4
DA:44,4
DA:45,4
DA:46,4
DA:47,4
DA:48,4
DA:51,6
DA:52,6
DA:53,6
DA:54,6
DA:55,6
DA:58,6
DA:59,6
DA:60,1
DA:61,5
DA:62,6
DA:65,1
DA:66,1
DA:67,1
DA:69,1
DA:70,1
DA:71,1
DA:72,1
DA:73,1
DA:74,1
DA:75,1
DA:76,1
DA:78,1
DA:79,1
DA:81,1
DA:82,1
DA:84,1
DA:85,1
DA:88,1
DA:91,1
DA:92,1
DA:94,1
DA:95,1
DA:96,1
DA:97,1
DA:98,1
DA:99,1
DA:101,1
DA:102,1
DA:103,1
DA:104,1
DA:105,1
DA:106,1
DA:107,1
DA:109,1
DA:110,1
DA:112,1
DA:113,1
DA:116,1
DA:117,1
DA:118,1
DA:120,1
DA:122,1
DA:123,1
DA:124,1
DA:125,1
DA:126,1
DA:127,1
DA:129,1
DA:130,1
DA:132,1
DA:133,1
DA:136,1
DA:137,1
DA:138,1
DA:141,1
DA:142,1
DA:143,1
DA:145,1
DA:146,1
DA:148,1
DA:150,1
DA:151,1
DA:154,1
DA:155,1
DA:156,199
DA:157,199
DA:158,3
DA:159,3
DA:160,3
DA:161,199
DA:162,1
DA:163,1
DA:166,1
DA:167,1
DA:169,1
DA:170,1
DA:173,1
DA:174,1
DA:177,1
DA:178,1
DA:179,1
DA:180,1
DA:183,1
DA:184,1
DA:185,1
DA:190,1
DA:191,1
DA:192,1
DA:197,1
DA:198,1
BRF:0
BRH:0
LF:135
LH:135
end_of_record