SF:/Users/poile/repos/actualai/actual-cli/.worktrees/bcl4/src/analysis/cache.rs
FN:30,_RNvNtNtCsldt98VPcDAm_10actual_cli8analysis5cache12get_git_head
FN:58,_RNvNtNtCsldt98VPcDAm_10actual_cli8analysis5cache19run_analysis_cached
FN:13,_RNvNtNtCsldt98VPcDAm_10actual_cli8analysis5cache21parse_git_head_output
FN:42,_RINvNtNtCsldt98VPcDAm_10actual_cli8analysis5cache19serialize_for_cacheNtNtB4_5types12RepoAnalysisEB6_
FN:43,_RNCINvNtNtCsldt98VPcDAm_10actual_cli8analysis5cache19serialize_for_cacheNtNtB6_5types12RepoAnalysisE0B8_
FN:30,_RNvNtNtCsaaHnVZhbheU_10actual_cli8analysis5cache12get_git_head
FN:58,_RNvNtNtCsaaHnVZhbheU_10actual_cli8analysis5cache19run_analysis_cached
FN:13,_RNvNtNtCsaaHnVZhbheU_10actual_cli8analysis5cache21parse_git_head_output
FN:42,_RINvNtNtCsaaHnVZhbheU_10actual_cli8analysis5cache19serialize_for_cacheNtNtB4_5types12RepoAnalysisEB6_
FN:42,_RINvNtNtCsaaHnVZhbheU_10actual_cli8analysis5cache19serialize_for_cacheNtNvNtB2_5testss_51test_serialize_for_cache_error_returns_config_error10AlwaysFailEB6_
FN:43,_RNCINvNtNtCsaaHnVZhbheU_10actual_cli8analysis5cache19serialize_for_cacheNtNtB6_5types12RepoAnalysisE0B8_
FN:43,_RNCINvNtNtCsaaHnVZhbheU_10actual_cli8analysis5cache19serialize_for_cacheNtNvNtB4_5testss_51test_serialize_for_cache_error_returns_config_error10AlwaysFailE0B8_
FN:588,_RINvXNvNtNtNtCsaaHnVZhbheU_10actual_cli8analysis5cache5testss_51test_serialize_for_cache_error_returns_config_errorNtB3_10AlwaysFailNtNtCshQzN4f6pKMq_10serde_core3ser9Serialize9serializeNtNtNtCsd3XiZkz2F97_10serde_yaml5value3ser10SerializerEBb_
FN:189,_RNCNvNtNtNtCsaaHnVZhbheU_10actual_cli8analysis5cache5tests19fake_output_success0B9_
FN:174,_RNCNvNtNtNtCsaaHnVZhbheU_10actual_cli8analysis5cache5tests23write_config_with_cache0B9_
FN:150,_RNvNtNtNtCsaaHnVZhbheU_10actual_cli8analysis5cache5tests14valid_analysis
FN:114,_RNvNtNtNtCsaaHnVZhbheU_10actual_cli8analysis5cache5tests15create_git_repo
FN:197,_RNvNtNtNtCsaaHnVZhbheU_10actual_cli8analysis5cache5tests19fake_output_failure
FN:186,_RNvNtNtNtCsaaHnVZhbheU_10actual_cli8analysis5cache5tests19fake_output_success
FN:165,_RNvNtNtNtCsaaHnVZhbheU_10actual_cli8analysis5cache5tests23write_config_with_cache
FN:475,_RNvNtNtNtCsaaHnVZhbheU_10actual_cli8analysis5cache5testss_31test_force_bypasses_valid_cache
FN:576,_RNvNtNtNtCsaaHnVZhbheU_10actual_cli8analysis5cache5testss_32test_serialize_for_cache_success
FN:324,_RNvNtNtNtCsaaHnVZhbheU_10actual_cli8analysis5cache5testss_33test_cache_miss_no_previous_cache
FN:346,_RNvNtNtNtCsaaHnVZhbheU_10actual_cli8analysis5cache5testss_33test_cache_miss_repo_path_differs
FN:202,_RNvNtNtNtCsaaHnVZhbheU_10actual_cli8analysis5cache5testss_34test_parse_git_head_output_success
FN:375,_RNvNtNtNtCsaaHnVZhbheU_10actual_cli8analysis5cache5testss_36test_corrupted_cache_reruns_analysis
FN:449,_RNvNtNtNtCsaaHnVZhbheU_10actual_cli8analysis5cache5testss_37test_cache_miss_save_error_propagates
FN:307,_RNvNtNtNtCsaaHnVZhbheU_10actual_cli8analysis5cache5testss_37test_no_git_repo_always_runs_analysis
FN:217,_RNvNtNtNtCsaaHnVZhbheU_10actual_cli8analysis5cache5testss_39test_parse_git_head_output_empty_stdout
FN:229,_RNvNtNtNtCsaaHnVZhbheU_10actual_cli8analysis5cache5testss_39test_parse_git_head_output_invalid_utf8
FN:424,_RNvNtNtNtCsaaHnVZhbheU_10actual_cli8analysis5cache5testss_41test_cache_miss_analysis_error_propagates
FN:211,_RNvNtNtNtCsaaHnVZhbheU_10actual_cli8analysis5cache5testss_41test_parse_git_head_output_failure_status
FN:223,_RNvNtNtNtCsaaHnVZhbheU_10actual_cli8analysis5cache5testss_42test_parse_git_head_output_whitespace_only
FN:235,_RNvNtNtNtCsaaHnVZhbheU_10actual_cli8analysis5cache5testss_43test_get_git_head_returns_hash_for_git_repo
FN:408,_RNvNtNtNtCsaaHnVZhbheU_10actual_cli8analysis5cache5testss_44test_cache_miss_config_load_error_propagates
FN:547,_RNvNtNtNtCsaaHnVZhbheU_10actual_cli8analysis5cache5testss_44test_cache_save_serialization_does_not_panic
FN:511,_RNvNtNtNtCsaaHnVZhbheU_10actual_cli8analysis5cache5testss_45test_force_updates_cache_after_fresh_analysis
FN:244,_RNvNtNtNtCsaaHnVZhbheU_10actual_cli8analysis5cache5testss_46test_get_git_head_returns_none_for_non_git_dir
FN:402,_RNvNtNtNtCsaaHnVZhbheU_10actual_cli8analysis5cache5testss_51test_get_git_head_returns_none_for_nonexistent_path
FN:583,_RNvNtNtNtCsaaHnVZhbheU_10actual_cli8analysis5cache5testss_51test_serialize_for_cache_error_returns_config_error
FN:277,_RNvNtNtNtCsaaHnVZhbheU_10actual_cli8analysis5cache5testss_53test_cache_miss_head_differs_runs_analysis_and_caches
FN:252,_RNvNtNtNtCsaaHnVZhbheU_10actual_cli8analysis5cache5testss_54test_cache_hit_returns_cached_without_running_analysis
FNDA:64,_RNvNtNtCsldt98VPcDAm_10actual_cli8analysis5cache12get_git_head
FNDA:32,_RNvNtNtCsldt98VPcDAm_10actual_cli8analysis5cache19run_analysis_cached
FNDA:64,_RNvNtNtCsldt98VPcDAm_10actual_cli8analysis5cache21parse_git_head_output
FNDA:1,_RINvNtNtCsldt98VPcDAm_10actual_cli8analysis5cache19serialize_for_cacheNtNtB4_5types12RepoAnalysisEB6_
FNDA:0,_RNCINvNtNtCsldt98VPcDAm_10actual_cli8analysis5cache19serialize_for_cacheNtNtB6_5types12RepoAnalysisE0B8_
FNDA:67,_RNvNtNtCsaaHnVZhbheU_10actual_cli8analysis5cache12get_git_head
FNDA:38,_RNvNtNtCsaaHnVZhbheU_10actual_cli8analysis5cache19run_analysis_cached
FNDA:71,_RNvNtNtCsaaHnVZhbheU_10actual_cli8analysis5cache21parse_git_head_output
FNDA:14,_RINvNtNtCsaaHnVZhbheU_10actual_cli8analysis5cache19serialize_for_cacheNtNtB4_5types12RepoAnalysisEB6_
FNDA:1,_RINvNtNtCsaaHnVZhbheU_10actual_cli8analysis5cache19serialize_for_cacheNtNvNtB2_5testss_51test_serialize_for_cache_error_returns_config_error10AlwaysFailEB6_
FNDA:0,_RNCINvNtNtCsaaHnVZhbheU_10actual_cli8analysis5cache19serialize_for_cacheNtNtB6_5types12RepoAnalysisE0B8_
FNDA:1,_RNCINvNtNtCsaaHnVZhbheU_10actual_cli8analysis5cache19serialize_for_cacheNtNvNtB4_5testss_51test_serialize_for_cache_error_returns_config_error10AlwaysFailE0B8_
FNDA:1,_RINvXNvNtNtNtCsaaHnVZhbheU_10actual_cli8analysis5cache5testss_51test_serialize_for_cache_error_returns_config_errorNtB3_10AlwaysFailNtNtCshQzN4f6pKMq_10serde_core3ser9Serialize9serializeNtNtNtCsd3XiZkz2F97_10serde_yaml5value3ser10SerializerEBb_
FNDA:4,_RNCNvNtNtNtCsaaHnVZhbheU_10actual_cli8analysis5cache5tests19fake_output_success0B9_
FNDA:5,_RNCNvNtNtNtCsaaHnVZhbheU_10actual_cli8analysis5cache5tests23write_config_with_cache0B9_
FNDA:6,_RNvNtNtNtCsaaHnVZhbheU_10actual_cli8analysis5cache5tests14valid_analysis
FNDA:12,_RNvNtNtNtCsaaHnVZhbheU_10actual_cli8analysis5cache5tests15create_git_repo
FNDA:1,_RNvNtNtNtCsaaHnVZhbheU_10actual_cli8analysis5cache5tests19fake_output_failure
FNDA:4,_RNvNtNtNtCsaaHnVZhbheU_10actual_cli8analysis5cache5tests19fake_output_success
FNDA:5,_RNvNtNtNtCsaaHnVZhbheU_10actual_cli8analysis5cache5tests23write_config_with_cache
FNDA:1,_RNvNtNtNtCsaaHnVZhbheU_10actual_cli8analysis5cache5testss_31test_force_bypasses_valid_cache
FNDA:1,_RNvNtNtNtCsaaHnVZhbheU_10actual_cli8analysis5cache5testss_32test_serialize_for_cache_success
FNDA:1,_RNvNtNtNtCsaaHnVZhbheU_10actual_cli8analysis5cache5testss_33test_cache_miss_no_previous_cache
FNDA:1,_RNvNtNtNtCsaaHnVZhbheU_10actual_cli8analysis5cache5testss_33test_cache_miss_repo_path_differs
FNDA:1,_RNvNtNtNtCsaaHnVZhbheU_10actual_cli8analysis5cache5testss_34test_parse_git_head_output_success
FNDA:1,_RNvNtNtNtCsaaHnVZhbheU_10actual_cli8analysis5cache5testss_36test_corrupted_cache_reruns_analysis
FNDA:1,_RNvNtNtNtCsaaHnVZhbheU_10actual_cli8analysis5cache5testss_37test_cache_miss_save_error_propagates
FNDA:1,_RNvNtNtNtCsaaHnVZhbheU_10actual_cli8analysis5cache5testss_37test_no_git_repo_always_runs_analysis
FNDA:1,_RNvNtNtNtCsaaHnVZhbheU_10actual_cli8analysis5cache5testss_39test_parse_git_head_output_empty_stdout
FNDA:1,_RNvNtNtNtCsaaHnVZhbheU_10actual_cli8analysis5cache5testss_39test_parse_git_head_output_invalid_utf8
FNDA:1,_RNvNtNtNtCsaaHnVZhbheU_10actual_cli8analysis5cache5testss_41test_cache_miss_analysis_error_propagates
FNDA:1,_RNvNtNtNtCsaaHnVZhbheU_10actual_cli8analysis5cache5testss_41test_parse_git_head_output_failure_status
FNDA:1,_RNvNtNtNtCsaaHnVZhbheU_10actual_cli8analysis5cache5testss_42test_parse_git_head_output_whitespace_only
FNDA:1,_RNvNtNtNtCsaaHnVZhbheU_10actual_cli8analysis5cache5testss_43test_get_git_head_returns_hash_for_git_repo
FNDA:1,_RNvNtNtNtCsaaHnVZhbheU_10actual_cli8analysis5cache5testss_44test_cache_miss_config_load_error_propagates
FNDA:1,_RNvNtNtNtCsaaHnVZhbheU_10actual_cli8analysis5cache5testss_44test_cache_save_serialization_does_not_panic
FNDA:1,_RNvNtNtNtCsaaHnVZhbheU_10actual_cli8analysis5cache5testss_45test_force_updates_cache_after_fresh_analysis
FNDA:1,_RNvNtNtNtCsaaHnVZhbheU_10actual_cli8analysis5cache5testss_46test_get_git_head_returns_none_for_non_git_dir
FNDA:1,_RNvNtNtNtCsaaHnVZhbheU_10actual_cli8analysis5cache5testss_51test_get_git_head_returns_none_for_nonexistent_path
FNDA:1,_RNvNtNtNtCsaaHnVZhbheU_10actual_cli8analysis5cache5testss_51test_serialize_for_cache_error_returns_config_error
FNDA:1,_RNvNtNtNtCsaaHnVZhbheU_10actual_cli8analysis5cache5testss_53test_cache_miss_head_differs_runs_analysis_and_caches
FNDA:1,_RNvNtNtNtCsaaHnVZhbheU_10actual_cli8analysis5cache5testss_54test_cache_hit_returns_cached_without_running_analysis
FNF:35
FNH:35
DA:13,135
DA:14,135
DA:15,98
DA:16,37
DA:18,37
DA:19,36
DA:20,36
DA:21,4
DA:22,32
DA:23,32
DA:24,135
DA:30,131
DA:31,131
DA:32,131
DA:33,131
DA:34,131
DA:35,131
DA:37,130
DA:38,131
DA:42,16
DA:43,16
DA:44,1
DA:45,1
DA:46,16
DA:58,70
DA:59,70
DA:60,70
DA:61,70
DA:62,70
DA:63,70
DA:66,70
DA:67,21
DA:68,49
DA:71,21
DA:74,20
DA:75,12
DA:76,8
DA:77,7
DA:80,5
DA:81,6
DA:83,5
DA:84,1
DA:86,2
DA:87,4
DA:88,8
DA:91,15
DA:94,14
DA:95,14
DA:96,14
DA:97,14
DA:98,14
DA:100,14
DA:101,14
DA:103,13
DA:104,70
DA:114,12
DA:115,12
DA:116,12
DA:117,12
DA:118,12
DA:119,12
DA:120,12
DA:121,12
DA:122,12
DA:123,12
DA:124,12
DA:125,12
DA:126,12
DA:127,12
DA:128,12
DA:129,12
DA:130,12
DA:131,12
DA:132,12
DA:133,12
DA:134,12
DA:135,12
DA:136,12
DA:137,12
DA:138,12
DA:139,12
DA:140,12
DA:141,12
DA:142,12
DA:143,12
DA:144,12
DA:145,12
DA:146,12
DA:147,12
DA:150,6
DA:151,6
DA:152,6
DA:153,6
DA:154,6
DA:155,6
DA:156,6
DA:157,6
DA:158,6
DA:159,6
DA:160,6
DA:161,6
DA:162,6
DA:165,5
DA:166,5
DA:167,5
DA:168,5
DA:169,5
DA:170,5
DA:171,5
DA:173,5
DA:174,5
DA:175,5
DA:176,5
DA:178,5
DA:180,5
DA:181,5
DA:186,4
DA:187,4
DA:188,4
DA:189,4
DA:190,4
DA:191,4
DA:192,4
DA:193,4
DA:194,4
DA:197,1
DA:198,1
DA:199,1
DA:202,1
DA:203,1
DA:204,1
DA:205,1
DA:206,1
DA:208,1
DA:211,1
DA:212,1
DA:213,1
DA:214,1
DA:217,1
DA:218,1
DA:219,1
DA:220,1
DA:223,1
DA:224,1
DA:225,1
DA:226,1
DA:229,1
DA:230,1
DA:231,1
DA:232,1
DA:235,1
DA:236,1
DA:237,1
DA:239,1
DA:240,1
DA:241,1
DA:244,1
DA:245,1
DA:247,1
DA:248,1
DA:249,1
DA:252,1
DA:253,1
DA:254,1
DA:256,1
DA:257,1
DA:260,1
DA:261,1
DA:262,1
DA:263,1
DA:264,1
DA:265,1
DA:266,1
DA:269,1
DA:271,1
DA:272,1
DA:273,1
DA:274,1
DA:277,1
DA:278,1
DA:279,1
DA:281,1
DA:282,1
DA:285,1
DA:286,1
DA:287,1
DA:288,1
DA:289,1
DA:290,1
DA:291,1
DA:294,1
DA:297,1
DA:300,1
DA:301,1
DA:302,1
DA:303,1
DA:304,1
DA:307,1
DA:308,1
DA:311,1
DA:312,1
DA:314,1
DA:317,1
DA:320,1
DA:321,1
DA:324,1
DA:325,1
DA:326,1
DA:328,1
DA:329,1
DA:332,1
DA:333,1
DA:335,1
DA:337,1
DA:340,1
DA:341,1
DA:342,1
DA:343,1
DA:346,1
DA:347,1
DA:348,1
DA:350,1
DA:351,1
DA:354,1
DA:355,1
DA:356,1
DA:357,1
DA:358,1
DA:359,1
DA:360,1
DA:361,1
DA:364,1
DA:366,1
DA:369,1
DA:370,1
DA:371,1
DA:372,1
DA:375,1
DA:376,1
DA:377,1
DA:379,1
DA:380,1
DA:383,1
DA:384,1
DA:385,1
DA:386,1
DA:387,1
DA:388,1
DA:391,1
DA:393,1
DA:396,1
DA:397,1
DA:398,1
DA:399,1
DA:402,1
DA:403,1
DA:404,1
DA:405,1
DA:408,1
DA:409,1
DA:410,1
DA:412,1
DA:413,1
DA:416,1
DA:418,1
DA:420,1
DA:421,1
DA:424,1
DA:425,1
DA:426,1
DA:428,1
DA:429,1
DA:432,1
DA:433,1
DA:436,1
DA:438,1
DA:440,1
DA:441,1
DA:442,0
DA:445,1
DA:449,1
DA:452,1
DA:453,1
DA:455,1
DA:456,1
DA:459,1
DA:460,1
DA:461,1
DA:462,1
DA:464,1
DA:466,1
DA:469,1
DA:470,1
DA:471,1
DA:472,1
DA:475,1
DA:476,1
DA:477,1
DA:479,1
DA:480,1
DA:483,1
DA:484,1
DA:485,1
DA:486,1
DA:487,1
DA:488,1
DA:489,1
DA:493,1
DA:494,1
DA:497,1
DA:498,1
DA:499,1
DA:500,0
DA:504,1
DA:505,1
DA:506,1
DA:507,1
DA:508,1
DA:511,1
DA:512,1
DA:513,1
DA:515,1
DA:516,1
DA:519,1
DA:520,1
DA:521,1
DA:522,1
DA:523,1
DA:524,1
DA:525,1
DA:526,1
DA:527,1
DA:528,1
DA:529,1
DA:530,1
DA:533,1
DA:534,1
DA:537,1
DA:538,1
DA:539,1
DA:540,1
DA:541,1
DA:542,0
DA:544,1
DA:547,1
DA:551,1
DA:552,1
DA:554,1
DA:555,1
DA:558,1
DA:559,1
DA:561,1
DA:562,1
DA:565,1
DA:566,1
DA:567,1
DA:570,1
DA:571,1
DA:572,1
DA:573,1
DA:576,1
DA:577,1
DA:578,1
DA:579,1
DA:580,1
DA:583,1
DA:588,1
DA:589,1
DA:590,1
DA:593,1
DA:594,1
DA:595,1
DA:596,1
DA:597,0
DA:600,1
BRF:0
BRH:0
LF:378
LH:374
end_of_record
SF:/Users/poile/repos/actualai/actual-cli/.worktrees/bcl4/src/analysis/confirm.rs
FN:30,_RNvNtNtNtCsaaHnVZhbheU_10actual_cli8analysis7confirm5testss_17confirm_action_eq
FN:22,_RNvNtNtNtCsaaHnVZhbheU_10actual_cli8analysis7confirm5testss_19confirm_action_copy
FN:15,_RNvNtNtNtCsaaHnVZhbheU_10actual_cli8analysis7confirm5testss_20confirm_action_clone
FN:37,_RNvNtNtNtCsaaHnVZhbheU_10actual_cli8analysis7confirm5testss_20confirm_action_debug
FNDA:1,_RNvNtNtNtCsaaHnVZhbheU_10actual_cli8analysis7confirm5testss_17confirm_action_eq
FNDA:1,_RNvNtNtNtCsaaHnVZhbheU_10actual_cli8analysis7confirm5testss_19confirm_action_copy
FNDA:1,_RNvNtNtNtCsaaHnVZhbheU_10actual_cli8analysis7confirm5testss_20confirm_action_clone
FNDA:1,_RNvNtNtNtCsaaHnVZhbheU_10actual_cli8analysis7confirm5testss_20confirm_action_debug
FNF:4
FNH:4
DA:15,1
DA:16,1
DA:17,1
DA:18,1
DA:19,1
DA:22,1
DA:23,1
DA:24,1
DA:26,1
DA:27,1
DA:30,1
DA:31,1
DA:32,1
DA:33,1
DA:34,1
DA:37,1
DA:38,1
DA:39,1
DA:40,1
BRF:0
BRH:0
LF:19
LH:19
end_of_record
SF:/Users/poile/repos/actualai/actual-cli/.worktrees/bcl4/src/analysis/orchestrate.rs
FN:85,_RNCNvNtNtCsldt98VPcDAm_10actual_cli8analysis11orchestrate19run_static_analysis0B7_
FN:156,_RNCNvNtNtCsldt98VPcDAm_10actual_cli8analysis11orchestrate25build_project_description0B7_
FN:157,_RNCNvNtNtCsldt98VPcDAm_10actual_cli8analysis11orchestrate25build_project_descriptions_0B7_
FN:56,_RNvNtNtCsldt98VPcDAm_10actual_cli8analysis11orchestrate15relative_or_dot
FN:129,_RNvNtNtCsldt98VPcDAm_10actual_cli8analysis11orchestrate17assemble_analysis
FN:70,_RNvNtNtCsldt98VPcDAm_10actual_cli8analysis11orchestrate18normalize_analysis
FN:83,_RNvNtNtCsldt98VPcDAm_10actual_cli8analysis11orchestrate19run_static_analysis
FN:19,_RNvNtNtCsldt98VPcDAm_10actual_cli8analysis11orchestrate22normalize_project_path
FN:152,_RNvNtNtCsldt98VPcDAm_10actual_cli8analysis11orchestrate25build_project_description
FN:494,_RNCNvNtNtNtCsaaHnVZhbheU_10actual_cli8analysis11orchestrate5testss_47test_static_analysis_config_frameworks_included0B9_
FN:56,_RNvNtNtCsaaHnVZhbheU_10actual_cli8analysis11orchestrate15relative_or_dot
FN:129,_RNvNtNtCsaaHnVZhbheU_10actual_cli8analysis11orchestrate17assemble_analysis
FN:70,_RNvNtNtCsaaHnVZhbheU_10actual_cli8analysis11orchestrate18normalize_analysis
FN:83,_RNvNtNtCsaaHnVZhbheU_10actual_cli8analysis11orchestrate19run_static_analysis
FN:19,_RNvNtNtCsaaHnVZhbheU_10actual_cli8analysis11orchestrate22normalize_project_path
FN:152,_RNvNtNtCsaaHnVZhbheU_10actual_cli8analysis11orchestrate25build_project_description
FN:85,_RNCNvNtNtCsaaHnVZhbheU_10actual_cli8analysis11orchestrate19run_static_analysis0B7_
FN:156,_RNCNvNtNtCsaaHnVZhbheU_10actual_cli8analysis11orchestrate25build_project_description0B7_
FN:157,_RNCNvNtNtCsaaHnVZhbheU_10actual_cli8analysis11orchestrate25build_project_descriptions_0B7_
FN:447,_RNvNtNtNtCsaaHnVZhbheU_10actual_cli8analysis11orchestrate5testss_27test_build_description_both
FN:256,_RNvNtNtNtCsaaHnVZhbheU_10actual_cli8analysis11orchestrate5testss_27test_normalize_empty_to_dot
FN:425,_RNvNtNtNtCsaaHnVZhbheU_10actual_cli8analysis11orchestrate5testss_28test_build_description_empty
FN:262,_RNvNtNtNtCsaaHnVZhbheU_10actual_cli8analysis11orchestrate5testss_28test_normalize_dot_unchanged
FN:286,_RNvNtNtNtCsaaHnVZhbheU_10actual_cli8analysis11orchestrate5testss_29test_normalize_dot_slash_only
FN:347,_RNvNtNtNtCsaaHnVZhbheU_10actual_cli8analysis11orchestrate5testss_30test_static_analysis_empty_dir
FN:325,_RNvNtNtNtCsaaHnVZhbheU_10actual_cli8analysis11orchestrate5testss_31test_static_analysis_js_project
FN:294,_RNvNtNtNtCsaaHnVZhbheU_10actual_cli8analysis11orchestrate5testss_33test_static_analysis_rust_project
FN:247,_RNvNtNtNtCsaaHnVZhbheU_10actual_cli8analysis11orchestrate5testss_35test_normalize_strip_trailing_slash
FN:430,_RNvNtNtNtCsaaHnVZhbheU_10actual_cli8analysis11orchestrate5testss_37test_build_description_languages_only
FN:386,_RNvNtNtNtCsaaHnVZhbheU_10actual_cli8analysis11orchestrate5testss_37test_static_analysis_normalizes_paths
FN:437,_RNvNtNtNtCsaaHnVZhbheU_10actual_cli8analysis11orchestrate5testss_38test_build_description_frameworks_only
FN:268,_RNvNtNtNtCsaaHnVZhbheU_10actual_cli8analysis11orchestrate5testss_38test_normalize_relative_path_unchanged
FN:238,_RNvNtNtNtCsaaHnVZhbheU_10actual_cli8analysis11orchestrate5testss_38test_normalize_strip_leading_dot_slash
FN:406,_RNvNtNtNtCsaaHnVZhbheU_10actual_cli8analysis11orchestrate5testss_38test_static_analysis_monorepo_io_error
FN:362,_RNvNtNtNtCsaaHnVZhbheU_10actual_cli8analysis11orchestrate5testss_39test_static_analysis_monorepo_detection
FN:205,_RNvNtNtNtCsaaHnVZhbheU_10actual_cli8analysis11orchestrate5testss_40test_normalize_canonical_fallback_subdir
FN:458,_RNvNtNtNtCsaaHnVZhbheU_10actual_cli8analysis11orchestrate5testss_42test_build_description_multiple_frameworks
FN:219,_RNvNtNtNtCsaaHnVZhbheU_10actual_cli8analysis11orchestrate5testss_43test_normalize_canonical_none_falls_through
FN:195,_RNvNtNtNtCsaaHnVZhbheU_10actual_cli8analysis11orchestrate5testss_44test_normalize_canonical_fallback_root_match
FN:531,_RNvNtNtNtCsaaHnVZhbheU_10actual_cli8analysis11orchestrate5testss_46test_assemble_analysis_monorepo_flag_preserved
FN:475,_RNvNtNtNtCsaaHnVZhbheU_10actual_cli8analysis11orchestrate5testss_47test_static_analysis_config_frameworks_included
FN:177,_RNvNtNtNtCsaaHnVZhbheU_10actual_cli8analysis11orchestrate5testss_49test_normalize_absolute_path_matching_working_dir
FN:513,_RNvNtNtNtCsaaHnVZhbheU_10actual_cli8analysis11orchestrate5testss_50test_assemble_analysis_non_empty_projects_succeeds
FN:186,_RNvNtNtNtCsaaHnVZhbheU_10actual_cli8analysis11orchestrate5testss_50test_normalize_absolute_path_subdir_of_working_dir
FN:277,_RNvNtNtNtCsaaHnVZhbheU_10actual_cli8analysis11orchestrate5testss_53test_normalize_absolute_path_unrelated_to_working_dir
FN:228,_RNvNtNtNtCsaaHnVZhbheU_10actual_cli8analysis11orchestrate5testss_56test_normalize_canonical_some_but_no_match_falls_through
FN:500,_RNvNtNtNtCsaaHnVZhbheU_10actual_cli8analysis11orchestrate5testss_60test_assemble_analysis_empty_projects_returns_analysis_empty
FNDA:1,_RNCNvNtNtCsldt98VPcDAm_10actual_cli8analysis11orchestrate19run_static_analysis0B7_
FNDA:57,_RNCNvNtNtCsldt98VPcDAm_10actual_cli8analysis11orchestrate25build_project_description0B7_
FNDA:27,_RNCNvNtNtCsldt98VPcDAm_10actual_cli8analysis11orchestrate25build_project_descriptions_0B7_
FNDA:0,_RNvNtNtCsldt98VPcDAm_10actual_cli8analysis11orchestrate15relative_or_dot
FNDA:43,_RNvNtNtCsldt98VPcDAm_10actual_cli8analysis11orchestrate17assemble_analysis
FNDA:43,_RNvNtNtCsldt98VPcDAm_10actual_cli8analysis11orchestrate18normalize_analysis
FNDA:44,_RNvNtNtCsldt98VPcDAm_10actual_cli8analysis11orchestrate19run_static_analysis
FNDA:64,_RNvNtNtCsldt98VPcDAm_10actual_cli8analysis11orchestrate22normalize_project_path
FNDA:64,_RNvNtNtCsldt98VPcDAm_10actual_cli8analysis11orchestrate25build_project_description
FNDA:1,_RNCNvNtNtNtCsaaHnVZhbheU_10actual_cli8analysis11orchestrate5testss_47test_static_analysis_config_frameworks_included0B9_
FNDA:4,_RNvNtNtCsaaHnVZhbheU_10actual_cli8analysis11orchestrate15relative_or_dot
FNDA:39,_RNvNtNtCsaaHnVZhbheU_10actual_cli8analysis11orchestrate17assemble_analysis
FNDA:38,_RNvNtNtCsaaHnVZhbheU_10actual_cli8analysis11orchestrate18normalize_analysis
FNDA:39,_RNvNtNtCsaaHnVZhbheU_10actual_cli8analysis11orchestrate19run_static_analysis
FNDA:51,_RNvNtNtCsaaHnVZhbheU_10actual_cli8analysis11orchestrate22normalize_project_path
FNDA:41,_RNvNtNtCsaaHnVZhbheU_10actual_cli8analysis11orchestrate25build_project_description
FNDA:3,_RNCNvNtNtCsaaHnVZhbheU_10actual_cli8analysis11orchestrate19run_static_analysis0B7_
FNDA:7,_RNCNvNtNtCsaaHnVZhbheU_10actual_cli8analysis11orchestrate25build_project_description0B7_
FNDA:8,_RNCNvNtNtCsaaHnVZhbheU_10actual_cli8analysis11orchestrate25build_project_descriptions_0B7_
FNDA:1,_RNvNtNtNtCsaaHnVZhbheU_10actual_cli8analysis11orchestrate5testss_27test_build_description_both
FNDA:1,_RNvNtNtNtCsaaHnVZhbheU_10actual_cli8analysis11orchestrate5testss_27test_normalize_empty_to_dot
FNDA:1,_RNvNtNtNtCsaaHnVZhbheU_10actual_cli8analysis11orchestrate5testss_28test_build_description_empty
FNDA:1,_RNvNtNtNtCsaaHnVZhbheU_10actual_cli8analysis11orchestrate5testss_28test_normalize_dot_unchanged
FNDA:1,_RNvNtNtNtCsaaHnVZhbheU_10actual_cli8analysis11orchestrate5testss_29test_normalize_dot_slash_only
FNDA:1,_RNvNtNtNtCsaaHnVZhbheU_10actual_cli8analysis11orchestrate5testss_30test_static_analysis_empty_dir
FNDA:1,_RNvNtNtNtCsaaHnVZhbheU_10actual_cli8analysis11orchestrate5testss_31test_static_analysis_js_project
FNDA:1,_RNvNtNtNtCsaaHnVZhbheU_10actual_cli8analysis11orchestrate5testss_33test_static_analysis_rust_project
FNDA:1,_RNvNtNtNtCsaaHnVZhbheU_10actual_cli8analysis11orchestrate5testss_35test_normalize_strip_trailing_slash
FNDA:1,_RNvNtNtNtCsaaHnVZhbheU_10actual_cli8analysis11orchestrate5testss_37test_build_description_languages_only
FNDA:1,_RNvNtNtNtCsaaHnVZhbheU_10actual_cli8analysis11orchestrate5testss_37test_static_analysis_normalizes_paths
FNDA:1,_RNvNtNtNtCsaaHnVZhbheU_10actual_cli8analysis11orchestrate5testss_38test_build_description_frameworks_only
FNDA:1,_RNvNtNtNtCsaaHnVZhbheU_10actual_cli8analysis11orchestrate5testss_38test_normalize_relative_path_unchanged
FNDA:1,_RNvNtNtNtCsaaHnVZhbheU_10actual_cli8analysis11orchestrate5testss_38test_normalize_strip_leading_dot_slash
FNDA:1,_RNvNtNtNtCsaaHnVZhbheU_10actual_cli8analysis11orchestrate5testss_38test_static_analysis_monorepo_io_error
FNDA:1,_RNvNtNtNtCsaaHnVZhbheU_10actual_cli8analysis11orchestrate5testss_39test_static_analysis_monorepo_detection
FNDA:1,_RNvNtNtNtCsaaHnVZhbheU_10actual_cli8analysis11orchestrate5testss_40test_normalize_canonical_fallback_subdir
FNDA:1,_RNvNtNtNtCsaaHnVZhbheU_10actual_cli8analysis11orchestrate5testss_42test_build_description_multiple_frameworks
FNDA:1,_RNvNtNtNtCsaaHnVZhbheU_10actual_cli8analysis11orchestrate5testss_43test_normalize_canonical_none_falls_through
FNDA:1,_RNvNtNtNtCsaaHnVZhbheU_10actual_cli8analysis11orchestrate5testss_44test_normalize_canonical_fallback_root_match
FNDA:1,_RNvNtNtNtCsaaHnVZhbheU_10actual_cli8analysis11orchestrate5testss_46test_assemble_analysis_monorepo_flag_preserved
FNDA:1,_RNvNtNtNtCsaaHnVZhbheU_10actual_cli8analysis11orchestrate5testss_47test_static_analysis_config_frameworks_included
FNDA:1,_RNvNtNtNtCsaaHnVZhbheU_10actual_cli8analysis11orchestrate5testss_49test_normalize_absolute_path_matching_working_dir
FNDA:1,_RNvNtNtNtCsaaHnVZhbheU_10actual_cli8analysis11orchestrate5testss_50test_assemble_analysis_non_empty_projects_succeeds
FNDA:1,_RNvNtNtNtCsaaHnVZhbheU_10actual_cli8analysis11orchestrate5testss_50test_normalize_absolute_path_subdir_of_working_dir
FNDA:1,_RNvNtNtNtCsaaHnVZhbheU_10actual_cli8analysis11orchestrate5testss_53test_normalize_absolute_path_unrelated_to_working_dir
FNDA:1,_RNvNtNtNtCsaaHnVZhbheU_10actual_cli8analysis11orchestrate5testss_56test_normalize_canonical_some_but_no_match_falls_through
FNDA:1,_RNvNtNtNtCsaaHnVZhbheU_10actual_cli8analysis11orchestrate5testss_60test_assemble_analysis_empty_projects_returns_analysis_empty
FNF:38
FNH:38
DA:19,115
DA:20,115
DA:21,115
DA:22,115
DA:23,115
DA:24,115
DA:27,115
DA:28,7
DA:29,2
DA:30,5
DA:32,5
DA:33,3
DA:34,2
DA:35,1
DA:36,2
DA:38,3
DA:39,108
DA:42,108
DA:45,108
DA:48,108
DA:49,2
DA:50,106
DA:52,106
DA:53,115
DA:56,4
DA:57,4
DA:58,2
DA:60,2
DA:62,4
DA:70,81
DA:71,81
DA:72,183
DA:73,102
DA:74,102
DA:75,81
DA:83,83
DA:84,83
DA:85,83
DA:87,79
DA:88,179
DA:89,100
DA:92,100
DA:93,100
DA:94,100
DA:95,100
DA:98,100
DA:103,100
DA:106,100
DA:109,100
DA:111,100
DA:112,100
DA:113,100
DA:114,100
DA:115,100
DA:116,100
DA:117,100
DA:118,100
DA:121,79
DA:122,83
DA:129,82
DA:130,82
DA:131,82
DA:132,82
DA:133,82
DA:138,82
DA:139,1
DA:140,81
DA:142,81
DA:143,81
DA:144,81
DA:145,81
DA:147,81
DA:148,81
DA:149,82
DA:152,105
DA:153,105
DA:154,50
DA:155,55
DA:156,64
DA:157,55
DA:159,55
DA:160,55
DA:161,53
DA:162,53
DA:163,55
DA:164,19
DA:165,36
DA:166,55
DA:167,105
DA:177,1
DA:178,1
DA:179,1
DA:180,1
DA:183,1
DA:186,1
DA:187,1
DA:188,1
DA:189,1
DA:192,1
DA:195,1
DA:196,1
DA:197,1
DA:198,1
DA:199,1
DA:202,1
DA:205,1
DA:206,1
DA:207,1
DA:208,1
DA:209,1
DA:210,1
DA:211,1
DA:212,1
DA:216,1
DA:219,1
DA:220,1
DA:221,1
DA:222,1
DA:225,1
DA:228,1
DA:229,1
DA:230,1
DA:231,1
DA:232,1
DA:235,1
DA:238,1
DA:239,1
DA:240,1
DA:241,1
DA:244,1
DA:247,1
DA:248,1
DA:249,1
DA:250,1
DA:253,1
DA:256,1
DA:257,1
DA:258,1
DA:259,1
DA:262,1
DA:263,1
DA:264,1
DA:265,1
DA:268,1
DA:269,1
DA:270,1
DA:271,1
DA:274,1
DA:277,1
DA:278,1
DA:279,1
DA:280,1
DA:283,1
DA:286,1
DA:287,1
DA:288,1
DA:289,1
DA:294,1
DA:295,1
DA:297,1
DA:298,1
DA:308,1
DA:310,1
DA:312,1
DA:313,1
DA:315,1
DA:317,1
DA:318,1
DA:319,1
DA:320,1
DA:321,1
DA:322,1
DA:325,1
DA:326,1
DA:327,1
DA:328,1
DA:331,1
DA:332,1
DA:333,1
DA:334,1
DA:337,1
DA:339,1
DA:341,1
DA:342,1
DA:343,1
DA:344,1
DA:347,1
DA:348,1
DA:353,1
DA:355,1
DA:356,1
DA:357,1
DA:358,1
DA:359,1
DA:362,1
DA:363,1
DA:365,1
DA:366,1
DA:369,1
DA:370,1
DA:372,1
DA:373,1
DA:374,1
DA:377,1
DA:379,1
DA:381,1
DA:382,1
DA:383,1
DA:386,1
DA:389,1
DA:390,1
DA:391,1
DA:397,1
DA:399,1
DA:402,1
DA:403,1
DA:406,1
DA:408,1
DA:410,1
DA:411,1
DA:414,1
DA:416,1
DA:417,1
DA:418,1
DA:419,1
DA:420,1
DA:425,1
DA:426,1
DA:427,1
DA:430,1
DA:431,1
DA:432,1
DA:433,1
DA:434,1
DA:437,1
DA:438,1
DA:439,1
DA:440,1
DA:441,1
DA:442,1
DA:443,1
DA:444,1
DA:447,1
DA:448,1
DA:449,1
DA:450,1
DA:451,1
DA:452,1
DA:453,1
DA:454,1
DA:455,1
DA:458,1
DA:459,1
DA:460,1
DA:461,1
DA:462,1
DA:463,1
DA:464,1
DA:465,1
DA:466,1
DA:467,1
DA:468,1
DA:470,1
DA:471,1
DA:472,1
DA:475,1
DA:477,1
DA:479,1
DA:480,1
DA:483,1
DA:485,1
DA:486,1
DA:488,1
DA:491,1
DA:492,1
DA:493,1
DA:494,1
DA:495,1
DA:500,1
DA:506,1
DA:507,1
DA:508,1
DA:509,1
DA:510,1
DA:513,1
DA:515,1
DA:516,1
DA:517,1
DA:518,1
DA:519,1
DA:520,1
DA:521,1
DA:522,1
DA:523,1
DA:524,1
DA:525,1
DA:526,1
DA:527,1
DA:528,1
DA:531,1
DA:533,1
DA:534,1
DA:535,1
DA:536,1
DA:537,1
DA:538,1
DA:539,1
DA:540,1
DA:541,1
DA:542,1
DA:543,1
DA:544,1
DA:545,1
BRF:0
BRH:0
LF:317
LH:317
end_of_record
SF:/Users/poile/repos/actualai/actual-cli/.worktrees/bcl4/src/analysis/signals/ir.rs
FN:27,_RNvMNtNtNtCsldt98VPcDAm_10actual_cli8analysis7signals2irNtB2_11SpanSummary18from_evidence_span
FN:60,_RNvNtNtNtCsldt98VPcDAm_10actual_cli8analysis7signals2ir10sha256_hex
FN:132,_RNvNtNtNtCsldt98VPcDAm_10actual_cli8analysis7signals2ir12format_value
FN:144,_RNvNtNtNtCsldt98VPcDAm_10actual_cli8analysis7signals2ir16compare_leaf_ids
FN:163,_RNvNtNtNtCsldt98VPcDAm_10actual_cli8analysis7signals2ir18build_canonical_ir
FN:78,_RNvNtNtNtCsldt98VPcDAm_10actual_cli8analysis7signals2ir25aggregate_matches_by_leaf
FN:148,_RNCNvNtNtNtCsldt98VPcDAm_10actual_cli8analysis7signals2ir16compare_leaf_ids0B9_
FN:167,_RNCNvNtNtNtCsldt98VPcDAm_10actual_cli8analysis7signals2ir18build_canonical_ir0B9_
FN:85,_RNCNvNtNtNtCsldt98VPcDAm_10actual_cli8analysis7signals2ir25aggregate_matches_by_leaf0B9_
FN:148,_RNCNvNtNtNtCsaaHnVZhbheU_10actual_cli8analysis7signals2ir16compare_leaf_ids0B9_
FN:167,_RNCNvNtNtNtCsaaHnVZhbheU_10actual_cli8analysis7signals2ir18build_canonical_ir0B9_
FN:85,_RNCNvNtNtNtCsaaHnVZhbheU_10actual_cli8analysis7signals2ir25aggregate_matches_by_leaf0B9_
FN:555,_RNCNvNtNtNtNtCsaaHnVZhbheU_10actual_cli8analysis7signals2ir5testss_25test_spans_limited_to_max0Bb_
FN:376,_RNCNvNtNtNtNtCsaaHnVZhbheU_10actual_cli8analysis7signals2ir5testss_26test_values_limited_to_ten0Bb_
FN:228,_RNvNtNtNtNtCsaaHnVZhbheU_10actual_cli8analysis7signals2ir5tests10make_match
FN:254,_RNvNtNtNtNtCsaaHnVZhbheU_10actual_cli8analysis7signals2ir5tests21make_match_with_spans
FN:606,_RNvNtNtNtNtCsaaHnVZhbheU_10actual_cli8analysis7signals2ir5testss_15test_sha256_hex
FN:289,_RNvNtNtNtNtCsaaHnVZhbheU_10actual_cli8analysis7signals2ir5testss_17test_single_match
FN:274,_RNvNtNtNtNtCsaaHnVZhbheU_10actual_cli8analysis7signals2ir5testss_18test_empty_matches
FN:476,_RNvNtNtNtNtCsaaHnVZhbheU_10actual_cli8analysis7signals2ir5testss_19test_ir_text_format
FN:592,_RNvNtNtNtNtCsaaHnVZhbheU_10actual_cli8analysis7signals2ir5testss_21test_rule_ids_deduped
FN:435,_RNvNtNtNtNtCsaaHnVZhbheU_10actual_cli8analysis7signals2ir5testss_22test_confidence_is_max
FN:353,_RNvNtNtNtNtCsaaHnVZhbheU_10actual_cli8analysis7signals2ir5testss_23test_deterministic_hash
FN:392,_RNvNtNtNtNtCsaaHnVZhbheU_10actual_cli8analysis7signals2ir5testss_23test_string_value_dedup
FN:552,_RNvNtNtNtNtCsaaHnVZhbheU_10actual_cli8analysis7signals2ir5testss_25test_spans_limited_to_max
FN:374,_RNvNtNtNtNtCsaaHnVZhbheU_10actual_cli8analysis7signals2ir5testss_26test_values_limited_to_ten
FN:406,_RNvNtNtNtNtCsaaHnVZhbheU_10actual_cli8analysis7signals2ir5testss_28test_dict_values_not_deduped
FN:516,_RNvNtNtNtNtCsaaHnVZhbheU_10actual_cli8analysis7signals2ir5testss_29test_multiple_spans_per_match
FN:419,_RNvNtNtNtNtCsaaHnVZhbheU_10actual_cli8analysis7signals2ir5testss_29test_no_values_shows_detected
FN:499,_RNvNtNtNtNtCsaaHnVZhbheU_10actual_cli8analysis7signals2ir5testss_30test_span_summary_construction
FN:615,_RNvNtNtNtNtCsaaHnVZhbheU_10actual_cli8analysis7signals2ir5testss_31test_canonical_ir_serialization
FN:447,_RNvNtNtNtNtCsaaHnVZhbheU_10actual_cli8analysis7signals2ir5testss_31test_confidence_rounded_in_text
FN:581,_RNvNtNtNtNtCsaaHnVZhbheU_10actual_cli8analysis7signals2ir5testss_31test_facet_slot_uses_first_seen
FN:460,_RNvNtNtNtNtCsaaHnVZhbheU_10actual_cli8analysis7signals2ir5testss_31test_leaf_id_sorted_numerically
FN:315,_RNvNtNtNtNtCsaaHnVZhbheU_10actual_cli8analysis7signals2ir5testss_31test_multiple_matches_same_leaf
FN:691,_RNvNtNtNtNtCsaaHnVZhbheU_10actual_cli8analysis7signals2ir5testss_34test_compare_leaf_ids_all_branches
FN:365,_RNvNtNtNtNtCsaaHnVZhbheU_10actual_cli8analysis7signals2ir5testss_35test_different_input_different_hash
FN:669,_RNvNtNtNtNtCsaaHnVZhbheU_10actual_cli8analysis7signals2ir5testss_36test_u64_max_leaf_id_sorts_correctly
FN:338,_RNvNtNtNtNtCsaaHnVZhbheU_10actual_cli8analysis7signals2ir5testss_38test_multiple_matches_different_leaves
FN:630,_RNvNtNtNtNtCsaaHnVZhbheU_10actual_cli8analysis7signals2ir5testss_39test_facet_data_serialization_roundtrip
FN:734,_RNvNtNtNtNtCsaaHnVZhbheU_10actual_cli8analysis7signals2ir5testss_41test_span_summary_serialization_roundtrip
FN:650,_RNvNtNtNtNtCsaaHnVZhbheU_10actual_cli8analysis7signals2ir5testss_50test_non_numeric_leaf_ids_sorted_deterministically
FN:715,_RNvNtNtNtNtCsaaHnVZhbheU_10actual_cli8analysis7signals2ir5testss_50test_same_numeric_value_different_strings_tiebreak
FN:27,_RNvMNtNtNtCsaaHnVZhbheU_10actual_cli8analysis7signals2irNtB2_11SpanSummary18from_evidence_span
FN:60,_RNvNtNtNtCsaaHnVZhbheU_10actual_cli8analysis7signals2ir10sha256_hex
FN:132,_RNvNtNtNtCsaaHnVZhbheU_10actual_cli8analysis7signals2ir12format_value
FN:144,_RNvNtNtNtCsaaHnVZhbheU_10actual_cli8analysis7signals2ir16compare_leaf_ids
FN:163,_RNvNtNtNtCsaaHnVZhbheU_10actual_cli8analysis7signals2ir18build_canonical_ir
FN:78,_RNvNtNtNtCsaaHnVZhbheU_10actual_cli8analysis7signals2ir25aggregate_matches_by_leaf
FNDA:0,_RNvMNtNtNtCsldt98VPcDAm_10actual_cli8analysis7signals2irNtB2_11SpanSummary18from_evidence_span
FNDA:0,_RNvNtNtNtCsldt98VPcDAm_10actual_cli8analysis7signals2ir10sha256_hex
FNDA:0,_RNvNtNtNtCsldt98VPcDAm_10actual_cli8analysis7signals2ir12format_value
FNDA:0,_RNvNtNtNtCsldt98VPcDAm_10actual_cli8analysis7signals2ir16compare_leaf_ids
FNDA:0,_RNvNtNtNtCsldt98VPcDAm_10actual_cli8analysis7signals2ir18build_canonical_ir
FNDA:0,_RNvNtNtNtCsldt98VPcDAm_10actual_cli8analysis7signals2ir25aggregate_matches_by_leaf
FNDA:0,_RNCNvNtNtNtCsldt98VPcDAm_10actual_cli8analysis7signals2ir16compare_leaf_ids0B9_
FNDA:0,_RNCNvNtNtNtCsldt98VPcDAm_10actual_cli8analysis7signals2ir18build_canonical_ir0B9_
FNDA:0,_RNCNvNtNtNtCsldt98VPcDAm_10actual_cli8analysis7signals2ir25aggregate_matches_by_leaf0B9_
FNDA:3,_RNCNvNtNtNtCsaaHnVZhbheU_10actual_cli8analysis7signals2ir16compare_leaf_ids0B9_
FNDA:15,_RNCNvNtNtNtCsaaHnVZhbheU_10actual_cli8analysis7signals2ir18build_canonical_ir0B9_
FNDA:37,_RNCNvNtNtNtCsaaHnVZhbheU_10actual_cli8analysis7signals2ir25aggregate_matches_by_leaf0B9_
FNDA:60,_RNCNvNtNtNtNtCsaaHnVZhbheU_10actual_cli8analysis7signals2ir5testss_25test_spans_limited_to_max0Bb_
FNDA:15,_RNCNvNtNtNtNtCsaaHnVZhbheU_10actual_cli8analysis7signals2ir5testss_26test_values_limited_to_ten0Bb_
FNDA:53,_RNvNtNtNtNtCsaaHnVZhbheU_10actual_cli8analysis7signals2ir5tests10make_match
FNDA:61,_RNvNtNtNtNtCsaaHnVZhbheU_10actual_cli8analysis7signals2ir5tests21make_match_with_spans
FNDA:1,_RNvNtNtNtNtCsaaHnVZhbheU_10actual_cli8analysis7signals2ir5testss_15test_sha256_hex
FNDA:1,_RNvNtNtNtNtCsaaHnVZhbheU_10actual_cli8analysis7signals2ir5testss_17test_single_match
FNDA:1,_RNvNtNtNtNtCsaaHnVZhbheU_10actual_cli8analysis7signals2ir5testss_18test_empty_matches
FNDA:1,_RNvNtNtNtNtCsaaHnVZhbheU_10actual_cli8analysis7signals2ir5testss_19test_ir_text_format
FNDA:1,_RNvNtNtNtNtCsaaHnVZhbheU_10actual_cli8analysis7signals2ir5testss_21test_rule_ids_deduped
FNDA:1,_RNvNtNtNtNtCsaaHnVZhbheU_10actual_cli8analysis7signals2ir5testss_22test_confidence_is_max
FNDA:1,_RNvNtNtNtNtCsaaHnVZhbheU_10actual_cli8analysis7signals2ir5testss_23test_deterministic_hash
FNDA:1,_RNvNtNtNtNtCsaaHnVZhbheU_10actual_cli8analysis7signals2ir5testss_23test_string_value_dedup
FNDA:1,_RNvNtNtNtNtCsaaHnVZhbheU_10actual_cli8analysis7signals2ir5testss_25test_spans_limited_to_max
FNDA:1,_RNvNtNtNtNtCsaaHnVZhbheU_10actual_cli8analysis7signals2ir5testss_26test_values_limited_to_ten
FNDA:1,_RNvNtNtNtNtCsaaHnVZhbheU_10actual_cli8analysis7signals2ir5testss_28test_dict_values_not_deduped
FNDA:1,_RNvNtNtNtNtCsaaHnVZhbheU_10actual_cli8analysis7signals2ir5testss_29test_multiple_spans_per_match
FNDA:1,_RNvNtNtNtNtCsaaHnVZhbheU_10actual_cli8analysis7signals2ir5testss_29test_no_values_shows_detected
FNDA:1,_RNvNtNtNtNtCsaaHnVZhbheU_10actual_cli8analysis7signals2ir5testss_30test_span_summary_construction
FNDA:1,_RNvNtNtNtNtCsaaHnVZhbheU_10actual_cli8analysis7signals2ir5testss_31test_canonical_ir_serialization
FNDA:1,_RNvNtNtNtNtCsaaHnVZhbheU_10actual_cli8analysis7signals2ir5testss_31test_confidence_rounded_in_text
FNDA:1,_RNvNtNtNtNtCsaaHnVZhbheU_10actual_cli8analysis7signals2ir5testss_31test_facet_slot_uses_first_seen
FNDA:1,_RNvNtNtNtNtCsaaHnVZhbheU_10actual_cli8analysis7signals2ir5testss_31test_leaf_id_sorted_numerically
FNDA:1,_RNvNtNtNtNtCsaaHnVZhbheU_10actual_cli8analysis7signals2ir5testss_31test_multiple_matches_same_leaf
FNDA:1,_RNvNtNtNtNtCsaaHnVZhbheU_10actual_cli8analysis7signals2ir5testss_34test_compare_leaf_ids_all_branches
FNDA:1,_RNvNtNtNtNtCsaaHnVZhbheU_10actual_cli8analysis7signals2ir5testss_35test_different_input_different_hash
FNDA:1,_RNvNtNtNtNtCsaaHnVZhbheU_10actual_cli8analysis7signals2ir5testss_36test_u64_max_leaf_id_sorts_correctly
FNDA:1,_RNvNtNtNtNtCsaaHnVZhbheU_10actual_cli8analysis7signals2ir5testss_38test_multiple_matches_different_leaves
FNDA:1,_RNvNtNtNtNtCsaaHnVZhbheU_10actual_cli8analysis7signals2ir5testss_39test_facet_data_serialization_roundtrip
FNDA:1,_RNvNtNtNtNtCsaaHnVZhbheU_10actual_cli8analysis7signals2ir5testss_41test_span_summary_serialization_roundtrip
FNDA:1,_RNvNtNtNtNtCsaaHnVZhbheU_10actual_cli8analysis7signals2ir5testss_50test_non_numeric_leaf_ids_sorted_deterministically
FNDA:1,_RNvNtNtNtNtCsaaHnVZhbheU_10actual_cli8analysis7signals2ir5testss_50test_same_numeric_value_different_strings_tiebreak
FNDA:111,_RNvMNtNtNtCsaaHnVZhbheU_10actual_cli8analysis7signals2irNtB2_11SpanSummary18from_evidence_span
FNDA:26,_RNvNtNtNtCsaaHnVZhbheU_10actual_cli8analysis7signals2ir10sha256_hex
FNDA:62,_RNvNtNtNtCsaaHnVZhbheU_10actual_cli8analysis7signals2ir12format_value
FNDA:24,_RNvNtNtNtCsaaHnVZhbheU_10actual_cli8analysis7signals2ir16compare_leaf_ids
FNDA:25,_RNvNtNtNtCsaaHnVZhbheU_10actual_cli8analysis7signals2ir18build_canonical_ir
FNDA:25,_RNvNtNtNtCsaaHnVZhbheU_10actual_cli8analysis7signals2ir25aggregate_matches_by_leaf
FNF:40
FNH:40
DA:27,111
DA:28,111
DA:29,111
DA:30,111
DA:31,111
DA:32,111
DA:33,111
DA:34,111
DA:60,26
DA:61,26
DA:62,26
DA:63,26
DA:64,26
DA:78,25
DA:79,25
DA:81,144
DA:82,119
DA:83,119
DA:84,119
DA:85,37
DA:86,37
DA:88,37
DA:89,37
DA:91,37
DA:92,37
DA:95,119
DA:96,39
DA:97,80
DA:100,119
DA:101,45
DA:102,74
DA:107,119
DA:108,64
DA:109,61
DA:110,60
DA:111,60
DA:112,3
DA:113,2
DA:114,2
DA:115,55
DA:118,119
DA:121,239
DA:122,120
DA:123,110
DA:124,110
DA:128,25
DA:129,25
DA:132,62
DA:133,62
DA:134,60
DA:136,2
DA:138,62
DA:144,24
DA:145,24
DA:146,24
DA:147,24
DA:148,12
DA:149,1
DA:150,6
DA:151,5
DA:153,24
DA:163,25
DA:164,25
DA:166,25
DA:167,25
DA:170,25
DA:171,25
DA:173,25
DA:174,25
DA:175,25
DA:176,25
DA:178,62
DA:179,37
DA:181,37
DA:182,37
DA:183,37
DA:184,37
DA:185,37
DA:186,37
DA:187,37
DA:188,37
DA:191,37
DA:192,37
DA:193,37
DA:197,37
DA:198,1
DA:199,1
DA:200,98
DA:201,62
DA:202,62
DA:205,37
DA:209,25
DA:210,25
DA:212,25
DA:213,25
DA:214,25
DA:215,25
DA:216,25
DA:217,25
DA:218,25
DA:219,25
DA:220,25
DA:228,53
DA:229,53
DA:230,53
DA:231,53
DA:232,53
DA:233,53
DA:234,53
DA:235,53
DA:236,53
DA:237,53
DA:238,53
DA:239,53
DA:240,53
DA:241,53
DA:242,53
DA:243,53
DA:244,53
DA:245,53
DA:246,53
DA:247,53
DA:248,53
DA:249,53
DA:250,53
DA:251,53
DA:254,61
DA:255,61
DA:256,61
DA:257,61
DA:258,61
DA:259,61
DA:260,61
DA:261,61
DA:262,61
DA:263,61
DA:264,61
DA:265,61
DA:266,61
DA:267,61
DA:268,61
DA:269,61
DA:270,61
DA:271,61
DA:274,1
DA:275,1
DA:276,1
DA:277,1
DA:278,1
DA:279,1
DA:280,1
DA:281,1
DA:282,1
DA:283,1
DA:284,1
DA:285,1
DA:286,1
DA:289,1
DA:290,1
DA:291,1
DA:292,1
DA:293,1
DA:294,1
DA:297,1
DA:298,1
DA:299,1
DA:300,1
DA:302,1
DA:303,1
DA:304,1
DA:305,1
DA:306,1
DA:307,1
DA:308,1
DA:310,1
DA:311,1
DA:312,1
DA:315,1
DA:316,1
DA:317,1
DA:318,1
DA:320,1
DA:321,1
DA:322,1
DA:324,1
DA:326,1
DA:328,1
DA:330,1
DA:332,1
DA:334,1
DA:335,1
DA:338,1
DA:339,1
DA:340,1
DA:341,1
DA:343,1
DA:344,1
DA:347,1
DA:348,1
DA:349,1
DA:350,1
DA:353,1
DA:354,1
DA:355,1
DA:356,1
DA:358,1
DA:359,1
DA:360,1
DA:361,1
DA:362,1
DA:365,1
DA:366,1
DA:367,1
DA:368,1
DA:369,1
DA:370,1
DA:371,1
DA:374,1
DA:375,1
DA:376,15
DA:377,15
DA:378,15
DA:379,15
DA:380,15
DA:381,15
DA:384,15
DA:385,1
DA:386,1
DA:387,1
DA:388,1
DA:389,1
DA:392,1
DA:393,1
DA:394,1
DA:395,1
DA:396,1
DA:398,1
DA:399,1
DA:400,1
DA:401,1
DA:402,1
DA:403,1
DA:406,1
DA:407,1
DA:408,1
DA:409,1
DA:410,1
DA:412,1
DA:413,1
DA:415,1
DA:416,1
DA:419,1
DA:421,1
DA:422,1
DA:423,1
DA:424,1
DA:425,1
DA:428,1
DA:429,1
DA:430,1
DA:431,1
DA:432,1
DA:435,1
DA:436,1
DA:437,1
DA:438,1
DA:439,1
DA:441,1
DA:442,1
DA:443,1
DA:444,1
DA:447,1
DA:448,1
DA:449,1
DA:450,1
DA:451,1
DA:452,1
DA:455,1
DA:456,1
DA:457,1
DA:460,1
DA:461,1
DA:462,1
DA:463,1
DA:464,1
DA:466,1
DA:468,1
DA:469,1
DA:470,1
DA:471,1
DA:472,1
DA:473,1
DA:476,1
DA:477,1
DA:478,1
DA:479,1
DA:481,1
DA:483,1
DA:484,1
DA:485,1
DA:486,1
DA:487,1
DA:488,1
DA:489,1
DA:490,1
DA:491,1
DA:492,1
DA:493,1
DA:495,1
DA:496,1
DA:499,1
DA:500,1
DA:501,1
DA:502,1
DA:503,1
DA:504,1
DA:505,1
DA:506,1
DA:507,1
DA:508,1
DA:509,1
DA:510,1
DA:511,1
DA:512,1
DA:513,1
DA:516,1
DA:517,1
DA:518,1
DA:519,1
DA:520,1
DA:521,1
DA:522,1
DA:523,1
DA:524,1
DA:525,1
DA:526,1
DA:527,1
DA:528,1
DA:529,1
DA:530,1
DA:531,1
DA:532,1
DA:533,1
DA:535,1
DA:536,1
DA:537,1
DA:538,1
DA:539,1
DA:541,1
DA:543,1
DA:544,1
DA:545,1
DA:546,1
DA:547,1
DA:548,1
DA:549,1
DA:552,1
DA:554,1
DA:555,60
DA:556,60
DA:557,60
DA:558,60
DA:559,60
DA:560,60
DA:562,60
DA:563,60
DA:564,60
DA:565,60
DA:566,60
DA:567,60
DA:568,60
DA:569,60
DA:571,60
DA:572,1
DA:573,1
DA:574,1
DA:575,1
DA:577,1
DA:578,1
DA:581,1
DA:582,1
DA:583,1
DA:584,1
DA:586,1
DA:587,1
DA:588,1
DA:589,1
DA:592,1
DA:593,1
DA:594,1
DA:595,1
DA:596,1
DA:598,1
DA:599,1
DA:600,1
DA:601,1
DA:602,1
DA:603,1
DA:606,1
DA:607,1
DA:608,1
DA:612,1
DA:615,1
DA:616,1
DA:617,1
DA:618,1
DA:619,1
DA:620,1
DA:623,1
DA:624,1
DA:625,1
DA:626,1
DA:627,1
DA:630,1
DA:631,1
DA:632,1
DA:633,1
DA:634,1
DA:635,1
DA:636,1
DA:637,1
DA:638,1
DA:639,1
DA:640,1
DA:641,1
DA:642,1
DA:643,1
DA:644,1
DA:645,1
DA:646,1
DA:647,1
DA:650,1
DA:651,1
DA:652,1
DA:653,1
DA:654,1
DA:656,1
DA:657,1
DA:659,1
DA:661,1
DA:662,1
DA:663,1
DA:664,1
DA:665,1
DA:666,1
DA:669,1
DA:672,1
DA:673,1
DA:674,1
DA:675,1
DA:676,1
DA:678,1
DA:680,1
DA:681,1
DA:682,1
DA:683,1
DA:684,1
DA:685,1
DA:686,0
DA:688,1
DA:691,1
DA:695,1
DA:696,1
DA:697,1
DA:700,1
DA:703,1
DA:706,1
DA:709,1
DA:710,1
DA:711,1
DA:712,1
DA:715,1
DA:718,1
DA:719,1
DA:720,1
DA:722,1
DA:723,1
DA:725,1
DA:726,1
DA:727,1
DA:728,1
DA:729,0
DA:731,1
DA:734,1
DA:735,1
DA:736,1
DA:737,1
DA:738,1
DA:739,1
DA:740,1
DA:741,1
DA:742,1
DA:743,1
DA:744,1
BRF:0
BRH:0
LF:498
LH:496
end_of_record
SF:/Users/poile/repos/actualai/actual-cli/.worktrees/bcl4/src/analysis/signals/language_resolver.rs
FN:85,_RNvMNtNtNtCsldt98VPcDAm_10actual_cli8analysis7signals17language_resolverNtB2_18TreeSitterLanguage12display_name
FN:65,_RNvMNtNtNtCsldt98VPcDAm_10actual_cli8analysis7signals17language_resolverNtB2_18TreeSitterLanguage20tree_sitter_language
FN:42,_RNvMNtNtNtCsldt98VPcDAm_10actual_cli8analysis7signals17language_resolverNtB2_18TreeSitterLanguage6as_str
FN:113,_RNvNtNtNtCsldt98VPcDAm_10actual_cli8analysis7signals17language_resolver16resolve_language
FN:176,_RNvNtNtNtCsldt98VPcDAm_10actual_cli8analysis7signals17language_resolver17resolve_from_hint
FN:198,_RNvNtNtNtCsldt98VPcDAm_10actual_cli8analysis7signals17language_resolver20is_known_unparseable
FN:144,_RNvNtNtNtCsldt98VPcDAm_10actual_cli8analysis7signals17language_resolver22resolve_from_extension
FN:119,_RNCNvNtNtNtCsldt98VPcDAm_10actual_cli8analysis7signals17language_resolver16resolve_language0B9_
FN:120,_RNCNvNtNtNtCsldt98VPcDAm_10actual_cli8analysis7signals17language_resolver16resolve_languages_0B9_
FN:200,_RNCNvNtNtNtCsldt98VPcDAm_10actual_cli8analysis7signals17language_resolver20is_known_unparseable0B9_
FN:208,_RNCNvNtNtNtCsldt98VPcDAm_10actual_cli8analysis7signals17language_resolver20is_known_unparseables_0B9_
FN:85,_RNvMNtNtNtCsaaHnVZhbheU_10actual_cli8analysis7signals17language_resolverNtB2_18TreeSitterLanguage12display_name
FN:65,_RNvMNtNtNtCsaaHnVZhbheU_10actual_cli8analysis7signals17language_resolverNtB2_18TreeSitterLanguage20tree_sitter_language
FN:42,_RNvMNtNtNtCsaaHnVZhbheU_10actual_cli8analysis7signals17language_resolverNtB2_18TreeSitterLanguage6as_str
FN:113,_RNvNtNtNtCsaaHnVZhbheU_10actual_cli8analysis7signals17language_resolver16resolve_language
FN:176,_RNvNtNtNtCsaaHnVZhbheU_10actual_cli8analysis7signals17language_resolver17resolve_from_hint
FN:198,_RNvNtNtNtCsaaHnVZhbheU_10actual_cli8analysis7signals17language_resolver20is_known_unparseable
FN:144,_RNvNtNtNtCsaaHnVZhbheU_10actual_cli8analysis7signals17language_resolver22resolve_from_extension
FN:119,_RNCNvNtNtNtCsaaHnVZhbheU_10actual_cli8analysis7signals17language_resolver16resolve_language0B9_
FN:120,_RNCNvNtNtNtCsaaHnVZhbheU_10actual_cli8analysis7signals17language_resolver16resolve_languages_0B9_
FN:200,_RNCNvNtNtNtCsaaHnVZhbheU_10actual_cli8analysis7signals17language_resolver20is_known_unparseable0B9_
FN:208,_RNCNvNtNtNtCsaaHnVZhbheU_10actual_cli8analysis7signals17language_resolver20is_known_unparseables_0B9_
FN:340,_RNvNtNtNtNtCsaaHnVZhbheU_10actual_cli8analysis7signals17language_resolver5testss_18hint_rust_resolves
FN:376,_RNvNtNtNtNtCsaaHnVZhbheU_10actual_cli8analysis7signals17language_resolver5testss_20hint_csharp_resolves
FN:707,_RNvNtNtNtNtCsaaHnVZhbheU_10actual_cli8analysis7signals17language_resolver5testss_22hint_specific_variants
FN:665,_RNvNtNtNtNtCsaaHnVZhbheU_10actual_cli8analysis7signals17language_resolver5testss_23hint_shell_returns_none
FN:535,_RNvNtNtNtNtCsaaHnVZhbheU_10actual_cli8analysis7signals17language_resolver5testss_23tf_is_known_unparseable
FN:446,_RNvNtNtNtNtCsaaHnVZhbheU_10actual_cli8analysis7signals17language_resolver5testss_24env_is_known_unparseable
FN:545,_RNvNtNtNtNtCsaaHnVZhbheU_10actual_cli8analysis7signals17language_resolver5testss_24hcl_is_known_unparseable
FN:673,_RNvNtNtNtNtCsaaHnVZhbheU_10actual_cli8analysis7signals17language_resolver5testss_24hint_aliases_all_covered
FN:367,_RNvNtNtNtNtCsaaHnVZhbheU_10actual_cli8analysis7signals17language_resolver5testss_24hint_cxx_resolves_to_cpp
FN:385,_RNvNtNtNtNtCsaaHnVZhbheU_10actual_cli8analysis7signals17language_resolver5testss_24hint_is_case_insensitive
FN:530,_RNvNtNtNtNtCsaaHnVZhbheU_10actual_cli8analysis7signals17language_resolver5testss_24ini_is_known_unparseable
FN:525,_RNvNtNtNtNtCsaaHnVZhbheU_10actual_cli8analysis7signals17language_resolver5testss_25baml_is_known_unparseable
FN:279,_RNvNtNtNtNtCsaaHnVZhbheU_10actual_cli8analysis7signals17language_resolver5testss_25extension_c_resolves_to_c
FN:317,_RNvNtNtNtNtCsaaHnVZhbheU_10actual_cli8analysis7signals17language_resolver5testss_25extension_h_resolves_to_c
FN:451,_RNvNtNtNtNtCsaaHnVZhbheU_10actual_cli8analysis7signals17language_resolver5testss_25lock_is_known_unparseable
FN:427,_RNvNtNtNtNtCsaaHnVZhbheU_10actual_cli8analysis7signals17language_resolver5testss_25no_extension_returns_none
FN:441,_RNvNtNtNtNtCsaaHnVZhbheU_10actual_cli8analysis7signals17language_resolver5testss_25toml_is_known_unparseable
FN:358,_RNvNtNtNtNtCsaaHnVZhbheU_10actual_cli8analysis7signals17language_resolver5testss_26hint_golang_resolves_to_go
FN:518,_RNvNtNtNtNtCsaaHnVZhbheU_10actual_cli8analysis7signals17language_resolver5testss_26nvmrc_is_known_unparseable
FN:261,_RNvNtNtNtNtCsaaHnVZhbheU_10actual_cli8analysis7signals17language_resolver5testss_27extension_go_resolves_to_go
FN:456,_RNvNtNtNtNtCsaaHnVZhbheU_10actual_cli8analysis7signals17language_resolver5testss_27rs_is_not_known_unparseable
FN:540,_RNvNtNtNtNtCsaaHnVZhbheU_10actual_cli8analysis7signals17language_resolver5testss_27tfvars_is_known_unparseable
FN:410,_RNvNtNtNtNtCsaaHnVZhbheU_10actual_cli8analysis7signals17language_resolver5testss_28jsx_extension_overrides_hint
FN:550,_RNvNtNtNtNtCsaaHnVZhbheU_10actual_cli8analysis7signals17language_resolver5testss_28tfstate_is_known_unparseable
FN:400,_RNvNtNtNtNtCsaaHnVZhbheU_10actual_cli8analysis7signals17language_resolver5testss_28tsx_extension_overrides_hint
FN:513,_RNvNtNtNtNtCsaaHnVZhbheU_10actual_cli8analysis7signals17language_resolver5testss_29eslintrc_is_known_unparseable
FN:285,_RNvNtNtNtNtCsaaHnVZhbheU_10actual_cli8analysis7signals17language_resolver5testss_29extension_cpp_resolves_to_cpp
FN:305,_RNvNtNtNtNtCsaaHnVZhbheU_10actual_cli8analysis7signals17language_resolver5testss_29extension_php_resolves_to_php
FN:299,_RNvNtNtNtNtCsaaHnVZhbheU_10actual_cli8analysis7signals17language_resolver5testss_29extension_rb_resolves_to_ruby
FN:225,_RNvNtNtNtNtCsaaHnVZhbheU_10actual_cli8analysis7signals17language_resolver5testss_29extension_rs_resolves_to_rust
FN:240,_RNvNtNtNtNtCsaaHnVZhbheU_10actual_cli8analysis7signals17language_resolver5testss_29extension_tsx_resolves_to_tsx
FN:493,_RNvNtNtNtNtCsaaHnVZhbheU_10actual_cli8analysis7signals17language_resolver5testss_30gitignore_is_known_unparseable
FN:349,_RNvNtNtNtNtCsaaHnVZhbheU_10actual_cli8analysis7signals17language_resolver5testss_30hint_ts_resolves_to_typescript
FN:421,_RNvNtNtNtNtCsaaHnVZhbheU_10actual_cli8analysis7signals17language_resolver5testss_30unknown_extension_returns_none
FN:604,_RNvNtNtNtNtCsaaHnVZhbheU_10actual_cli8analysis7signals17language_resolver5testss_31as_str_round_trips_through_hint
FN:293,_RNvNtNtNtNtCsaaHnVZhbheU_10actual_cli8analysis7signals17language_resolver5testss_31extension_cs_resolves_to_csharp
FN:267,_RNvNtNtNtNtCsaaHnVZhbheU_10actual_cli8analysis7signals17language_resolver5testss_31extension_java_resolves_to_java
FN:273,_RNvNtNtNtNtCsaaHnVZhbheU_10actual_cli8analysis7signals17language_resolver5testss_31extension_kt_resolves_to_kotlin
FN:255,_RNvNtNtNtNtCsaaHnVZhbheU_10actual_cli8analysis7signals17language_resolver5testss_31extension_py_resolves_to_python
FN:508,_RNvNtNtNtNtCsaaHnVZhbheU_10actual_cli8analysis7signals17language_resolver5testss_31prettierrc_is_known_unparseable
FN:468,_RNvNtNtNtNtCsaaHnVZhbheU_10actual_cli8analysis7signals17language_resolver5testss_32display_name_covers_all_variants
FN:657,_RNvNtNtNtNtCsaaHnVZhbheU_10actual_cli8analysis7signals17language_resolver5testss_32extension_kts_resolves_to_kotlin
FN:332,_RNvNtNtNtNtCsaaHnVZhbheU_10actual_cli8analysis7signals17language_resolver5testss_32extension_pyi_resolves_to_python
FN:498,_RNvNtNtNtNtCsaaHnVZhbheU_10actual_cli8analysis7signals17language_resolver5testss_33dockerignore_is_known_unparseable
FN:503,_RNvNtNtNtNtCsaaHnVZhbheU_10actual_cli8analysis7signals17language_resolver5testss_33editorconfig_is_known_unparseable
FN:311,_RNvNtNtNtNtCsaaHnVZhbheU_10actual_cli8analysis7signals17language_resolver5testss_33extension_swift_resolves_to_swift
FN:598,_RNvNtNtNtNtCsaaHnVZhbheU_10actual_cli8analysis7signals17language_resolver5testss_33unsupported_languages_return_none
FN:561,_RNvNtNtNtNtCsaaHnVZhbheU_10actual_cli8analysis7signals17language_resolver5testss_34env_extension_is_known_unparseable
FN:567,_RNvNtNtNtNtCsaaHnVZhbheU_10actual_cli8analysis7signals17language_resolver5testss_34root_path_is_not_known_unparseable
FN:231,_RNvNtNtNtNtCsaaHnVZhbheU_10actual_cli8analysis7signals17language_resolver5testss_35extension_ts_resolves_to_typescript
FN:630,_RNvNtNtNtNtCsaaHnVZhbheU_10actual_cli8analysis7signals17language_resolver5testss_36extension_cjs_resolves_to_javascript
FN:648,_RNvNtNtNtNtCsaaHnVZhbheU_10actual_cli8analysis7signals17language_resolver5testss_36extension_cts_resolves_to_typescript
FN:246,_RNvNtNtNtNtCsaaHnVZhbheU_10actual_cli8analysis7signals17language_resolver5testss_36extension_jsx_resolves_to_javascript
FN:323,_RNvNtNtNtNtCsaaHnVZhbheU_10actual_cli8analysis7signals17language_resolver5testss_36extension_mjs_resolves_to_javascript
FN:639,_RNvNtNtNtNtCsaaHnVZhbheU_10actual_cli8analysis7signals17language_resolver5testss_36extension_mts_resolves_to_typescript
FN:461,_RNvNtNtNtNtCsaaHnVZhbheU_10actual_cli8analysis7signals17language_resolver5testss_37no_extension_is_not_known_unparseable
FN:555,_RNvNtNtNtNtCsaaHnVZhbheU_10actual_cli8analysis7signals17language_resolver5testss_39known_unparseable_with_subdirectory_env
FN:433,_RNvNtNtNtNtCsaaHnVZhbheU_10actual_cli8analysis7signals17language_resolver5testss_48unknown_hint_with_unknown_extension_returns_none
FN:575,_RNvNtNtNtNtCsaaHnVZhbheU_10actual_cli8analysis7signals17language_resolver5testss_52supported_languages_return_some_tree_sitter_language
FNDA:0,_RNvMNtNtNtCsldt98VPcDAm_10actual_cli8analysis7signals17language_resolverNtB2_18TreeSitterLanguage12display_name
FNDA:0,_RNvMNtNtNtCsldt98VPcDAm_10actual_cli8analysis7signals17language_resolverNtB2_18TreeSitterLanguage20tree_sitter_language
FNDA:0,_RNvMNtNtNtCsldt98VPcDAm_10actual_cli8analysis7signals17language_resolverNtB2_18TreeSitterLanguage6as_str
FNDA:0,_RNvNtNtNtCsldt98VPcDAm_10actual_cli8analysis7signals17language_resolver16resolve_language
FNDA:0,_RNvNtNtNtCsldt98VPcDAm_10actual_cli8analysis7signals17language_resolver17resolve_from_hint
FNDA:0,_RNvNtNtNtCsldt98VPcDAm_10actual_cli8analysis7signals17language_resolver20is_known_unparseable
FNDA:0,_RNvNtNtNtCsldt98VPcDAm_10actual_cli8analysis7signals17language_resolver22resolve_from_extension
FNDA:0,_RNCNvNtNtNtCsldt98VPcDAm_10actual_cli8analysis7signals17language_resolver16resolve_language0B9_
FNDA:0,_RNCNvNtNtNtCsldt98VPcDAm_10actual_cli8analysis7signals17language_resolver16resolve_languages_0B9_
FNDA:0,_RNCNvNtNtNtCsldt98VPcDAm_10actual_cli8analysis7signals17language_resolver20is_known_unparseable0B9_
FNDA:0,_RNCNvNtNtNtCsldt98VPcDAm_10actual_cli8analysis7signals17language_resolver20is_known_unparseables_0B9_
FNDA:14,_RNvMNtNtNtCsaaHnVZhbheU_10actual_cli8analysis7signals17language_resolverNtB2_18TreeSitterLanguage12display_name
FNDA:62,_RNvMNtNtNtCsaaHnVZhbheU_10actual_cli8analysis7signals17language_resolverNtB2_18TreeSitterLanguage20tree_sitter_language
FNDA:30,_RNvMNtNtNtCsaaHnVZhbheU_10actual_cli8analysis7signals17language_resolverNtB2_18TreeSitterLanguage6as_str
FNDA:58,_RNvNtNtNtCsaaHnVZhbheU_10actual_cli8analysis7signals17language_resolver16resolve_language
FNDA:42,_RNvNtNtNtCsaaHnVZhbheU_10actual_cli8analysis7signals17language_resolver17resolve_from_hint
FNDA:20,_RNvNtNtNtCsaaHnVZhbheU_10actual_cli8analysis7signals17language_resolver20is_known_unparseable
FNDA:29,_RNvNtNtNtCsaaHnVZhbheU_10actual_cli8analysis7signals17language_resolver22resolve_from_extension
FNDA:57,_RNCNvNtNtNtCsaaHnVZhbheU_10actual_cli8analysis7signals17language_resolver16resolve_language0B9_
FNDA:57,_RNCNvNtNtNtCsaaHnVZhbheU_10actual_cli8analysis7signals17language_resolver16resolve_languages_0B9_
FNDA:10,_RNCNvNtNtNtCsaaHnVZhbheU_10actual_cli8analysis7signals17language_resolver20is_known_unparseable0B9_
FNDA:10,_RNCNvNtNtNtCsaaHnVZhbheU_10actual_cli8analysis7signals17language_resolver20is_known_unparseables_0B9_
FNDA:1,_RNvNtNtNtNtCsaaHnVZhbheU_10actual_cli8analysis7signals17language_resolver5testss_18hint_rust_resolves
FNDA:1,_RNvNtNtNtNtCsaaHnVZhbheU_10actual_cli8analysis7signals17language_resolver5testss_20hint_csharp_resolves
FNDA:1,_RNvNtNtNtNtCsaaHnVZhbheU_10actual_cli8analysis7signals17language_resolver5testss_22hint_specific_variants
FNDA:1,_RNvNtNtNtNtCsaaHnVZhbheU_10actual_cli8analysis7signals17language_resolver5testss_23hint_shell_returns_none
FNDA:1,_RNvNtNtNtNtCsaaHnVZhbheU_10actual_cli8analysis7signals17language_resolver5testss_23tf_is_known_unparseable
FNDA:1,_RNvNtNtNtNtCsaaHnVZhbheU_10actual_cli8analysis7signals17language_resolver5testss_24env_is_known_unparseable
FNDA:1,_RNvNtNtNtNtCsaaHnVZhbheU_10actual_cli8analysis7signals17language_resolver5testss_24hcl_is_known_unparseable
FNDA:1,_RNvNtNtNtNtCsaaHnVZhbheU_10actual_cli8analysis7signals17language_resolver5testss_24hint_aliases_all_covered
FNDA:1,_RNvNtNtNtNtCsaaHnVZhbheU_10actual_cli8analysis7signals17language_resolver5testss_24hint_cxx_resolves_to_cpp
FNDA:1,_RNvNtNtNtNtCsaaHnVZhbheU_10actual_cli8analysis7signals17language_resolver5testss_24hint_is_case_insensitive
FNDA:1,_RNvNtNtNtNtCsaaHnVZhbheU_10actual_cli8analysis7signals17language_resolver5testss_24ini_is_known_unparseable
FNDA:1,_RNvNtNtNtNtCsaaHnVZhbheU_10actual_cli8analysis7signals17language_resolver5testss_25baml_is_known_unparseable
FNDA:1,_RNvNtNtNtNtCsaaHnVZhbheU_10actual_cli8analysis7signals17language_resolver5testss_25extension_c_resolves_to_c
FNDA:1,_RNvNtNtNtNtCsaaHnVZhbheU_10actual_cli8analysis7signals17language_resolver5testss_25extension_h_resolves_to_c
FNDA:1,_RNvNtNtNtNtCsaaHnVZhbheU_10actual_cli8analysis7signals17language_resolver5testss_25lock_is_known_unparseable
FNDA:1,_RNvNtNtNtNtCsaaHnVZhbheU_10actual_cli8analysis7signals17language_resolver5testss_25no_extension_returns_none
FNDA:1,_RNvNtNtNtNtCsaaHnVZhbheU_10actual_cli8analysis7signals17language_resolver5testss_25toml_is_known_unparseable
FNDA:1,_RNvNtNtNtNtCsaaHnVZhbheU_10actual_cli8analysis7signals17language_resolver5testss_26hint_golang_resolves_to_go
FNDA:1,_RNvNtNtNtNtCsaaHnVZhbheU_10actual_cli8analysis7signals17language_resolver5testss_26nvmrc_is_known_unparseable
FNDA:1,_RNvNtNtNtNtCsaaHnVZhbheU_10actual_cli8analysis7signals17language_resolver5testss_27extension_go_resolves_to_go
FNDA:1,_RNvNtNtNtNtCsaaHnVZhbheU_10actual_cli8analysis7signals17language_resolver5testss_27rs_is_not_known_unparseable
FNDA:1,_RNvNtNtNtNtCsaaHnVZhbheU_10actual_cli8analysis7signals17language_resolver5testss_27tfvars_is_known_unparseable
FNDA:1,_RNvNtNtNtNtCsaaHnVZhbheU_10actual_cli8analysis7signals17language_resolver5testss_28jsx_extension_overrides_hint
FNDA:1,_RNvNtNtNtNtCsaaHnVZhbheU_10actual_cli8analysis7signals17language_resolver5testss_28tfstate_is_known_unparseable
FNDA:1,_RNvNtNtNtNtCsaaHnVZhbheU_10actual_cli8analysis7signals17language_resolver5testss_28tsx_extension_overrides_hint
FNDA:1,_RNvNtNtNtNtCsaaHnVZhbheU_10actual_cli8analysis7signals17language_resolver5testss_29eslintrc_is_known_unparseable
FNDA:1,_RNvNtNtNtNtCsaaHnVZhbheU_10actual_cli8analysis7signals17language_resolver5testss_29extension_cpp_resolves_to_cpp
FNDA:1,_RNvNtNtNtNtCsaaHnVZhbheU_10actual_cli8analysis7signals17language_resolver5testss_29extension_php_resolves_to_php
FNDA:1,_RNvNtNtNtNtCsaaHnVZhbheU_10actual_cli8analysis7signals17language_resolver5testss_29extension_rb_resolves_to_ruby
FNDA:1,_RNvNtNtNtNtCsaaHnVZhbheU_10actual_cli8analysis7signals17language_resolver5testss_29extension_rs_resolves_to_rust
FNDA:1,_RNvNtNtNtNtCsaaHnVZhbheU_10actual_cli8analysis7signals17language_resolver5testss_29extension_tsx_resolves_to_tsx
FNDA:1,_RNvNtNtNtNtCsaaHnVZhbheU_10actual_cli8analysis7signals17language_resolver5testss_30gitignore_is_known_unparseable
FNDA:1,_RNvNtNtNtNtCsaaHnVZhbheU_10actual_cli8analysis7signals17language_resolver5testss_30hint_ts_resolves_to_typescript
FNDA:1,_RNvNtNtNtNtCsaaHnVZhbheU_10actual_cli8analysis7signals17language_resolver5testss_30unknown_extension_returns_none
FNDA:1,_RNvNtNtNtNtCsaaHnVZhbheU_10actual_cli8analysis7signals17language_resolver5testss_31as_str_round_trips_through_hint
FNDA:1,_RNvNtNtNtNtCsaaHnVZhbheU_10actual_cli8analysis7signals17language_resolver5testss_31extension_cs_resolves_to_csharp
FNDA:1,_RNvNtNtNtNtCsaaHnVZhbheU_10actual_cli8analysis7signals17language_resolver5testss_31extension_java_resolves_to_java
FNDA:1,_RNvNtNtNtNtCsaaHnVZhbheU_10actual_cli8analysis7signals17language_resolver5testss_31extension_kt_resolves_to_kotlin
FNDA:1,_RNvNtNtNtNtCsaaHnVZhbheU_10actual_cli8analysis7signals17language_resolver5testss_31extension_py_resolves_to_python
FNDA:1,_RNvNtNtNtNtCsaaHnVZhbheU_10actual_cli8analysis7signals17language_resolver5testss_31prettierrc_is_known_unparseable
FNDA:1,_RNvNtNtNtNtCsaaHnVZhbheU_10actual_cli8analysis7signals17language_resolver5testss_32display_name_covers_all_variants
FNDA:1,_RNvNtNtNtNtCsaaHnVZhbheU_10actual_cli8analysis7signals17language_resolver5testss_32extension_kts_resolves_to_kotlin
FNDA:1,_RNvNtNtNtNtCsaaHnVZhbheU_10actual_cli8analysis7signals17language_resolver5testss_32extension_pyi_resolves_to_python
FNDA:1,_RNvNtNtNtNtCsaaHnVZhbheU_10actual_cli8analysis7signals17language_resolver5testss_33dockerignore_is_known_unparseable
FNDA:1,_RNvNtNtNtNtCsaaHnVZhbheU_10actual_cli8analysis7signals17language_resolver5testss_33editorconfig_is_known_unparseable
FNDA:1,_RNvNtNtNtNtCsaaHnVZhbheU_10actual_cli8analysis7signals17language_resolver5testss_33extension_swift_resolves_to_swift
FNDA:1,_RNvNtNtNtNtCsaaHnVZhbheU_10actual_cli8analysis7signals17language_resolver5testss_33unsupported_languages_return_none
FNDA:1,_RNvNtNtNtNtCsaaHnVZhbheU_10actual_cli8analysis7signals17language_resolver5testss_34env_extension_is_known_unparseable
FNDA:1,_RNvNtNtNtNtCsaaHnVZhbheU_10actual_cli8analysis7signals17language_resolver5testss_34root_path_is_not_known_unparseable
FNDA:1,_RNvNtNtNtNtCsaaHnVZhbheU_10actual_cli8analysis7signals17language_resolver5testss_35extension_ts_resolves_to_typescript
FNDA:1,_RNvNtNtNtNtCsaaHnVZhbheU_10actual_cli8analysis7signals17language_resolver5testss_36extension_cjs_resolves_to_javascript
FNDA:1,_RNvNtNtNtNtCsaaHnVZhbheU_10actual_cli8analysis7signals17language_resolver5testss_36extension_cts_resolves_to_typescript
FNDA:1,_RNvNtNtNtNtCsaaHnVZhbheU_10actual_cli8analysis7signals17language_resolver5testss_36extension_jsx_resolves_to_javascript
FNDA:1,_RNvNtNtNtNtCsaaHnVZhbheU_10actual_cli8analysis7signals17language_resolver5testss_36extension_mjs_resolves_to_javascript
FNDA:1,_RNvNtNtNtNtCsaaHnVZhbheU_10actual_cli8analysis7signals17language_resolver5testss_36extension_mts_resolves_to_typescript
FNDA:1,_RNvNtNtNtNtCsaaHnVZhbheU_10actual_cli8analysis7signals17language_resolver5testss_37no_extension_is_not_known_unparseable
FNDA:1,_RNvNtNtNtNtCsaaHnVZhbheU_10actual_cli8analysis7signals17language_resolver5testss_39known_unparseable_with_subdirectory_env
FNDA:1,_RNvNtNtNtNtCsaaHnVZhbheU_10actual_cli8analysis7signals17language_resolver5testss_48unknown_hint_with_unknown_extension_returns_none
FNDA:1,_RNvNtNtNtNtCsaaHnVZhbheU_10actual_cli8analysis7signals17language_resolver5testss_52supported_languages_return_some_tree_sitter_language
FNF:70
FNH:70
DA:42,30
DA:43,30
DA:44,2
DA:45,2
DA:46,1
DA:47,2
DA:48,2
DA:49,2
DA:50,1
DA:51,10
DA:52,2
DA:53,2
DA:54,1
DA:55,1
DA:56,1
DA:57,1
DA:59,30
DA:65,62
DA:66,62
DA:67,4
DA:68,4
DA:69,3
DA:70,4
DA:71,4
DA:72,4
DA:73,6
DA:74,17
DA:75,4
DA:76,4
DA:77,3
DA:78,1
DA:79,3
DA:80,1
DA:82,62
DA:85,14
DA:86,14
DA:87,1
DA:88,1
DA:89,1
DA:90,1
DA:91,1
DA:92,1
DA:93,1
DA:94,1
DA:95,1
DA:96,1
DA:97,1
DA:98,1
DA:99,1
DA:100,1
DA:102,14
DA:113,58
DA:114,58
DA:115,58
DA:116,58
DA:117,58
DA:118,58
DA:119,58
DA:120,58
DA:122,58
DA:125,58
DA:126,2
DA:127,56
DA:128,56
DA:129,2
DA:130,54
DA:133,54
DA:134,28
DA:135,24
DA:136,4
DA:137,26
DA:140,30
DA:141,58
DA:144,29
DA:145,29
DA:147,29
DA:148,27
DA:149,24
DA:151,24
DA:153,22
DA:155,21
DA:157,20
DA:159,18
DA:161,17
DA:162,15
DA:164,9
DA:166,8
DA:168,7
DA:170,6
DA:171,5
DA:173,29
DA:176,42
DA:177,42
DA:178,42
DA:179,39
DA:180,36
DA:181,34
DA:182,30
DA:183,27
DA:184,25
DA:185,22
DA:186,18
DA:187,17
DA:188,14
DA:189,11
DA:190,8
DA:191,6
DA:192,4
DA:194,42
DA:198,20
DA:200,20
DA:201,10
DA:202,10
DA:203,9
DA:204,1
DA:205,10
DA:208,11
DA:209,10
DA:210,8
DA:211,2
DA:212,1
DA:214,3
DA:215,20
DA:225,1
DA:226,1
DA:227,1
DA:228,1
DA:231,1
DA:232,1
DA:233,1
DA:234,1
DA:237,1
DA:240,1
DA:241,1
DA:242,1
DA:243,1
DA:246,1
DA:247,1
DA:248,1
DA:249,1
DA:252,1
DA:255,1
DA:256,1
DA:257,1
DA:258,1
DA:261,1
DA:262,1
DA:263,1
DA:264,1
DA:267,1
DA:268,1
DA:269,1
DA:270,1
DA:273,1
DA:274,1
DA:275,1
DA:276,1
DA:279,1
DA:280,1
DA:281,1
DA:282,1
DA:285,1
DA:286,7
DA:287,6
DA:288,6
DA:290,1
DA:293,1
DA:294,1
DA:295,1
DA:296,1
DA:299,1
DA:300,1
DA:301,1
DA:302,1
DA:305,1
DA:306,1
DA:307,1
DA:308,1
DA:311,1
DA:312,1
DA:313,1
DA:314,1
DA:317,1
DA:318,1
DA:319,1
DA:320,1
DA:323,1
DA:324,1
DA:325,1
DA:326,1
DA:329,1
DA:332,1
DA:333,1
DA:334,1
DA:335,1
DA:340,1
DA:341,1
DA:342,1
DA:343,1
DA:346,1
DA:349,1
DA:350,1
DA:351,1
DA:352,1
DA:355,1
DA:358,1
DA:359,1
DA:360,1
DA:361,1
DA:364,1
DA:367,1
DA:368,1
DA:369,1
DA:370,1
DA:373,1
DA:376,1
DA:377,1
DA:378,1
DA:379,1
DA:382,1
DA:385,1
DA:386,1
DA:387,1
DA:388,1
DA:391,1
DA:392,1
DA:395,1
DA:400,1
DA:401,1
DA:403,1
DA:404,1
DA:407,1
DA:410,1
DA:411,1
DA:412,1
DA:413,1
DA:416,1
DA:421,1
DA:422,1
DA:423,1
DA:424,1
DA:427,1
DA:428,1
DA:429,1
DA:430,1
DA:433,1
DA:434,1
DA:435,1
DA:436,1
DA:441,1
DA:442,1
DA:443,1
DA:446,1
DA:447,1
DA:448,1
DA:451,1
DA:452,1
DA:453,1
DA:456,1
DA:457,1
DA:458,1
DA:461,1
DA:462,1
DA:463,1
DA:468,1
DA:469,1
DA:470,1
DA:471,1
DA:472,1
DA:473,1
DA:474,1
DA:475,1
DA:476,1
DA:477,1
DA:478,1
DA:479,1
DA:480,1
DA:481,1
DA:482,1
DA:483,1
DA:484,1
DA:485,15
DA:486,14
DA:488,1
DA:493,1
DA:494,1
DA:495,1
DA:498,1
DA:499,1
DA:500,1
DA:503,1
DA:504,1
DA:505,1
DA:508,1
DA:509,1
DA:510,1
DA:513,1
DA:514,1
DA:515,1
DA:518,1
DA:519,1
DA:520,1
DA:525,1
DA:526,1
DA:527,1
DA:530,1
DA:531,1
DA:532,1
DA:535,1
DA:536,1
DA:537,1
DA:540,1
DA:541,1
DA:542,1
DA:545,1
DA:546,1
DA:547,1
DA:550,1
DA:551,1
DA:552,1
DA:555,1
DA:557,1
DA:558,1
DA:561,1
DA:563,1
DA:564,1
DA:567,1
DA:569,1
DA:570,1
DA:575,1
DA:577,1
DA:578,1
DA:579,1
DA:580,1
DA:581,1
DA:582,1
DA:583,1
DA:584,1
DA:585,1
DA:586,1
DA:587,1
DA:588,1
DA:589,1
DA:590,1
DA:591,1
DA:592,14
DA:593,13
DA:595,1
DA:598,1
DA:600,1
DA:601,1
DA:604,1
DA:605,1
DA:606,1
DA:607,1
DA:608,1
DA:609,1
DA:610,1
DA:611,1
DA:612,1
DA:613,1
DA:614,1
DA:615,1
DA:616,1
DA:617,1
DA:618,1
DA:619,1
DA:620,1
DA:621,15
DA:622,14
DA:623,14
DA:625,1
DA:630,1
DA:631,1
DA:632,1
DA:633,1
DA:636,1
DA:639,1
DA:640,1
DA:641,1
DA:642,1
DA:645,1
DA:648,1
DA:649,1
DA:650,1
DA:651,1
DA:654,1
DA:657,1
DA:658,1
DA:659,1
DA:660,1
DA:665,1
DA:666,1
DA:667,1
DA:668,1
DA:669,1
DA:670,1
DA:673,1
DA:675,1
DA:676,1
DA:677,1
DA:680,1
DA:681,1
DA:684,1
DA:685,1
DA:688,1
DA:689,1
DA:692,1
DA:693,1
DA:696,1
DA:697,1
DA:700,1
DA:701,1
DA:704,1
DA:707,1
DA:708,1
DA:709,1
DA:710,1
DA:713,1
DA:714,1
DA:717,1
DA:718,1
DA:721,1
DA:722,1
DA:725,1
DA:726,1
DA:729,1
DA:730,1
DA:733,1
DA:734,1
DA:737,1
DA:738,1
DA:741,1
DA:742,1
DA:745,1
DA:746,1
DA:749,1
BRF:0
BRH:0
LF:441
LH:441
end_of_record
SF:/Users/poile/repos/actualai/actual-cli/.worktrees/bcl4/src/analysis/signals/mod.rs
FN:93,_RNvNtNtNtCsaaHnVZhbheU_10actual_cli8analysis7signals5tests17sample_tool_match
FN:82,_RNvNtNtNtCsaaHnVZhbheU_10actual_cli8analysis7signals5tests20sample_evidence_span
FN:162,_RNvNtNtNtCsaaHnVZhbheU_10actual_cli8analysis7signals5testss_21tool_match_round_trip
FN:232,_RNvNtNtNtCsaaHnVZhbheU_10actual_cli8analysis7signals5testss_23test_matches_by_leaf_id
FN:147,_RNvNtNtNtCsaaHnVZhbheU_10actual_cli8analysis7signals5testss_24evidence_span_round_trip
FN:194,_RNvNtNtNtCsaaHnVZhbheU_10actual_cli8analysis7signals5testss_25test_tool_match_roundtrip
FN:249,_RNvNtNtNtCsaaHnVZhbheU_10actual_cli8analysis7signals5testss_26test_matches_by_facet_slot
FN:134,_RNvNtNtNtCsaaHnVZhbheU_10actual_cli8analysis7signals5testss_28test_evidence_span_roundtrip
FN:266,_RNvNtNtNtCsaaHnVZhbheU_10actual_cli8analysis7signals5testss_29test_matches_by_leaf_id_empty
FN:276,_RNvNtNtNtCsaaHnVZhbheU_10actual_cli8analysis7signals5testss_32test_matches_by_facet_slot_empty
FN:106,_RNvNtNtNtCsaaHnVZhbheU_10actual_cli8analysis7signals5testss_32test_signal_source_serialization
FN:122,_RNvNtNtNtCsaaHnVZhbheU_10actual_cli8analysis7signals5testss_34test_signal_source_deserialization
FN:224,_RNvNtNtNtCsaaHnVZhbheU_10actual_cli8analysis7signals5testss_37architecture_signals_default_is_empty
FN:207,_RNvNtNtNtCsaaHnVZhbheU_10actual_cli8analysis7signals5testss_37test_tool_match_raw_skipped_when_none
FN:185,_RNvNtNtNtCsaaHnVZhbheU_10actual_cli8analysis7signals5testss_38signal_source_serializes_to_snake_case
FN:214,_RNvNtNtNtCsaaHnVZhbheU_10actual_cli8analysis7signals5testss_38test_tool_match_raw_included_when_some
FN:59,_RNvMNtNtCsaaHnVZhbheU_10actual_cli8analysis7signalsNtB2_19ArchitectureSignals18matches_by_leaf_id
FN:69,_RNvMNtNtCsaaHnVZhbheU_10actual_cli8analysis7signalsNtB2_19ArchitectureSignals21matches_by_facet_slot
FNDA:9,_RNvNtNtNtCsaaHnVZhbheU_10actual_cli8analysis7signals5tests17sample_tool_match
FNDA:10,_RNvNtNtNtCsaaHnVZhbheU_10actual_cli8analysis7signals5tests20sample_evidence_span
FNDA:1,_RNvNtNtNtCsaaHnVZhbheU_10actual_cli8analysis7signals5testss_21tool_match_round_trip
FNDA:1,_RNvNtNtNtCsaaHnVZhbheU_10actual_cli8analysis7signals5testss_23test_matches_by_leaf_id
FNDA:1,_RNvNtNtNtCsaaHnVZhbheU_10actual_cli8analysis7signals5testss_24evidence_span_round_trip
FNDA:1,_RNvNtNtNtCsaaHnVZhbheU_10actual_cli8analysis7signals5testss_25test_tool_match_roundtrip
FNDA:1,_RNvNtNtNtCsaaHnVZhbheU_10actual_cli8analysis7signals5testss_26test_matches_by_facet_slot
FNDA:1,_RNvNtNtNtCsaaHnVZhbheU_10actual_cli8analysis7signals5testss_28test_evidence_span_roundtrip
FNDA:1,_RNvNtNtNtCsaaHnVZhbheU_10actual_cli8analysis7signals5testss_29test_matches_by_leaf_id_empty
FNDA:1,_RNvNtNtNtCsaaHnVZhbheU_10actual_cli8analysis7signals5testss_32test_matches_by_facet_slot_empty
FNDA:1,_RNvNtNtNtCsaaHnVZhbheU_10actual_cli8analysis7signals5testss_32test_signal_source_serialization
FNDA:1,_RNvNtNtNtCsaaHnVZhbheU_10actual_cli8analysis7signals5testss_34test_signal_source_deserialization
FNDA:1,_RNvNtNtNtCsaaHnVZhbheU_10actual_cli8analysis7signals5testss_37architecture_signals_default_is_empty
FNDA:1,_RNvNtNtNtCsaaHnVZhbheU_10actual_cli8analysis7signals5testss_37test_tool_match_raw_skipped_when_none
FNDA:1,_RNvNtNtNtCsaaHnVZhbheU_10actual_cli8analysis7signals5testss_38signal_source_serializes_to_snake_case
FNDA:1,_RNvNtNtNtCsaaHnVZhbheU_10actual_cli8analysis7signals5testss_38test_tool_match_raw_included_when_some
FNDA:2,_RNvMNtNtCsaaHnVZhbheU_10actual_cli8analysis7signalsNtB2_19ArchitectureSignals18matches_by_leaf_id
FNDA:2,_RNvMNtNtCsaaHnVZhbheU_10actual_cli8analysis7signalsNtB2_19ArchitectureSignals21matches_by_facet_slot
FNF:18
FNH:18
DA:59,2
DA:60,2
DA:61,5
DA:62,3
DA:63,3
DA:64,2
DA:65,2
DA:69,2
DA:70,2
DA:71,5
DA:72,3
DA:73,3
DA:74,2
DA:75,2
DA:82,10
DA:83,10
DA:84,10
DA:85,10
DA:86,10
DA:87,10
DA:88,10
DA:89,10
DA:90,10
DA:91,10
DA:93,9
DA:94,9
DA:95,9
DA:96,9
DA:97,9
DA:98,9
DA:99,9
DA:100,9
DA:101,9
DA:102,9
DA:103,9
DA:106,1
DA:107,1
DA:108,1
DA:111,1
DA:112,1
DA:115,1
DA:116,1
DA:119,1
DA:122,1
DA:123,1
DA:124,1
DA:126,1
DA:127,1
DA:129,1
DA:130,1
DA:131,1
DA:134,1
DA:135,1
DA:136,1
DA:137,1
DA:138,1
DA:139,1
DA:140,1
DA:141,1
DA:142,1
DA:143,1
DA:144,1
DA:147,1
DA:148,1
DA:149,1
DA:150,1
DA:151,1
DA:152,1
DA:153,1
DA:154,1
DA:155,1
DA:156,1
DA:157,1
DA:158,1
DA:159,1
DA:162,1
DA:163,1
DA:164,1
DA:165,1
DA:166,1
DA:167,1
DA:168,1
DA:169,1
DA:170,1
DA:171,1
DA:172,1
DA:173,1
DA:174,1
DA:175,1
DA:176,1
DA:177,1
DA:178,1
DA:179,1
DA:180,1
DA:181,1
DA:182,1
DA:185,1
DA:186,1
DA:187,1
DA:189,1
DA:190,1
DA:191,1
DA:194,1
DA:195,1
DA:196,1
DA:197,1
DA:198,1
DA:199,1
DA:200,1
DA:201,1
DA:202,1
DA:203,1
DA:204,1
DA:207,1
DA:208,1
DA:209,1
DA:210,1
DA:211,1
DA:214,1
DA:215,1
DA:216,1
DA:217,1
DA:218,1
DA:219,1
DA:220,1
DA:221,1
DA:224,1
DA:225,1
DA:226,1
DA:227,1
DA:228,1
DA:229,1
DA:232,1
DA:233,1
DA:234,1
DA:235,1
DA:236,1
DA:237,1
DA:238,1
DA:239,1
DA:240,1
DA:241,1
DA:242,1
DA:243,1
DA:244,1
DA:245,1
DA:246,1
DA:249,1
DA:250,1
DA:251,1
DA:252,1
DA:253,1
DA:254,1
DA:255,1
DA:256,1
DA:257,1
DA:258,1
DA:259,1
DA:260,1
DA:261,1
DA:262,1
DA:263,1
DA:266,1
DA:267,1
DA:268,1
DA:269,1
DA:270,1
DA:271,1
DA:272,1
DA:273,1
DA:276,1
DA:277,1
DA:278,1
DA:279,1
DA:280,1
DA:281,1
DA:282,1
DA:283,1
BRF:0
BRH:0
LF:178
LH:178
end_of_record
SF:/Users/poile/repos/actualai/actual-cli/.worktrees/bcl4/src/analysis/signals/rule_resolver.rs
FN:111,_RNCNCNvMNtNtNtCsldt98VPcDAm_10actual_cli8analysis7signals13rule_resolverNtB6_12RuleResolver15list_categories00Bc_
FN:45,_RNCNvMNtNtNtCsldt98VPcDAm_10actual_cli8analysis7signals13rule_resolverNtB4_12RuleResolver10scan_rules0Ba_
FN:102,_RNCNvMNtNtNtCsldt98VPcDAm_10actual_cli8analysis7signals13rule_resolverNtB4_12RuleResolver15list_categories0Ba_
FN:55,_RNCNvMNtNtNtCsldt98VPcDAm_10actual_cli8analysis7signals13rule_resolverNtB4_12RuleResolver8walk_dir0Ba_
FN:118,_RNvMNtNtNtCsldt98VPcDAm_10actual_cli8analysis7signals13rule_resolverNtB2_12RuleResolver10rule_count
FN:42,_RNvMNtNtNtCsldt98VPcDAm_10actual_cli8analysis7signals13rule_resolverNtB2_12RuleResolver10scan_rules
FN:98,_RNvMNtNtNtCsldt98VPcDAm_10actual_cli8analysis7signals13rule_resolverNtB2_12RuleResolver15list_categories
FN:90,_RNvMNtNtNtCsldt98VPcDAm_10actual_cli8analysis7signals13rule_resolverNtB2_12RuleResolver18normalize_language
FN:33,_RNvMNtNtNtCsldt98VPcDAm_10actual_cli8analysis7signals13rule_resolverNtB2_12RuleResolver3new
FN:79,_RNvMNtNtNtCsldt98VPcDAm_10actual_cli8analysis7signals13rule_resolverNtB2_12RuleResolver7resolve
FN:53,_RNvMNtNtNtCsldt98VPcDAm_10actual_cli8analysis7signals13rule_resolverNtB2_12RuleResolver8walk_dir
FN:308,_RNvNtNtNtNtCsaaHnVZhbheU_10actual_cli8analysis7signals13rule_resolver5testss_20test_list_categories
FN:484,_RNvNtNtNtNtCsaaHnVZhbheU_10actual_cli8analysis7signals13rule_resolver5testss_22test_rule_files_sorted
FN:351,_RNvNtNtNtNtCsaaHnVZhbheU_10actual_cli8analysis7signals13rule_resolver5testss_25test_scan_rules_empty_dir
FN:417,_RNvNtNtNtNtCsaaHnVZhbheU_10actual_cli8analysis7signals13rule_resolver5testss_27test_list_categories_sorted
FN:327,_RNvNtNtNtNtCsaaHnVZhbheU_10actual_cli8analysis7signals13rule_resolver5testss_30test_resolve_returns_all_files
FN:466,_RNvNtNtNtNtCsaaHnVZhbheU_10actual_cli8analysis7signals13rule_resolver5testss_30test_scan_rules_skips_symlinks
FN:345,_RNvNtNtNtNtCsaaHnVZhbheU_10actual_cli8analysis7signals13rule_resolver5testss_31test_scan_rules_nonexistent_dir
FN:229,_RNvNtNtNtNtCsaaHnVZhbheU_10actual_cli8analysis7signals13rule_resolver5testss_31test_supported_languages_sorted
FN:360,_RNvNtNtNtNtCsaaHnVZhbheU_10actual_cli8analysis7signals13rule_resolver5testss_32test_scan_rules_ignores_non_yaml
FN:400,_RNvNtNtNtNtCsaaHnVZhbheU_10actual_cli8analysis7signals13rule_resolver5testss_34test_list_categories_multiple_dirs
FN:167,_RNvNtNtNtNtCsaaHnVZhbheU_10actual_cli8analysis7signals13rule_resolver5testss_34test_normalize_language_go_aliases
FN:297,_RNvNtNtNtNtCsaaHnVZhbheU_10actual_cli8analysis7signals13rule_resolver5testss_34test_scan_rules_finds_actual_rules
FN:388,_RNvNtNtNtNtCsaaHnVZhbheU_10actual_cli8analysis7signals13rule_resolver5testss_34test_scan_rules_nested_directories
FN:174,_RNvNtNtNtNtCsaaHnVZhbheU_10actual_cli8analysis7signals13rule_resolver5testss_35test_normalize_language_cpp_aliases
FN:222,_RNvNtNtNtNtCsaaHnVZhbheU_10actual_cli8analysis7signals13rule_resolver5testss_35test_normalize_language_unsupported
FN:211,_RNvNtNtNtNtCsaaHnVZhbheU_10actual_cli8analysis7signals13rule_resolver5testss_36test_normalize_language_direct_names
FN:198,_RNvNtNtNtNtCsaaHnVZhbheU_10actual_cli8analysis7signals13rule_resolver5testss_36test_normalize_language_ruby_aliases
FN:204,_RNvNtNtNtNtCsaaHnVZhbheU_10actual_cli8analysis7signals13rule_resolver5testss_36test_normalize_language_rust_aliases
FN:182,_RNvNtNtNtNtCsaaHnVZhbheU_10actual_cli8analysis7signals13rule_resolver5testss_38test_normalize_language_csharp_aliases
FN:192,_RNvNtNtNtNtCsaaHnVZhbheU_10actual_cli8analysis7signals13rule_resolver5testss_38test_normalize_language_kotlin_aliases
FN:160,_RNvNtNtNtNtCsaaHnVZhbheU_10actual_cli8analysis7signals13rule_resolver5testss_38test_normalize_language_python_aliases
FN:449,_RNvNtNtNtNtCsaaHnVZhbheU_10actual_cli8analysis7signals13rule_resolver5testss_40test_list_categories_root_files_excluded
FN:146,_RNvNtNtNtNtCsaaHnVZhbheU_10actual_cli8analysis7signals13rule_resolver5testss_42test_normalize_language_javascript_aliases
FN:128,_RNvNtNtNtNtCsaaHnVZhbheU_10actual_cli8analysis7signals13rule_resolver5testss_42test_normalize_language_typescript_aliases
FN:250,_RNvNtNtNtNtCsaaHnVZhbheU_10actual_cli8analysis7signals13rule_resolver5testss_43test_normalize_language_output_in_supported
FN:236,_RNvNtNtNtNtCsaaHnVZhbheU_10actual_cli8analysis7signals13rule_resolver5testss_44test_supported_languages_normalize_roundtrip
FN:431,_RNvNtNtNtNtCsaaHnVZhbheU_10actual_cli8analysis7signals13rule_resolver5testss_47test_list_categories_nested_dirs_uses_top_level
FN:375,_RNvNtNtNtNtCsaaHnVZhbheU_10actual_cli8analysis7signals13rule_resolver5testss_47test_scan_rules_ignores_files_without_extension
FN:118,_RNvMNtNtNtCsaaHnVZhbheU_10actual_cli8analysis7signals13rule_resolverNtB2_12RuleResolver10rule_count
FN:42,_RNvMNtNtNtCsaaHnVZhbheU_10actual_cli8analysis7signals13rule_resolverNtB2_12RuleResolver10scan_rules
FN:98,_RNvMNtNtNtCsaaHnVZhbheU_10actual_cli8analysis7signals13rule_resolverNtB2_12RuleResolver15list_categories
FN:90,_RNvMNtNtNtCsaaHnVZhbheU_10actual_cli8analysis7signals13rule_resolverNtB2_12RuleResolver18normalize_language
FN:33,_RNvMNtNtNtCsaaHnVZhbheU_10actual_cli8analysis7signals13rule_resolverNtB2_12RuleResolver3new
FN:79,_RNvMNtNtNtCsaaHnVZhbheU_10actual_cli8analysis7signals13rule_resolverNtB2_12RuleResolver7resolve
FN:53,_RNvMNtNtNtCsaaHnVZhbheU_10actual_cli8analysis7signals13rule_resolverNtB2_12RuleResolver8walk_dir
FN:496,_RNCNvNtNtNtNtCsaaHnVZhbheU_10actual_cli8analysis7signals13rule_resolver5testss_22test_rule_files_sorted0Bb_
FN:288,_RNCNvNtNtNtNtCsaaHnVZhbheU_10actual_cli8analysis7signals13rule_resolver5testss_43test_normalize_language_output_in_supported0Bb_
FN:111,_RNCNCNvMNtNtNtCsaaHnVZhbheU_10actual_cli8analysis7signals13rule_resolverNtB6_12RuleResolver15list_categories00Bc_
FN:45,_RNCNvMNtNtNtCsaaHnVZhbheU_10actual_cli8analysis7signals13rule_resolverNtB4_12RuleResolver10scan_rules0Ba_
FN:102,_RNCNvMNtNtNtCsaaHnVZhbheU_10actual_cli8analysis7signals13rule_resolverNtB4_12RuleResolver15list_categories0Ba_
FN:55,_RNCNvMNtNtNtCsaaHnVZhbheU_10actual_cli8analysis7signals13rule_resolverNtB4_12RuleResolver8walk_dir0Ba_
FNDA:0,_RNCNCNvMNtNtNtCsldt98VPcDAm_10actual_cli8analysis7signals13rule_resolverNtB6_12RuleResolver15list_categories00Bc_
FNDA:0,_RNCNvMNtNtNtCsldt98VPcDAm_10actual_cli8analysis7signals13rule_resolverNtB4_12RuleResolver10scan_rules0Ba_
FNDA:0,_RNCNvMNtNtNtCsldt98VPcDAm_10actual_cli8analysis7signals13rule_resolverNtB4_12RuleResolver15list_categories0Ba_
FNDA:0,_RNCNvMNtNtNtCsldt98VPcDAm_10actual_cli8analysis7signals13rule_resolverNtB4_12RuleResolver8walk_dir0Ba_
FNDA:0,_RNvMNtNtNtCsldt98VPcDAm_10actual_cli8analysis7signals13rule_resolverNtB2_12RuleResolver10rule_count
FNDA:0,_RNvMNtNtNtCsldt98VPcDAm_10actual_cli8analysis7signals13rule_resolverNtB2_12RuleResolver10scan_rules
FNDA:0,_RNvMNtNtNtCsldt98VPcDAm_10actual_cli8analysis7signals13rule_resolverNtB2_12RuleResolver15list_categories
FNDA:0,_RNvMNtNtNtCsldt98VPcDAm_10actual_cli8analysis7signals13rule_resolverNtB2_12RuleResolver18normalize_language
FNDA:0,_RNvMNtNtNtCsldt98VPcDAm_10actual_cli8analysis7signals13rule_resolverNtB2_12RuleResolver3new
FNDA:0,_RNvMNtNtNtCsldt98VPcDAm_10actual_cli8analysis7signals13rule_resolverNtB2_12RuleResolver7resolve
FNDA:0,_RNvMNtNtNtCsldt98VPcDAm_10actual_cli8analysis7signals13rule_resolverNtB2_12RuleResolver8walk_dir
FNDA:1,_RNvNtNtNtNtCsaaHnVZhbheU_10actual_cli8analysis7signals13rule_resolver5testss_20test_list_categories
FNDA:1,_RNvNtNtNtNtCsaaHnVZhbheU_10actual_cli8analysis7signals13rule_resolver5testss_22test_rule_files_sorted
FNDA:1,_RNvNtNtNtNtCsaaHnVZhbheU_10actual_cli8analysis7signals13rule_resolver5testss_25test_scan_rules_empty_dir
FNDA:1,_RNvNtNtNtNtCsaaHnVZhbheU_10actual_cli8analysis7signals13rule_resolver5testss_27test_list_categories_sorted
FNDA:1,_RNvNtNtNtNtCsaaHnVZhbheU_10actual_cli8analysis7signals13rule_resolver5testss_30test_resolve_returns_all_files
FNDA:1,_RNvNtNtNtNtCsaaHnVZhbheU_10actual_cli8analysis7signals13rule_resolver5testss_30test_scan_rules_skips_symlinks
FNDA:1,_RNvNtNtNtNtCsaaHnVZhbheU_10actual_cli8analysis7signals13rule_resolver5testss_31test_scan_rules_nonexistent_dir
FNDA:1,_RNvNtNtNtNtCsaaHnVZhbheU_10actual_cli8analysis7signals13rule_resolver5testss_31test_supported_languages_sorted
FNDA:1,_RNvNtNtNtNtCsaaHnVZhbheU_10actual_cli8analysis7signals13rule_resolver5testss_32test_scan_rules_ignores_non_yaml
FNDA:1,_RNvNtNtNtNtCsaaHnVZhbheU_10actual_cli8analysis7signals13rule_resolver5testss_34test_list_categories_multiple_dirs
FNDA:1,_RNvNtNtNtNtCsaaHnVZhbheU_10actual_cli8analysis7signals13rule_resolver5testss_34test_normalize_language_go_aliases
FNDA:1,_RNvNtNtNtNtCsaaHnVZhbheU_10actual_cli8analysis7signals13rule_resolver5testss_34test_scan_rules_finds_actual_rules
FNDA:1,_RNvNtNtNtNtCsaaHnVZhbheU_10actual_cli8analysis7signals13rule_resolver5testss_34test_scan_rules_nested_directories
FNDA:1,_RNvNtNtNtNtCsaaHnVZhbheU_10actual_cli8analysis7signals13rule_resolver5testss_35test_normalize_language_cpp_aliases
FNDA:1,_RNvNtNtNtNtCsaaHnVZhbheU_10actual_cli8analysis7signals13rule_resolver5testss_35test_normalize_language_unsupported
FNDA:1,_RNvNtNtNtNtCsaaHnVZhbheU_10actual_cli8analysis7signals13rule_resolver5testss_36test_normalize_language_direct_names
FNDA:1,_RNvNtNtNtNtCsaaHnVZhbheU_10actual_cli8analysis7signals13rule_resolver5testss_36test_normalize_language_ruby_aliases
FNDA:1,_RNvNtNtNtNtCsaaHnVZhbheU_10actual_cli8analysis7signals13rule_resolver5testss_36test_normalize_language_rust_aliases
FNDA:1,_RNvNtNtNtNtCsaaHnVZhbheU_10actual_cli8analysis7signals13rule_resolver5testss_38test_normalize_language_csharp_aliases
FNDA:1,_RNvNtNtNtNtCsaaHnVZhbheU_10actual_cli8analysis7signals13rule_resolver5testss_38test_normalize_language_kotlin_aliases
FNDA:1,_RNvNtNtNtNtCsaaHnVZhbheU_10actual_cli8analysis7signals13rule_resolver5testss_38test_normalize_language_python_aliases
FNDA:1,_RNvNtNtNtNtCsaaHnVZhbheU_10actual_cli8analysis7signals13rule_resolver5testss_40test_list_categories_root_files_excluded
FNDA:1,_RNvNtNtNtNtCsaaHnVZhbheU_10actual_cli8analysis7signals13rule_resolver5testss_42test_normalize_language_javascript_aliases
FNDA:1,_RNvNtNtNtNtCsaaHnVZhbheU_10actual_cli8analysis7signals13rule_resolver5testss_42test_normalize_language_typescript_aliases
[...]
FN:158,_RNvNtNtNtCsaaHnVZhbheU_10actual_cli9tailoring5types5testss_23test_deserialize_sample
FN:254,_RNvNtNtNtCsaaHnVZhbheU_10actual_cli9tailoring5types5testss_23test_subdirectory_paths
FN:139,_RNvNtNtNtCsaaHnVZhbheU_10actual_cli9tailoring5types5testss_39test_tailoring_event_variants_not_equal
FN:122,_RNvNtNtNtCsaaHnVZhbheU_10actual_cli9tailoring5types5testss_50test_tailoring_event_project_failed_debug_clone_eq
FN:88,_RNvNtNtNtCsaaHnVZhbheU_10actual_cli9tailoring5types5testss_51test_tailoring_event_project_started_debug_clone_eq
FN:103,_RNvNtNtNtCsaaHnVZhbheU_10actual_cli9tailoring5types5testss_53test_tailoring_event_project_completed_debug_clone_eq
FNDA:1,_RNvNtNtNtCsaaHnVZhbheU_10actual_cli9tailoring5types5testss_14test_roundtrip
FNDA:1,_RNvNtNtNtCsaaHnVZhbheU_10actual_cli9tailoring5types5testss_23test_deserialize_sample
FNDA:1,_RNvNtNtNtCsaaHnVZhbheU_10actual_cli9tailoring5types5testss_23test_subdirectory_paths
FNDA:1,_RNvNtNtNtCsaaHnVZhbheU_10actual_cli9tailoring5types5testss_39test_tailoring_event_variants_not_equal
FNDA:1,_RNvNtNtNtCsaaHnVZhbheU_10actual_cli9tailoring5types5testss_50test_tailoring_event_project_failed_debug_clone_eq
FNDA:1,_RNvNtNtNtCsaaHnVZhbheU_10actual_cli9tailoring5types5testss_51test_tailoring_event_project_started_debug_clone_eq
FNDA:1,_RNvNtNtNtCsaaHnVZhbheU_10actual_cli9tailoring5types5testss_53test_tailoring_event_project_completed_debug_clone_eq
FNF:7
FNH:7
DA:88,1
DA:89,1
DA:90,1
DA:91,1
DA:92,1
DA:93,1
DA:94,1
DA:95,1
DA:96,1
DA:97,0
DA:99,1
DA:100,1
DA:103,1
DA:104,1
DA:105,1
DA:106,1
DA:107,1
DA:108,1
DA:109,1
DA:110,1
DA:111,1
DA:112,1
DA:113,1
DA:114,0
DA:116,1
DA:117,1
DA:118,1
DA:119,1
DA:122,1
DA:123,1
DA:124,1
DA:125,1
DA:126,1
DA:127,1
DA:128,1
DA:129,1
DA:130,1
DA:131,1
DA:132,0
DA:134,1
DA:135,1
DA:136,1
DA:139,1
DA:140,1
DA:141,1
DA:142,1
DA:143,1
DA:144,1
DA:145,1
DA:146,1
DA:147,1
DA:148,1
DA:149,1
DA:150,1
DA:151,1
DA:152,1
DA:153,1
DA:154,1
DA:155,1
DA:158,1
DA:159,1
DA:160,1
DA:161,1
DA:162,1
DA:163,1
DA:164,1
DA:165,1
DA:166,1
DA:167,1
DA:168,1
DA:169,1
DA:170,1
DA:171,1
DA:172,1
DA:173,1
DA:174,1
DA:175,1
DA:176,1
DA:177,1
DA:178,1
DA:179,1
DA:180,1
DA:181,1
DA:182,1
DA:183,1
DA:184,1
DA:185,1
DA:186,1
DA:188,1
DA:190,1
DA:191,1
DA:192,1
DA:193,1
DA:196,1
DA:197,1
DA:200,1
DA:202,1
DA:203,1
DA:204,1
DA:207,1
DA:208,1
DA:211,1
DA:213,1
DA:214,1
DA:215,1
DA:216,1
DA:220,1
DA:221,1
DA:222,1
DA:223,1
DA:224,1
DA:227,1
DA:228,1
DA:229,1
DA:230,1
DA:231,1
DA:232,1
DA:233,1
DA:234,1
DA:235,1
DA:236,1
DA:237,1
DA:238,1
DA:239,1
DA:240,1
DA:241,1
DA:242,1
DA:243,1
DA:244,1
DA:245,1
DA:247,1
DA:248,1
DA:250,1
DA:251,1
DA:254,1
DA:255,1
DA:256,1
DA:257,1
DA:258,1
DA:259,1
DA:260,1
DA:262,1
DA:263,1
DA:265,1
DA:266,1
DA:267,1
BRF:0
BRH:0
LF:146
LH:143
end_of_record
SF:/Users/poile/repos/actualai/actual-cli/.worktrees/bcl4/src/telemetry/identity.rs
FN:8,_RNvNtNtCsldt98VPcDAm_10actual_cli9telemetry8identity18hash_repo_identity
FN:87,_RNCNvNtNtNtCsaaHnVZhbheU_10actual_cli9telemetry8identity5testss_17test_empty_inputs0B9_
FN:71,_RNCNvNtNtNtCsaaHnVZhbheU_10actual_cli9telemetry8identity5testss_34test_hash_is_64_char_lowercase_hex0B9_
FN:78,_RNvNtNtNtCsaaHnVZhbheU_10actual_cli9telemetry8identity5testss_17test_empty_inputs
FN:33,_RNvNtNtNtCsaaHnVZhbheU_10actual_cli9telemetry8identity5testss_26test_same_inputs_same_hash
FN:66,_RNvNtNtNtCsaaHnVZhbheU_10actual_cli9telemetry8identity5testss_34test_hash_is_64_char_lowercase_hex
FN:41,_RNvNtNtNtCsaaHnVZhbheU_10actual_cli9telemetry8identity5testss_38test_different_inputs_different_hashes
FN:22,_RNvNtNtNtCsaaHnVZhbheU_10actual_cli9telemetry8identity5testss_44test_known_input_produces_deterministic_hash
FN:8,_RNvNtNtCsaaHnVZhbheU_10actual_cli9telemetry8identity18hash_repo_identity
FNDA:0,_RNvNtNtCsldt98VPcDAm_10actual_cli9telemetry8identity18hash_repo_identity
FNDA:64,_RNCNvNtNtNtCsaaHnVZhbheU_10actual_cli9telemetry8identity5testss_17test_empty_inputs0B9_
FNDA:64,_RNCNvNtNtNtCsaaHnVZhbheU_10actual_cli9telemetry8identity5testss_34test_hash_is_64_char_lowercase_hex0B9_
FNDA:1,_RNvNtNtNtCsaaHnVZhbheU_10actual_cli9telemetry8identity5testss_17test_empty_inputs
FNDA:1,_RNvNtNtNtCsaaHnVZhbheU_10actual_cli9telemetry8identity5testss_26test_same_inputs_same_hash
FNDA:1,_RNvNtNtNtCsaaHnVZhbheU_10actual_cli9telemetry8identity5testss_34test_hash_is_64_char_lowercase_hex
FNDA:1,_RNvNtNtNtCsaaHnVZhbheU_10actual_cli9telemetry8identity5testss_38test_different_inputs_different_hashes
FNDA:1,_RNvNtNtNtCsaaHnVZhbheU_10actual_cli9telemetry8identity5testss_44test_known_input_produces_deterministic_hash
FNDA:10,_RNvNtNtCsaaHnVZhbheU_10actual_cli9telemetry8identity18hash_repo_identity
FNF:8
FNH:8
DA:8,10
DA:9,10
DA:10,10
DA:11,10
DA:12,10
DA:13,10
DA:14,10
DA:22,1
DA:23,1
DA:25,1
DA:27,0
DA:29,1
DA:33,1
DA:34,1
DA:35,1
DA:36,1
DA:37,1
DA:41,1
DA:42,1
DA:43,1
DA:44,1
DA:46,1
DA:48,0
DA:50,1
DA:52,0
DA:56,1
DA:57,1
DA:58,1
DA:60,0
DA:62,1
DA:66,1
DA:67,1
DA:68,1
DA:69,1
DA:70,1
DA:71,64
DA:72,0
DA:74,1
DA:78,1
DA:79,1
DA:80,1
DA:81,1
DA:83,0
DA:85,1
DA:86,1
DA:87,64
DA:88,0
DA:90,1
BRF:0
BRH:0
LF:50
LH:43
end_of_record
SF:/Users/poile/repos/actualai/actual-cli/.worktrees/bcl4/src/telemetry/metrics.rs
FN:20,_RNvMNtNtCsldt98VPcDAm_10actual_cli9telemetry7metricsNtB2_11SyncMetrics18to_counter_request
FN:21,_RNCNvMNtNtCsldt98VPcDAm_10actual_cli9telemetry7metricsNtB4_11SyncMetrics18to_counter_request0B8_
FN:21,_RNCNvMNtNtCsaaHnVZhbheU_10actual_cli9telemetry7metricsNtB4_11SyncMetrics18to_counter_request0B8_
FN:60,_RNvNtNtNtCsaaHnVZhbheU_10actual_cli9telemetry7metrics5tests14sample_metrics
FN:171,_RNvNtNtNtCsaaHnVZhbheU_10actual_cli9telemetry7metrics5testss_30test_metric_values_match_input
FN:91,_RNvNtNtNtCsaaHnVZhbheU_10actual_cli9telemetry7metrics5testss_35test_all_tags_include_required_keys
FN:72,_RNvNtNtNtCsaaHnVZhbheU_10actual_cli9telemetry7metrics5testss_45test_to_counter_request_produces_four_metrics
FN:141,_RNvNtNtNtCsaaHnVZhbheU_10actual_cli9telemetry7metrics5testss_47test_json_serialization_matches_expected_format
FN:185,_RNCNvNtNtNtCsaaHnVZhbheU_10actual_cli9telemetry7metrics5testss_30test_metric_values_match_input0B9_
FN:78,_RNCNvNtNtNtCsaaHnVZhbheU_10actual_cli9telemetry7metrics5testss_45test_to_counter_request_produces_four_metrics0B9_
FN:20,_RNvMNtNtCsaaHnVZhbheU_10actual_cli9telemetry7metricsNtB2_11SyncMetrics18to_counter_request
FNDA:0,_RNvMNtNtCsldt98VPcDAm_10actual_cli9telemetry7metricsNtB2_11SyncMetrics18to_counter_request
FNDA:0,_RNCNvMNtNtCsldt98VPcDAm_10actual_cli9telemetry7metricsNtB4_11SyncMetrics18to_counter_request0B8_
FNDA:36,_RNCNvMNtNtCsaaHnVZhbheU_10actual_cli9telemetry7metricsNtB4_11SyncMetrics18to_counter_request0B8_
FNDA:2,_RNvNtNtNtCsaaHnVZhbheU_10actual_cli9telemetry7metrics5tests14sample_metrics
FNDA:1,_RNvNtNtNtCsaaHnVZhbheU_10actual_cli9telemetry7metrics5testss_30test_metric_values_match_input
FNDA:1,_RNvNtNtNtCsaaHnVZhbheU_10actual_cli9telemetry7metrics5testss_35test_all_tags_include_required_keys
FNDA:1,_RNvNtNtNtCsaaHnVZhbheU_10actual_cli9telemetry7metrics5testss_45test_to_counter_request_produces_four_metrics
FNDA:1,_RNvNtNtNtCsaaHnVZhbheU_10actual_cli9telemetry7metrics5testss_47test_json_serialization_matches_expected_format
FNDA:4,_RNCNvNtNtNtCsaaHnVZhbheU_10actual_cli9telemetry7metrics5testss_30test_metric_values_match_input0B9_
FNDA:4,_RNCNvNtNtNtCsaaHnVZhbheU_10actual_cli9telemetry7metrics5testss_45test_to_counter_request_produces_four_metrics0B9_
FNDA:9,_RNvMNtNtCsaaHnVZhbheU_10actual_cli9telemetry7metricsNtB2_11SyncMetrics18to_counter_request
FNF:9
FNH:9
DA:20,9
DA:21,36
DA:22,36
DA:23,36
DA:24,36
DA:25,36
DA:26,36
DA:27,36
DA:29,9
DA:30,9
DA:31,9
DA:32,9
DA:33,9
DA:34,9
DA:35,9
DA:36,9
DA:37,9
DA:38,9
DA:39,9
DA:40,9
DA:41,9
DA:42,9
DA:43,9
DA:44,9
DA:45,9
DA:46,9
DA:47,9
DA:48,9
DA:49,9
DA:50,9
DA:51,9
DA:52,9
DA:53,9
DA:60,2
DA:61,2
DA:62,2
DA:63,2
DA:64,2
DA:65,2
DA:66,2
DA:67,2
DA:68,2
DA:69,2
DA:72,1
DA:73,1
DA:74,1
DA:76,1
DA:78,4
DA:79,1
DA:81,1
DA:83,1
DA:84,1
DA:85,1
DA:88,1
DA:91,1
DA:92,1
DA:93,1
DA:94,1
DA:95,1
DA:96,1
DA:97,1
DA:98,1
DA:99,1
DA:100,1
DA:102,5
DA:103,4
DA:104,4
DA:105,0
DA:108,4
DA:109,4
DA:110,0
DA:113,4
DA:114,4
DA:115,0
DA:119,4
DA:120,4
DA:122,0
DA:125,4
DA:126,4
DA:128,0
DA:131,4
DA:132,4
DA:134,0
DA:138,1
DA:141,1
DA:142,1
DA:143,1
DA:144,1
DA:146,1
DA:147,1
DA:149,1
DA:150,1
DA:151,1
DA:152,1
DA:153,1
DA:154,1
DA:156,4
DA:157,1
DA:159,4
DA:160,4
DA:162,4
DA:163,4
DA:164,4
DA:165,4
DA:166,4
DA:168,1
DA:171,1
DA:172,1
DA:173,1
DA:174,1
DA:175,1
DA:176,1
DA:177,1
DA:178,1
DA:179,1
DA:180,1
DA:182,1
DA:183,1
DA:184,1
DA:185,4
DA:186,1
DA:188,1
DA:189,1
DA:190,1
DA:191,1
DA:192,1
BRF:0
BRH:0
LF:129
LH:123
end_of_record
SF:/Users/poile/repos/actualai/actual-cli/.worktrees/bcl4/src/telemetry/reporter.rs
FN:39,_RNCNCNvNtNtCsldt98VPcDAm_10actual_cli9telemetry8reporter18try_report_metrics00B9_
FN:23,_RNCNvNtNtCsldt98VPcDAm_10actual_cli9telemetry8reporter14report_metrics0B7_
FN:35,_RNCNvNtNtCsldt98VPcDAm_10actual_cli9telemetry8reporter18try_report_metrics0B7_
FN:23,_RNvNtNtCsldt98VPcDAm_10actual_cli9telemetry8reporter14report_metrics
FN:31,_RNvNtNtCsldt98VPcDAm_10actual_cli9telemetry8reporter18try_report_metrics
FN:23,_RNvNtNtCsaaHnVZhbheU_10actual_cli9telemetry8reporter14report_metrics
FN:31,_RNvNtNtCsaaHnVZhbheU_10actual_cli9telemetry8reporter18try_report_metrics
FN:134,_RNCNCNvNtNtNtCsaaHnVZhbheU_10actual_cli9telemetry8reporter5testss_30test_report_opt_out_via_config00Bb_
FN:158,_RNCNCNvNtNtNtCsaaHnVZhbheU_10actual_cli9telemetry8reporter5testss_31test_report_opt_out_via_env_var00Bb_
FN:196,_RNCNCNvNtNtNtCsaaHnVZhbheU_10actual_cli9telemetry8reporter5testss_35test_report_opt_out_via_env_var_yes00Bb_
FN:234,_RNCNCNvNtNtNtCsaaHnVZhbheU_10actual_cli9telemetry8reporter5testss_36test_report_network_failure_no_panic00Bb_
FN:177,_RNCNCNvNtNtNtCsaaHnVZhbheU_10actual_cli9telemetry8reporter5testss_36test_report_opt_out_via_env_var_true00Bb_
FN:100,_RNCNCNvNtNtNtCsaaHnVZhbheU_10actual_cli9telemetry8reporter5testss_37test_try_report_returns_ok_on_success00Bb_
FN:79,_RNCNCNvNtNtNtCsaaHnVZhbheU_10actual_cli9telemetry8reporter5testss_39test_report_sends_post_with_auth_header00Bb_
FN:215,_RNCNCNvNtNtNtCsaaHnVZhbheU_10actual_cli9telemetry8reporter5testss_43test_report_not_opted_out_via_empty_env_var00Bb_
FN:120,_RNCNCNvNtNtNtCsaaHnVZhbheU_10actual_cli9telemetry8reporter5testss_46test_try_report_returns_err_on_network_failure00Bb_
FN:257,_RNCNvNtNtNtCsaaHnVZhbheU_10actual_cli9telemetry8reporter5testss_25test_env_guard_round_trip0B9_
FN:131,_RNCNvNtNtNtCsaaHnVZhbheU_10actual_cli9telemetry8reporter5testss_30test_report_opt_out_via_config0B9_
FN:157,_RNCNvNtNtNtCsaaHnVZhbheU_10actual_cli9telemetry8reporter5testss_31test_report_opt_out_via_env_var0B9_
FN:246,_RNCNvNtNtNtCsaaHnVZhbheU_10actual_cli9telemetry8reporter5testss_34test_service_key_not_in_log_output0B9_
FN:195,_RNCNvNtNtNtCsaaHnVZhbheU_10actual_cli9telemetry8reporter5testss_35test_report_opt_out_via_env_var_yes0B9_
FN:233,_RNCNvNtNtNtCsaaHnVZhbheU_10actual_cli9telemetry8reporter5testss_36test_report_network_failure_no_panic0B9_
FN:176,_RNCNvNtNtNtCsaaHnVZhbheU_10actual_cli9telemetry8reporter5testss_36test_report_opt_out_via_env_var_true0B9_
FN:99,_RNCNvNtNtNtCsaaHnVZhbheU_10actual_cli9telemetry8reporter5testss_37test_try_report_returns_ok_on_success0B9_
FN:78,_RNCNvNtNtNtCsaaHnVZhbheU_10actual_cli9telemetry8reporter5testss_39test_report_sends_post_with_auth_header0B9_
FN:214,_RNCNvNtNtNtCsaaHnVZhbheU_10actual_cli9telemetry8reporter5testss_43test_report_not_opted_out_via_empty_env_var0B9_
FN:119,_RNCNvNtNtNtCsaaHnVZhbheU_10actual_cli9telemetry8reporter5testss_46test_try_report_returns_err_on_network_failure0B9_
FN:39,_RNCNCNvNtNtCsaaHnVZhbheU_10actual_cli9telemetry8reporter18try_report_metrics00B9_
FN:23,_RNCNvNtNtCsaaHnVZhbheU_10actual_cli9telemetry8reporter14report_metrics0B7_
FN:35,_RNCNvNtNtCsaaHnVZhbheU_10actual_cli9telemetry8reporter18try_report_metrics0B7_
FN:66,_RNvNtNtNtCsaaHnVZhbheU_10actual_cli9telemetry8reporter5tests14sample_metrics
FN:256,_RNvNtNtNtCsaaHnVZhbheU_10actual_cli9telemetry8reporter5testss_25test_env_guard_round_trip
FN:131,_RNvNtNtNtCsaaHnVZhbheU_10actual_cli9telemetry8reporter5testss_30test_report_opt_out_via_config
FN:157,_RNvNtNtNtCsaaHnVZhbheU_10actual_cli9telemetry8reporter5testss_31test_report_opt_out_via_env_var
FN:244,_RNvNtNtNtCsaaHnVZhbheU_10actual_cli9telemetry8reporter5testss_34test_service_key_not_in_log_output
FN:195,_RNvNtNtNtCsaaHnVZhbheU_10actual_cli9telemetry8reporter5testss_35test_report_opt_out_via_env_var_yes
FN:233,_RNvNtNtNtCsaaHnVZhbheU_10actual_cli9telemetry8reporter5testss_36test_report_network_failure_no_panic
FN:176,_RNvNtNtNtCsaaHnVZhbheU_10actual_cli9telemetry8reporter5testss_36test_report_opt_out_via_env_var_true
FN:99,_RNvNtNtNtCsaaHnVZhbheU_10actual_cli9telemetry8reporter5testss_37test_try_report_returns_ok_on_success
FN:78,_RNvNtNtNtCsaaHnVZhbheU_10actual_cli9telemetry8reporter5testss_39test_report_sends_post_with_auth_header
FN:214,_RNvNtNtNtCsaaHnVZhbheU_10actual_cli9telemetry8reporter5testss_43test_report_not_opted_out_via_empty_env_var
FN:119,_RNvNtNtNtCsaaHnVZhbheU_10actual_cli9telemetry8reporter5testss_46test_try_report_returns_err_on_network_failure
FNDA:0,_RNCNCNvNtNtCsldt98VPcDAm_10actual_cli9telemetry8reporter18try_report_metrics00B9_
FNDA:0,_RNCNvNtNtCsldt98VPcDAm_10actual_cli9telemetry8reporter14report_metrics0B7_
FNDA:0,_RNCNvNtNtCsldt98VPcDAm_10actual_cli9telemetry8reporter18try_report_metrics0B7_
FNDA:0,_RNvNtNtCsldt98VPcDAm_10actual_cli9telemetry8reporter14report_metrics
FNDA:0,_RNvNtNtCsldt98VPcDAm_10actual_cli9telemetry8reporter18try_report_metrics
FNDA:7,_RNvNtNtCsaaHnVZhbheU_10actual_cli9telemetry8reporter14report_metrics
FNDA:9,_RNvNtNtCsaaHnVZhbheU_10actual_cli9telemetry8reporter18try_report_metrics
FNDA:0,_RNCNCNvNtNtNtCsaaHnVZhbheU_10actual_cli9telemetry8reporter5testss_30test_report_opt_out_via_config00Bb_
FNDA:0,_RNCNCNvNtNtNtCsaaHnVZhbheU_10actual_cli9telemetry8reporter5testss_31test_report_opt_out_via_env_var00Bb_
FNDA:0,_RNCNCNvNtNtNtCsaaHnVZhbheU_10actual_cli9telemetry8reporter5testss_35test_report_opt_out_via_env_var_yes00Bb_
FNDA:0,_RNCNCNvNtNtNtCsaaHnVZhbheU_10actual_cli9telemetry8reporter5testss_36test_report_network_failure_no_panic00Bb_
FNDA:0,_RNCNCNvNtNtNtCsaaHnVZhbheU_10actual_cli9telemetry8reporter5testss_36test_report_opt_out_via_env_var_true00Bb_
FNDA:0,_RNCNCNvNtNtNtCsaaHnVZhbheU_10actual_cli9telemetry8reporter5testss_37test_try_report_returns_ok_on_success00Bb_
FNDA:0,_RNCNCNvNtNtNtCsaaHnVZhbheU_10actual_cli9telemetry8reporter5testss_39test_report_sends_post_with_auth_header00Bb_
FNDA:0,_RNCNCNvNtNtNtCsaaHnVZhbheU_10actual_cli9telemetry8reporter5testss_43test_report_not_opted_out_via_empty_env_var00Bb_
FNDA:0,_RNCNCNvNtNtNtCsaaHnVZhbheU_10actual_cli9telemetry8reporter5testss_46test_try_report_returns_err_on_network_failure00Bb_
FNDA:0,_RNCNvNtNtNtCsaaHnVZhbheU_10actual_cli9telemetry8reporter5testss_25test_env_guard_round_trip0B9_
FNDA:1,_RNCNvNtNtNtCsaaHnVZhbheU_10actual_cli9telemetry8reporter5testss_30test_report_opt_out_via_config0B9_
FNDA:1,_RNCNvNtNtNtCsaaHnVZhbheU_10actual_cli9telemetry8reporter5testss_31test_report_opt_out_via_env_var0B9_
FNDA:273,_RNCNvNtNtNtCsaaHnVZhbheU_10actual_cli9telemetry8reporter5testss_34test_service_key_not_in_log_output0B9_
FNDA:1,_RNCNvNtNtNtCsaaHnVZhbheU_10actual_cli9telemetry8reporter5testss_35test_report_opt_out_via_env_var_yes0B9_
FNDA:1,_RNCNvNtNtNtCsaaHnVZhbheU_10actual_cli9telemetry8reporter5testss_36test_report_network_failure_no_panic0B9_
FNDA:1,_RNCNvNtNtNtCsaaHnVZhbheU_10actual_cli9telemetry8reporter5testss_36test_report_opt_out_via_env_var_true0B9_
FNDA:1,_RNCNvNtNtNtCsaaHnVZhbheU_10actual_cli9telemetry8reporter5testss_37test_try_report_returns_ok_on_success0B9_
FNDA:1,_RNCNvNtNtNtCsaaHnVZhbheU_10actual_cli9telemetry8reporter5testss_39test_report_sends_post_with_auth_header0B9_
FNDA:1,_RNCNvNtNtNtCsaaHnVZhbheU_10actual_cli9telemetry8reporter5testss_43test_report_not_opted_out_via_empty_env_var0B9_
FNDA:1,_RNCNvNtNtNtCsaaHnVZhbheU_10actual_cli9telemetry8reporter5testss_46test_try_report_returns_err_on_network_failure0B9_
FNDA:4,_RNCNCNvNtNtCsaaHnVZhbheU_10actual_cli9telemetry8reporter18try_report_metrics00B9_
FNDA:7,_RNCNvNtNtCsaaHnVZhbheU_10actual_cli9telemetry8reporter14report_metrics0B7_
FNDA:9,_RNCNvNtNtCsaaHnVZhbheU_10actual_cli9telemetry8reporter18try_report_metrics0B7_
FNDA:9,_RNvNtNtNtCsaaHnVZhbheU_10actual_cli9telemetry8reporter5tests14sample_metrics
FNDA:1,_RNvNtNtNtCsaaHnVZhbheU_10actual_cli9telemetry8reporter5testss_25test_env_guard_round_trip
FNDA:1,_RNvNtNtNtCsaaHnVZhbheU_10actual_cli9telemetry8reporter5testss_30test_report_opt_out_via_config
FNDA:1,_RNvNtNtNtCsaaHnVZhbheU_10actual_cli9telemetry8reporter5testss_31test_report_opt_out_via_env_var
FNDA:1,_RNvNtNtNtCsaaHnVZhbheU_10actual_cli9telemetry8reporter5testss_34test_service_key_not_in_log_output
FNDA:1,_RNvNtNtNtCsaaHnVZhbheU_10actual_cli9telemetry8reporter5testss_35test_report_opt_out_via_env_var_yes
FNDA:1,_RNvNtNtNtCsaaHnVZhbheU_10actual_cli9telemetry8reporter5testss_36test_report_network_failure_no_panic
FNDA:1,_RNvNtNtNtCsaaHnVZhbheU_10actual_cli9telemetry8reporter5testss_36test_report_opt_out_via_env_var_true
FNDA:1,_RNvNtNtNtCsaaHnVZhbheU_10actual_cli9telemetry8reporter5testss_37test_try_report_returns_ok_on_success
FNDA:1,_RNvNtNtNtCsaaHnVZhbheU_10actual_cli9telemetry8reporter5testss_39test_report_sends_post_with_auth_header
FNDA:1,_RNvNtNtNtCsaaHnVZhbheU_10actual_cli9telemetry8reporter5testss_43test_report_not_opted_out_via_empty_env_var
FNDA:1,_RNvNtNtNtCsaaHnVZhbheU_10actual_cli9telemetry8reporter5testss_46test_try_report_returns_err_on_network_failure
FNF:37
FNH:27
DA:23,7
DA:24,7
DA:25,7
DA:31,9
DA:32,9
DA:33,9
DA:34,9
DA:35,9
DA:37,9
DA:38,9
DA:39,9
DA:40,9
DA:42,3
DA:43,6
DA:46,6
DA:47,6
DA:48,6
DA:49,6
DA:50,6
DA:52,1
DA:53,5
DA:55,5
DA:56,5
DA:57,5
DA:58,9
DA:66,9
DA:67,9
DA:68,9
DA:69,9
DA:70,9
DA:71,9
DA:72,9
DA:73,9
DA:74,9
DA:75,9
DA:78,1
DA:79,1
DA:80,1
DA:82,1
DA:83,1
DA:84,1
DA:85,1
DA:86,1
DA:87,1
DA:88,1
DA:89,1
DA:91,1
DA:92,1
DA:94,1
DA:95,1
DA:96,1
DA:99,1
DA:100,1
DA:101,1
DA:103,1
DA:104,1
DA:105,1
DA:106,1
DA:107,1
DA:108,1
DA:110,1
DA:111,1
DA:113,1
DA:114,1
DA:115,1
DA:116,1
DA:119,1
DA:120,1
DA:121,1
DA:123,1
DA:124,1
DA:126,1
DA:127,1
DA:128,1
DA:131,1
DA:134,1
DA:135,1
DA:137,1
DA:138,1
DA:139,1
DA:140,1
DA:141,1
DA:142,1
DA:144,1
DA:145,1
DA:146,1
DA:147,1
DA:148,1
DA:149,1
DA:150,1
DA:152,1
DA:153,1
DA:154,1
DA:157,1
DA:158,1
DA:159,1
DA:161,1
DA:162,1
DA:163,1
DA:164,1
DA:165,1
DA:166,1
DA:168,1
DA:169,1
DA:171,1
DA:172,1
DA:173,1
DA:176,1
DA:177,1
DA:178,1
DA:180,1
DA:181,1
DA:182,1
DA:183,1
DA:184,1
DA:185,1
DA:187,1
DA:188,1
DA:190,1
DA:191,1
DA:192,1
DA:195,1
DA:196,1
DA:197,1
DA:199,1
DA:200,1
DA:201,1
DA:202,1
DA:203,1
DA:204,1
DA:206,1
DA:207,1
DA:209,1
DA:210,1
DA:211,1
DA:214,1
DA:215,1
DA:216,1
DA:218,1
DA:219,1
DA:220,1
DA:221,1
DA:222,1
DA:223,1
DA:225,1
DA:226,1
DA:228,1
DA:229,1
DA:230,1
DA:233,1
DA:234,1
DA:235,1
DA:237,1
DA:238,1
DA:240,1
DA:241,1
DA:244,1
DA:245,1
DA:246,273
DA:247,273
DA:248,3
DA:249,3
DA:250,3
DA:251,273
DA:252,1
DA:253,1
DA:256,1
DA:257,1
DA:259,1
DA:260,1
DA:264,1
DA:265,1
DA:266,1
DA:271,1
DA:272,1
BRF:0
BRH:0
LF:207
LH:197
end_of_record
SF:/Users/poile/repos/actualai/actual-cli/.worktrees/bcl4/src/testutil.rs
FN:60,_RNvXs_NtCsaaHnVZhbheU_10actual_cli8testutilNtB4_8EnvGuardNtNtNtCsd2KPTObkMr_4core3ops4drop4Drop4drop
FN:27,_RNvMNtCsaaHnVZhbheU_10actual_cli8testutilNtB2_8EnvGuard3set
FN:45,_RNvMNtCsaaHnVZhbheU_10actual_cli8testutilNtB2_8EnvGuard6remove
FNDA:91,_RNvXs_NtCsaaHnVZhbheU_10actual_cli8testutilNtB4_8EnvGuardNtNtNtCsd2KPTObkMr_4core3ops4drop4Drop4drop
FNDA:58,_RNvMNtCsaaHnVZhbheU_10actual_cli8testutilNtB2_8EnvGuard3set
FNDA:33,_RNvMNtCsaaHnVZhbheU_10actual_cli8testutilNtB2_8EnvGuard6remove
FNF:3
FNH:3
DA:27,58
DA:28,58
DA:32,58
DA:34,58
DA:35,58
DA:36,58
DA:37,58
DA:38,58
DA:45,33
DA:46,33
DA:50,33
DA:52,33
DA:53,33
DA:54,33
DA:55,33
DA:56,33
DA:60,91
DA:61,91
DA:62,4
DA:66,4
DA:73,87
DA:77,91
BRF:0
BRH:0
LF:22
LH:22
end_of_record