Filename                      Regions    Missed Regions     Cover   Functions  Missed Functions  Executed       Lines      Missed Lines     Cover    Branches   Missed Branches     Cover
-----------------------------------------------------------------------------------------------------------------------------------------------------------------------------------------
analysis/types.rs                 107                 0   100.00%           4                 0   100.00%          74                 0   100.00%           0                 0         -
api/types.rs                      342                 0   100.00%          12                 0   100.00%         300                 0   100.00%           0                 0         -
claude/binary.rs                   75                 2    97.33%           5                 0   100.00%          42                 0   100.00%           0                 0         -
claude/prompts.rs                  92                 0   100.00%          11                 0   100.00%          80                 0   100.00%           0                 0         -
claude/schemas.rs                  75                 0   100.00%           6                 0   100.00%          36                 0   100.00%           0                 0         -
cli/commands/auth.rs                4                 0   100.00%           1                 0   100.00%           4                 0   100.00%           0                 0         -
cli/commands/config.rs              9                 0   100.00%           1                 0   100.00%           9                 0   100.00%           0                 0         -
cli/commands/status.rs              4                 0   100.00%           1                 0   100.00%           4                 0   100.00%           0                 0         -
cli/commands/sync.rs                4                 0   100.00%           1                 0   100.00%           4                 0   100.00%           0                 0         -
config/types.rs                   100                 0   100.00%           5                 0   100.00%          56                 0   100.00%           0                 0         -
error.rs                           87                 0   100.00%           3                 0   100.00%          64                 0   100.00%           0                 0         -
generation/markers.rs             262                 3    98.85%          24                 1    95.83%         147                 2    98.64%           0                 0         -
lib.rs                             13                 0   100.00%           1                 0   100.00%           7                 0   100.00%           0                 0         -
tailoring/types.rs                 92                 0   100.00%           3                 0   100.00%          87                 0   100.00%           0                 0         -
-----------------------------------------------------------------------------------------------------------------------------------------------------------------------------------------
TOTAL                            1266                 5    99.61%          78                 1    98.72%         914                 2    99.78%           0                 0         -
